config file path : config.ini
[2022-03-06 11:33:50] Initializing...
FISCO-BCOS Version : 2.8.0
Build Time         : 20210830 12:52:15
Build Type         : Linux/clang/Release
Git Branch         : HEAD
Git Commit Hash    : 30fb38ac5692468058abf6aa12869d2ae776c275
[2022-03-06 11:33:50] The FISCO-BCOS is running...
config file path : config.ini
[2022-03-13 14:57:59] Initializing...
FISCO-BCOS Version : 2.8.0
Build Time         : 20210830 12:52:15
Build Type         : Linux/clang/Release
Git Branch         : HEAD
Git Commit Hash    : 30fb38ac5692468058abf6aa12869d2ae776c275
[2022-03-13 14:58:00] The FISCO-BCOS is running...
config file path : config.ini
[2022-03-18 21:19:42] Initializing...
FISCO-BCOS Version : 2.8.0
Build Time         : 20210830 12:52:15
Build Type         : Linux/clang/Release
Git Branch         : HEAD
Git Commit Hash    : 30fb38ac5692468058abf6aa12869d2ae776c275
[2022-03-18 21:19:42] The FISCO-BCOS is running...
config file path : config.ini
[2022-03-22 12:13:17] Initializing...
FISCO-BCOS Version : 2.8.0
Build Time         : 20210830 12:52:15
Build Type         : Linux/clang/Release
Git Branch         : HEAD
Git Commit Hash    : 30fb38ac5692468058abf6aa12869d2ae776c275
[2022-03-22 12:13:19] The FISCO-BCOS is running...
config file path : config.ini
[2022-03-27 09:37:23] Initializing...
FISCO-BCOS Version : 2.8.0
Build Time         : 20210830 12:52:15
Build Type         : Linux/clang/Release
Git Branch         : HEAD
Git Commit Hash    : 30fb38ac5692468058abf6aa12869d2ae776c275
[2022-03-27 09:37:25] The FISCO-BCOS is running...
config file path : config.ini
[2022-03-27 23:02:01] Initializing...
FISCO-BCOS Version : 2.8.0
Build Time         : 20210830 12:52:15
Build Type         : Linux/clang/Release
Git Branch         : HEAD
Git Commit Hash    : 30fb38ac5692468058abf6aa12869d2ae776c275
[2022-03-27 23:02:02] The FISCO-BCOS is running...
config file path : config.ini
[2022-03-30 20:41:35] Initializing...
FISCO-BCOS Version : 2.8.0
Build Time         : 20210830 12:52:15
Build Type         : Linux/clang/Release
Git Branch         : HEAD
Git Commit Hash    : 30fb38ac5692468058abf6aa12869d2ae776c275
[2022-03-30 20:41:36] The FISCO-BCOS is running...
config file path : config.ini
[2022-04-01 12:29:58] Initializing...
FISCO-BCOS Version : 2.8.0
Build Time         : 20210830 12:52:15
Build Type         : Linux/clang/Release
Git Branch         : HEAD
Git Commit Hash    : 30fb38ac5692468058abf6aa12869d2ae776c275
[2022-04-01 12:29:59] The FISCO-BCOS is running...
config file path : config.ini
[2022-04-03 19:00:29] Initializing...
FISCO-BCOS Version : 2.8.0
Build Time         : 20210830 12:52:15
Build Type         : Linux/clang/Release
Git Branch         : HEAD
Git Commit Hash    : 30fb38ac5692468058abf6aa12869d2ae776c275
[2022-04-03 19:00:30] The FISCO-BCOS is running...
config file path : config.ini
[2022-04-10 18:39:34] Initializing...
FISCO-BCOS Version : 2.8.0
Build Time         : 20210830 12:52:15
Build Type         : Linux/clang/Release
Git Branch         : HEAD
Git Commit Hash    : 30fb38ac5692468058abf6aa12869d2ae776c275
[2022-04-10 18:39:36] The FISCO-BCOS is running...
config file path : config.ini
[2022-04-11 11:47:08] Initializing...
FISCO-BCOS Version : 2.8.0
Build Time         : 20210830 12:52:15
Build Type         : Linux/clang/Release
Git Branch         : HEAD
Git Commit Hash    : 30fb38ac5692468058abf6aa12869d2ae776c275
[2022-04-11 11:47:10] The FISCO-BCOS is running...
config file path : config.ini
[2022-04-11 17:20:03] Initializing...
FISCO-BCOS Version : 2.8.0
Build Time         : 20210830 12:52:15
Build Type         : Linux/clang/Release
Git Branch         : HEAD
Git Commit Hash    : 30fb38ac5692468058abf6aa12869d2ae776c275
[2022-04-11 17:20:03] The FISCO-BCOS is running...
config file path : config.ini
[2022-04-14 12:58:28] Initializing...
FISCO-BCOS Version : 2.8.0
Build Time         : 20210830 12:52:15
Build Type         : Linux/clang/Release
Git Branch         : HEAD
Git Commit Hash    : 30fb38ac5692468058abf6aa12869d2ae776c275
[2022-04-14 12:58:29] The FISCO-BCOS is running...
config file path : config.ini
[2022-05-02 12:26:49] Initializing...
FISCO-BCOS Version : 2.8.0
Build Time         : 20210830 12:52:15
Build Type         : Linux/clang/Release
Git Branch         : HEAD
Git Commit Hash    : 30fb38ac5692468058abf6aa12869d2ae776c275
[2022-05-02 12:26:50] The FISCO-BCOS is running...
config file path : config.ini
[2022-05-02 13:00:57] Initializing...
FISCO-BCOS Version : 2.8.0
Build Time         : 20210830 12:52:15
Build Type         : Linux/clang/Release
Git Branch         : HEAD
Git Commit Hash    : 30fb38ac5692468058abf6aa12869d2ae776c275
[2022-05-02 13:00:57] The FISCO-BCOS is running...
config file path : config.ini
[2022-05-13 11:06:18] Initializing...
FISCO-BCOS Version : 2.8.0
Build Time         : 20210830 12:52:15
Build Type         : Linux/clang/Release
Git Branch         : HEAD
Git Commit Hash    : 30fb38ac5692468058abf6aa12869d2ae776c275
[2022-05-13 11:06:22] The FISCO-BCOS is running...
config file path : config.ini
[2022-05-15 08:55:45] Initializing...
FISCO-BCOS Version : 2.8.0
Build Time         : 20210830 12:52:15
Build Type         : Linux/clang/Release
Git Branch         : HEAD
Git Commit Hash    : 30fb38ac5692468058abf6aa12869d2ae776c275
[2022-05-15 08:55:45] The FISCO-BCOS is running...
