
  .   ____          _            __ _ _
 /\\ / ___'_ __ _ _(_)_ __  __ _ \ \ \ \
( ( )\___ | '_ | '_| | '_ \/ _` | \ \ \ \
 \\/  ___)| |_)| | | | | || (_| |  ) ) ) )
  '  |____| .__|_| |_|_| |_\__, | / / / /
 =========|_|==============|___/=/_/_/_/
 :: Spring Boot ::       (v1.5.22.RELEASE)

三月 06, 2022 11:35:24 上午 org.apache.coyote.AbstractProtocol init
信息: Initializing ProtocolHandler ["http-nio-5022"]
三月 06, 2022 11:35:24 上午 org.apache.catalina.core.StandardService startInternal
信息: Starting service [Tomcat]
三月 06, 2022 11:35:24 上午 org.apache.catalina.core.StandardEngine startInternal
信息: Starting Servlet Engine: Apache Tomcat/8.5.56
三月 06, 2022 11:35:24 上午 org.apache.catalina.core.ApplicationContext log
信息: Initializing Spring embedded WebApplicationContext
三月 06, 2022 11:35:30 上午 org.apache.coyote.AbstractProtocol start
信息: Starting ProtocolHandler ["http-nio-5022"]
三月 06, 2022 11:35:30 上午 org.apache.tomcat.util.net.NioSelectorPool getSharedSelector
信息: Using a shared selector for servlet write/read
三月 06, 2022 11:39:39 上午 org.apache.catalina.core.ApplicationContext log
信息: Initializing Spring FrameworkServlet 'dispatcherServlet'

  .   ____          _            __ _ _
 /\\ / ___'_ __ _ _(_)_ __  __ _ \ \ \ \
( ( )\___ | '_ | '_| | '_ \/ _` | \ \ \ \
 \\/  ___)| |_)| | | | | || (_| |  ) ) ) )
  '  |____| .__|_| |_|_| |_\__, | / / / /
 =========|_|==============|___/=/_/_/_/
 :: Spring Boot ::       (v1.5.22.RELEASE)

三月 13, 2022 2:58:35 下午 org.apache.coyote.AbstractProtocol init
信息: Initializing ProtocolHandler ["http-nio-5022"]
三月 13, 2022 2:58:35 下午 org.apache.catalina.core.StandardService startInternal
信息: Starting service [Tomcat]
三月 13, 2022 2:58:35 下午 org.apache.catalina.core.StandardEngine startInternal
信息: Starting Servlet Engine: Apache Tomcat/8.5.56
三月 13, 2022 2:58:36 下午 org.apache.catalina.core.ApplicationContext log
信息: Initializing Spring embedded WebApplicationContext
三月 13, 2022 2:59:34 下午 org.apache.coyote.AbstractProtocol start
信息: Starting ProtocolHandler ["http-nio-5022"]
三月 13, 2022 2:59:34 下午 org.apache.tomcat.util.net.NioSelectorPool getSharedSelector
信息: Using a shared selector for servlet write/read
三月 13, 2022 3:09:02 下午 org.apache.catalina.core.ApplicationContext log
信息: Initializing Spring FrameworkServlet 'dispatcherServlet'

  .   ____          _            __ _ _
 /\\ / ___'_ __ _ _(_)_ __  __ _ \ \ \ \
( ( )\___ | '_ | '_| | '_ \/ _` | \ \ \ \
 \\/  ___)| |_)| | | | | || (_| |  ) ) ) )
  '  |____| .__|_| |_|_| |_\__, | / / / /
 =========|_|==============|___/=/_/_/_/
 :: Spring Boot ::       (v1.5.22.RELEASE)

三月 18, 2022 9:20:16 下午 org.apache.coyote.AbstractProtocol init
信息: Initializing ProtocolHandler ["http-nio-5022"]
三月 18, 2022 9:20:16 下午 org.apache.catalina.core.StandardService startInternal
信息: Starting service [Tomcat]
三月 18, 2022 9:20:16 下午 org.apache.catalina.core.StandardEngine startInternal
信息: Starting Servlet Engine: Apache Tomcat/8.5.56
三月 18, 2022 9:20:17 下午 org.apache.catalina.core.ApplicationContext log
信息: Initializing Spring embedded WebApplicationContext
三月 18, 2022 9:21:16 下午 org.apache.coyote.AbstractProtocol start
信息: Starting ProtocolHandler ["http-nio-5022"]
三月 18, 2022 9:21:16 下午 org.apache.tomcat.util.net.NioSelectorPool getSharedSelector
信息: Using a shared selector for servlet write/read
三月 18, 2022 9:21:28 下午 org.apache.catalina.core.ApplicationContext log
信息: Initializing Spring FrameworkServlet 'dispatcherServlet'

  .   ____          _            __ _ _
 /\\ / ___'_ __ _ _(_)_ __  __ _ \ \ \ \
( ( )\___ | '_ | '_| | '_ \/ _` | \ \ \ \
 \\/  ___)| |_)| | | | | || (_| |  ) ) ) )
  '  |____| .__|_| |_|_| |_\__, | / / / /
 =========|_|==============|___/=/_/_/_/
 :: Spring Boot ::       (v1.5.22.RELEASE)

三月 22, 2022 12:13:36 下午 org.apache.coyote.AbstractProtocol init
信息: Initializing ProtocolHandler ["http-nio-5022"]
三月 22, 2022 12:13:36 下午 org.apache.catalina.core.StandardService startInternal
信息: Starting service [Tomcat]
三月 22, 2022 12:13:36 下午 org.apache.catalina.core.StandardEngine startInternal
信息: Starting Servlet Engine: Apache Tomcat/8.5.56
三月 22, 2022 12:13:36 下午 org.apache.catalina.core.ApplicationContext log
信息: Initializing Spring embedded WebApplicationContext
三月 22, 2022 12:13:55 下午 org.apache.coyote.AbstractProtocol start
信息: Starting ProtocolHandler ["http-nio-5022"]
三月 22, 2022 12:13:55 下午 org.apache.tomcat.util.net.NioSelectorPool getSharedSelector
信息: Using a shared selector for servlet write/read
三月 22, 2022 12:13:55 下午 org.apache.catalina.core.ApplicationContext log
信息: Initializing Spring FrameworkServlet 'dispatcherServlet'

  .   ____          _            __ _ _
 /\\ / ___'_ __ _ _(_)_ __  __ _ \ \ \ \
( ( )\___ | '_ | '_| | '_ \/ _` | \ \ \ \
 \\/  ___)| |_)| | | | | || (_| |  ) ) ) )
  '  |____| .__|_| |_|_| |_\__, | / / / /
 =========|_|==============|___/=/_/_/_/
 :: Spring Boot ::       (v1.5.22.RELEASE)

三月 27, 2022 9:37:52 上午 org.apache.coyote.AbstractProtocol init
信息: Initializing ProtocolHandler ["http-nio-5022"]
三月 27, 2022 9:37:52 上午 org.apache.catalina.core.StandardService startInternal
信息: Starting service [Tomcat]
三月 27, 2022 9:37:52 上午 org.apache.catalina.core.StandardEngine startInternal
信息: Starting Servlet Engine: Apache Tomcat/8.5.56
三月 27, 2022 9:37:53 上午 org.apache.catalina.core.ApplicationContext log
信息: Initializing Spring embedded WebApplicationContext
三月 27, 2022 9:38:09 上午 org.apache.coyote.AbstractProtocol start
信息: Starting ProtocolHandler ["http-nio-5022"]
三月 27, 2022 9:38:09 上午 org.apache.tomcat.util.net.NioSelectorPool getSharedSelector
信息: Using a shared selector for servlet write/read
三月 27, 2022 9:41:38 上午 org.apache.catalina.core.ApplicationContext log
信息: Initializing Spring FrameworkServlet 'dispatcherServlet'

  .   ____          _            __ _ _
 /\\ / ___'_ __ _ _(_)_ __  __ _ \ \ \ \
( ( )\___ | '_ | '_| | '_ \/ _` | \ \ \ \
 \\/  ___)| |_)| | | | | || (_| |  ) ) ) )
  '  |____| .__|_| |_|_| |_\__, | / / / /
 =========|_|==============|___/=/_/_/_/
 :: Spring Boot ::       (v1.5.22.RELEASE)

三月 27, 2022 11:02:18 下午 org.apache.coyote.AbstractProtocol init
信息: Initializing ProtocolHandler ["http-nio-5022"]
三月 27, 2022 11:02:19 下午 org.apache.catalina.core.StandardService startInternal
信息: Starting service [Tomcat]
三月 27, 2022 11:02:19 下午 org.apache.catalina.core.StandardEngine startInternal
信息: Starting Servlet Engine: Apache Tomcat/8.5.56
三月 27, 2022 11:02:19 下午 org.apache.catalina.core.ApplicationContext log
信息: Initializing Spring embedded WebApplicationContext
三月 27, 2022 11:02:47 下午 org.apache.coyote.AbstractProtocol start
信息: Starting ProtocolHandler ["http-nio-5022"]
三月 27, 2022 11:02:47 下午 org.apache.tomcat.util.net.NioSelectorPool getSharedSelector
信息: Using a shared selector for servlet write/read
三月 27, 2022 11:05:24 下午 org.apache.catalina.core.ApplicationContext log
信息: Initializing Spring FrameworkServlet 'dispatcherServlet'

  .   ____          _            __ _ _
 /\\ / ___'_ __ _ _(_)_ __  __ _ \ \ \ \
( ( )\___ | '_ | '_| | '_ \/ _` | \ \ \ \
 \\/  ___)| |_)| | | | | || (_| |  ) ) ) )
  '  |____| .__|_| |_|_| |_\__, | / / / /
 =========|_|==============|___/=/_/_/_/
 :: Spring Boot ::       (v1.5.22.RELEASE)

三月 30, 2022 8:42:58 下午 org.apache.coyote.AbstractProtocol init
信息: Initializing ProtocolHandler ["http-nio-5022"]
三月 30, 2022 8:42:58 下午 org.apache.catalina.core.StandardService startInternal
信息: Starting service [Tomcat]
三月 30, 2022 8:42:58 下午 org.apache.catalina.core.StandardEngine startInternal
信息: Starting Servlet Engine: Apache Tomcat/8.5.56
三月 30, 2022 8:43:00 下午 org.apache.catalina.core.ApplicationContext log
信息: Initializing Spring embedded WebApplicationContext
三月 30, 2022 8:43:38 下午 org.apache.coyote.AbstractProtocol start
信息: Starting ProtocolHandler ["http-nio-5022"]
三月 30, 2022 8:43:38 下午 org.apache.tomcat.util.net.NioSelectorPool getSharedSelector
信息: Using a shared selector for servlet write/read
三月 30, 2022 8:53:32 下午 org.apache.catalina.core.ApplicationContext log
信息: Initializing Spring FrameworkServlet 'dispatcherServlet'

  .   ____          _            __ _ _
 /\\ / ___'_ __ _ _(_)_ __  __ _ \ \ \ \
( ( )\___ | '_ | '_| | '_ \/ _` | \ \ \ \
 \\/  ___)| |_)| | | | | || (_| |  ) ) ) )
  '  |____| .__|_| |_|_| |_\__, | / / / /
 =========|_|==============|___/=/_/_/_/
 :: Spring Boot ::       (v1.5.22.RELEASE)

四月 01, 2022 12:30:17 下午 org.apache.coyote.AbstractProtocol init
信息: Initializing ProtocolHandler ["http-nio-5022"]
四月 01, 2022 12:30:17 下午 org.apache.catalina.core.StandardService startInternal
信息: Starting service [Tomcat]
四月 01, 2022 12:30:17 下午 org.apache.catalina.core.StandardEngine startInternal
信息: Starting Servlet Engine: Apache Tomcat/8.5.56
四月 01, 2022 12:30:17 下午 org.apache.catalina.core.ApplicationContext log
信息: Initializing Spring embedded WebApplicationContext
四月 01, 2022 12:30:42 下午 org.apache.coyote.AbstractProtocol start
信息: Starting ProtocolHandler ["http-nio-5022"]
四月 01, 2022 12:30:42 下午 org.apache.tomcat.util.net.NioSelectorPool getSharedSelector
信息: Using a shared selector for servlet write/read
四月 01, 2022 12:30:43 下午 org.apache.catalina.core.ApplicationContext log
信息: Initializing Spring FrameworkServlet 'dispatcherServlet'

  .   ____          _            __ _ _
 /\\ / ___'_ __ _ _(_)_ __  __ _ \ \ \ \
( ( )\___ | '_ | '_| | '_ \/ _` | \ \ \ \
 \\/  ___)| |_)| | | | | || (_| |  ) ) ) )
  '  |____| .__|_| |_|_| |_\__, | / / / /
 =========|_|==============|___/=/_/_/_/
 :: Spring Boot ::       (v1.5.22.RELEASE)

四月 03, 2022 7:01:34 下午 org.apache.coyote.AbstractProtocol init
信息: Initializing ProtocolHandler ["http-nio-5022"]
四月 03, 2022 7:01:35 下午 org.apache.catalina.core.StandardService startInternal
信息: Starting service [Tomcat]
四月 03, 2022 7:01:35 下午 org.apache.catalina.core.StandardEngine startInternal
信息: Starting Servlet Engine: Apache Tomcat/8.5.56
四月 03, 2022 7:01:38 下午 org.apache.catalina.core.ApplicationContext log
信息: Initializing Spring embedded WebApplicationContext
四月 03, 2022 7:04:21 下午 org.apache.coyote.AbstractProtocol start
信息: Starting ProtocolHandler ["http-nio-5022"]
四月 03, 2022 7:04:22 下午 org.apache.tomcat.util.net.NioSelectorPool getSharedSelector
信息: Using a shared selector for servlet write/read
四月 03, 2022 7:05:08 下午 org.apache.catalina.core.ApplicationContext log
信息: Initializing Spring FrameworkServlet 'dispatcherServlet'

  .   ____          _            __ _ _
 /\\ / ___'_ __ _ _(_)_ __  __ _ \ \ \ \
( ( )\___ | '_ | '_| | '_ \/ _` | \ \ \ \
 \\/  ___)| |_)| | | | | || (_| |  ) ) ) )
  '  |____| .__|_| |_|_| |_\__, | / / / /
 =========|_|==============|___/=/_/_/_/
 :: Spring Boot ::       (v1.5.22.RELEASE)

四月 10, 2022 6:40:05 下午 org.apache.coyote.AbstractProtocol init
信息: Initializing ProtocolHandler ["http-nio-5022"]
四月 10, 2022 6:40:05 下午 org.apache.catalina.core.StandardService startInternal
信息: Starting service [Tomcat]
四月 10, 2022 6:40:05 下午 org.apache.catalina.core.StandardEngine startInternal
信息: Starting Servlet Engine: Apache Tomcat/8.5.56
四月 10, 2022 6:40:06 下午 org.apache.catalina.core.ApplicationContext log
信息: Initializing Spring embedded WebApplicationContext
四月 10, 2022 6:40:57 下午 org.apache.coyote.AbstractProtocol start
信息: Starting ProtocolHandler ["http-nio-5022"]
四月 10, 2022 6:40:57 下午 org.apache.tomcat.util.net.NioSelectorPool getSharedSelector
信息: Using a shared selector for servlet write/read
四月 10, 2022 6:40:59 下午 org.apache.catalina.core.ApplicationContext log
信息: Initializing Spring FrameworkServlet 'dispatcherServlet'

  .   ____          _            __ _ _
 /\\ / ___'_ __ _ _(_)_ __  __ _ \ \ \ \
( ( )\___ | '_ | '_| | '_ \/ _` | \ \ \ \
 \\/  ___)| |_)| | | | | || (_| |  ) ) ) )
  '  |____| .__|_| |_|_| |_\__, | / / / /
 =========|_|==============|___/=/_/_/_/
 :: Spring Boot ::       (v1.5.22.RELEASE)

四月 11, 2022 11:47:28 上午 org.apache.coyote.AbstractProtocol init
信息: Initializing ProtocolHandler ["http-nio-5022"]
四月 11, 2022 11:47:28 上午 org.apache.catalina.core.StandardService startInternal
信息: Starting service [Tomcat]
四月 11, 2022 11:47:28 上午 org.apache.catalina.core.StandardEngine startInternal
信息: Starting Servlet Engine: Apache Tomcat/8.5.56
四月 11, 2022 11:47:28 上午 org.apache.catalina.core.ApplicationContext log
信息: Initializing Spring embedded WebApplicationContext
四月 11, 2022 11:47:50 上午 org.apache.coyote.AbstractProtocol start
信息: Starting ProtocolHandler ["http-nio-5022"]
四月 11, 2022 11:47:50 上午 org.apache.tomcat.util.net.NioSelectorPool getSharedSelector
信息: Using a shared selector for servlet write/read
四月 11, 2022 11:47:53 上午 org.apache.catalina.core.ApplicationContext log
信息: Initializing Spring FrameworkServlet 'dispatcherServlet'

  .   ____          _            __ _ _
 /\\ / ___'_ __ _ _(_)_ __  __ _ \ \ \ \
( ( )\___ | '_ | '_| | '_ \/ _` | \ \ \ \
 \\/  ___)| |_)| | | | | || (_| |  ) ) ) )
  '  |____| .__|_| |_|_| |_\__, | / / / /
 =========|_|==============|___/=/_/_/_/
 :: Spring Boot ::       (v1.5.22.RELEASE)

四月 11, 2022 5:20:51 下午 org.apache.coyote.AbstractProtocol init
信息: Initializing ProtocolHandler ["http-nio-5022"]
四月 11, 2022 5:20:52 下午 org.apache.catalina.core.StandardService startInternal
信息: Starting service [Tomcat]
四月 11, 2022 5:20:52 下午 org.apache.catalina.core.StandardEngine startInternal
信息: Starting Servlet Engine: Apache Tomcat/8.5.56
四月 11, 2022 5:20:56 下午 org.apache.catalina.core.ApplicationContext log
信息: Initializing Spring embedded WebApplicationContext
四月 11, 2022 5:23:46 下午 org.apache.coyote.AbstractProtocol start
信息: Starting ProtocolHandler ["http-nio-5022"]
四月 11, 2022 5:23:46 下午 org.apache.tomcat.util.net.NioSelectorPool getSharedSelector
信息: Using a shared selector for servlet write/read
四月 11, 2022 5:31:10 下午 org.apache.catalina.core.ApplicationContext log
信息: Initializing Spring FrameworkServlet 'dispatcherServlet'

  .   ____          _            __ _ _
 /\\ / ___'_ __ _ _(_)_ __  __ _ \ \ \ \
( ( )\___ | '_ | '_| | '_ \/ _` | \ \ \ \
 \\/  ___)| |_)| | | | | || (_| |  ) ) ) )
  '  |____| .__|_| |_|_| |_\__, | / / / /
 =========|_|==============|___/=/_/_/_/
 :: Spring Boot ::       (v1.5.22.RELEASE)

四月 14, 2022 12:59:01 下午 org.apache.coyote.AbstractProtocol init
信息: Initializing ProtocolHandler ["http-nio-5022"]
四月 14, 2022 12:59:01 下午 org.apache.catalina.core.StandardService startInternal
信息: Starting service [Tomcat]
四月 14, 2022 12:59:01 下午 org.apache.catalina.core.StandardEngine startInternal
信息: Starting Servlet Engine: Apache Tomcat/8.5.56
四月 14, 2022 12:59:02 下午 org.apache.catalina.core.ApplicationContext log
信息: Initializing Spring embedded WebApplicationContext
四月 14, 2022 12:59:42 下午 org.apache.coyote.AbstractProtocol start
信息: Starting ProtocolHandler ["http-nio-5022"]
四月 14, 2022 12:59:42 下午 org.apache.tomcat.util.net.NioSelectorPool getSharedSelector
信息: Using a shared selector for servlet write/read
四月 14, 2022 1:00:26 下午 org.apache.catalina.core.ApplicationContext log
信息: Initializing Spring FrameworkServlet 'dispatcherServlet'

  .   ____          _            __ _ _
 /\\ / ___'_ __ _ _(_)_ __  __ _ \ \ \ \
( ( )\___ | '_ | '_| | '_ \/ _` | \ \ \ \
 \\/  ___)| |_)| | | | | || (_| |  ) ) ) )
  '  |____| .__|_| |_|_| |_\__, | / / / /
 =========|_|==============|___/=/_/_/_/
 :: Spring Boot ::       (v1.5.22.RELEASE)

五月 02, 2022 12:27:18 下午 org.apache.coyote.AbstractProtocol init
信息: Initializing ProtocolHandler ["http-nio-5022"]
五月 02, 2022 12:27:18 下午 org.apache.catalina.core.StandardService startInternal
信息: Starting service [Tomcat]
五月 02, 2022 12:27:18 下午 org.apache.catalina.core.StandardEngine startInternal
信息: Starting Servlet Engine: Apache Tomcat/8.5.56
五月 02, 2022 12:27:20 下午 org.apache.catalina.core.ApplicationContext log
信息: Initializing Spring embedded WebApplicationContext
五月 02, 2022 12:28:03 下午 org.apache.coyote.AbstractProtocol start
信息: Starting ProtocolHandler ["http-nio-5022"]
五月 02, 2022 12:28:03 下午 org.apache.tomcat.util.net.NioSelectorPool getSharedSelector
信息: Using a shared selector for servlet write/read
五月 02, 2022 12:37:59 下午 org.apache.catalina.core.ApplicationContext log
信息: Initializing Spring FrameworkServlet 'dispatcherServlet'

  .   ____          _            __ _ _
 /\\ / ___'_ __ _ _(_)_ __  __ _ \ \ \ \
( ( )\___ | '_ | '_| | '_ \/ _` | \ \ \ \
 \\/  ___)| |_)| | | | | || (_| |  ) ) ) )
  '  |____| .__|_| |_|_| |_\__, | / / / /
 =========|_|==============|___/=/_/_/_/
 :: Spring Boot ::       (v1.5.22.RELEASE)

五月 02, 2022 1:02:08 下午 org.apache.coyote.AbstractProtocol init
信息: Initializing ProtocolHandler ["http-nio-5022"]
五月 02, 2022 1:02:09 下午 org.apache.catalina.core.StandardService startInternal
信息: Starting service [Tomcat]
五月 02, 2022 1:02:09 下午 org.apache.catalina.core.StandardEngine startInternal
信息: Starting Servlet Engine: Apache Tomcat/8.5.56
五月 02, 2022 1:02:14 下午 org.apache.catalina.core.ApplicationContext log
信息: Initializing Spring embedded WebApplicationContext
五月 02, 2022 1:03:30 下午 org.apache.coyote.AbstractProtocol start
信息: Starting ProtocolHandler ["http-nio-5022"]
五月 02, 2022 1:03:30 下午 org.apache.tomcat.util.net.NioSelectorPool getSharedSelector
信息: Using a shared selector for servlet write/read
五月 02, 2022 1:05:52 下午 org.apache.catalina.core.ApplicationContext log
信息: Initializing Spring FrameworkServlet 'dispatcherServlet'

  .   ____          _            __ _ _
 /\\ / ___'_ __ _ _(_)_ __  __ _ \ \ \ \
( ( )\___ | '_ | '_| | '_ \/ _` | \ \ \ \
 \\/  ___)| |_)| | | | | || (_| |  ) ) ) )
  '  |____| .__|_| |_|_| |_\__, | / / / /
 =========|_|==============|___/=/_/_/_/
 :: Spring Boot ::       (v1.5.22.RELEASE)

五月 13, 2022 11:06:59 上午 org.apache.coyote.AbstractProtocol init
信息: Initializing ProtocolHandler ["http-nio-5022"]
五月 13, 2022 11:07:00 上午 org.apache.catalina.core.StandardService startInternal
信息: Starting service [Tomcat]
五月 13, 2022 11:07:00 上午 org.apache.catalina.core.StandardEngine startInternal
信息: Starting Servlet Engine: Apache Tomcat/8.5.56
五月 13, 2022 11:07:01 上午 org.apache.catalina.core.ApplicationContext log
信息: Initializing Spring embedded WebApplicationContext
五月 13, 2022 11:07:58 上午 org.apache.coyote.AbstractProtocol start
信息: Starting ProtocolHandler ["http-nio-5022"]
五月 13, 2022 11:07:58 上午 org.apache.tomcat.util.net.NioSelectorPool getSharedSelector
信息: Using a shared selector for servlet write/read
五月 13, 2022 11:08:01 上午 org.apache.catalina.core.ApplicationContext log
信息: Initializing Spring FrameworkServlet 'dispatcherServlet'

  .   ____          _            __ _ _
 /\\ / ___'_ __ _ _(_)_ __  __ _ \ \ \ \
( ( )\___ | '_ | '_| | '_ \/ _` | \ \ \ \
 \\/  ___)| |_)| | | | | || (_| |  ) ) ) )
  '  |____| .__|_| |_|_| |_\__, | / / / /
 =========|_|==============|___/=/_/_/_/
 :: Spring Boot ::       (v1.5.22.RELEASE)

五月 15, 2022 8:55:59 上午 org.apache.coyote.AbstractProtocol init
信息: Initializing ProtocolHandler ["http-nio-5022"]
五月 15, 2022 8:55:59 上午 org.apache.catalina.core.StandardService startInternal
信息: Starting service [Tomcat]
五月 15, 2022 8:55:59 上午 org.apache.catalina.core.StandardEngine startInternal
信息: Starting Servlet Engine: Apache Tomcat/8.5.56
五月 15, 2022 8:56:00 上午 org.apache.catalina.core.ApplicationContext log
信息: Initializing Spring embedded WebApplicationContext
五月 15, 2022 8:56:21 上午 org.apache.coyote.AbstractProtocol start
信息: Starting ProtocolHandler ["http-nio-5022"]
五月 15, 2022 8:56:21 上午 org.apache.tomcat.util.net.NioSelectorPool getSharedSelector
信息: Using a shared selector for servlet write/read
五月 15, 2022 8:56:21 上午 org.apache.catalina.core.ApplicationContext log
信息: Initializing Spring FrameworkServlet 'dispatcherServlet'
