2022-05-15 08:55:55.151 [main] INFO  Application() - Starting Application on falchion-virtual-machine with PID 6924 (/home/falchion/WeBASE/webase-deploy/webase-front/apps/WeBASE-Front.jar started by falchion in /home/falchion/WeBASE/webase-deploy/webase-front)
2022-05-15 08:55:55.169 [main] INFO  Application() - No active profile set, falling back to default profiles: default
2022-05-15 08:55:55.268 [main] INFO  AnnotationConfigEmbeddedWebApplicationContext() - Refreshing org.springframework.boot.context.embedded.AnnotationConfigEmbeddedWebApplicationContext@2415fc55: startup date [Sun May 15 08:55:55 CST 2022]; root of context hierarchy
2022-05-15 08:55:56.199 [background-preinit] INFO  Version() - HV000001: Hibernate Validator 5.3.6.Final
2022-05-15 08:55:59.100 [main] INFO  PostProcessorRegistrationDelegate$BeanPostProcessorChecker() - Bean 'org.springframework.amqp.rabbit.annotation.RabbitBootstrapConfiguration' of type [org.springframework.amqp.rabbit.annotation.RabbitBootstrapConfiguration$$EnhancerBySpringCGLIB$$131f43cf] is not eligible for getting processed by all BeanPostProcessors (for example: not eligible for auto-proxying)
2022-05-15 08:55:59.843 [main] INFO  TomcatEmbeddedServletContainer() - Tomcat initialized with port(s): 5022 (http)
2022-05-15 08:56:00.395 [localhost-startStop-1] INFO  ContextLoader() - Root WebApplicationContext: initialization completed in 5131 ms
2022-05-15 08:56:00.764 [localhost-startStop-1] INFO  ServletRegistrationBean() - Mapping servlet: 'dispatcherServlet' to [/]
2022-05-15 08:56:00.768 [localhost-startStop-1] INFO  ServletRegistrationBean() - Mapping servlet: 'webServlet' to [/console/*]
2022-05-15 08:56:00.771 [localhost-startStop-1] INFO  FilterRegistrationBean() - Mapping filter: 'characterEncodingFilter' to: [/*]
2022-05-15 08:56:00.771 [localhost-startStop-1] INFO  FilterRegistrationBean() - Mapping filter: 'hiddenHttpMethodFilter' to: [/*]
2022-05-15 08:56:00.771 [localhost-startStop-1] INFO  FilterRegistrationBean() - Mapping filter: 'httpPutFormContentFilter' to: [/*]
2022-05-15 08:56:00.771 [localhost-startStop-1] INFO  FilterRegistrationBean() - Mapping filter: 'requestContextFilter' to: [/*]
2022-05-15 08:56:01.621 [main] INFO  LocalContainerEntityManagerFactoryBean() - Building JPA container EntityManagerFactory for persistence unit 'default'
2022-05-15 08:56:01.684 [main] INFO  LogHelper() - HHH000204: Processing PersistenceUnitInfo [
	name: default
	...]
2022-05-15 08:56:01.950 [main] INFO  Version() - HHH000412: Hibernate Core {5.0.12.Final}
2022-05-15 08:56:01.951 [main] INFO  Environment() - HHH000206: hibernate.properties not found
2022-05-15 08:56:01.961 [main] INFO  Environment() - HHH000021: Bytecode provider name : javassist
2022-05-15 08:56:02.081 [main] INFO  Version() - HCANN000001: Hibernate Commons Annotations {5.0.1.Final}
2022-05-15 08:56:04.124 [main] INFO  Dialect() - HHH000400: Using dialect: org.hibernate.dialect.H2Dialect
2022-05-15 08:56:04.512 [main] WARN  UUIDHexGenerator() - HHH000409: Using org.hibernate.id.UUIDHexGenerator which does not generate IETF RFC 4122 compliant UUID values; consider using org.hibernate.id.UUIDGenerator instead
2022-05-15 08:56:05.135 [main] INFO  SchemaUpdate() - HHH000228: Running hbm2ddl schema update
2022-05-15 08:56:06.770 [main] INFO  LocalContainerEntityManagerFactoryBean() - Initialized JPA EntityManagerFactory for persistence unit 'default'
2022-05-15 08:56:07.716 [main] INFO  Web3Config() - start init ConfigProperty
2022-05-15 08:56:07.720 [main] INFO  Web3Config() - init cert cryptoMaterial:{certPath=conf}, (using conf as cert path)
2022-05-15 08:56:07.722 [main] INFO  Web3Config() - init node network property :[127.0.0.1:20222]
2022-05-15 08:56:07.722 [main] INFO  Web3Config() - init thread pool property
2022-05-15 08:56:07.722 [main] INFO  Web3Config() - init thread pool property:{maxBlockingQueueSize=100, channelProcessorThreadSize=50, receiptProcessorThreadSize=50}
2022-05-15 08:56:07.723 [main] INFO  Web3Config() - init configOption from configProperty
2022-05-15 08:56:07.821 [main] INFO  Web3Config() - init bcos sdk instance, please check sdk.log
2022-05-15 08:56:11.025 [main] INFO  Web3Config() - init client version
2022-05-15 08:56:11.043 [main] INFO  Web3Config() - get rpcWeb3j(only support rpc) client:org.fisco.bcos.sdk.client.ClientImpl@7f14bdd1
2022-05-15 08:56:11.736 [main] INFO  Web3Config() - getCommonSuite init encrypt type:0
2022-05-15 08:56:12.508 [main] INFO  QueryTranslatorFactoryInitiator() - HHH000397: Using ASTQueryTranslatorFactory
2022-05-15 08:56:15.082 [main] INFO  RequestMappingHandlerMapping() - Mapped "{[/contract/contractList/all/light],methods=[GET]}" onto public com.webank.webase.front.base.response.BasePageResponse com.webank.webase.front.contract.ContractController.findAll(java.lang.Integer,java.lang.Integer) throws com.webank.webase.front.base.exception.FrontException,java.io.IOException
2022-05-15 08:56:15.083 [main] INFO  RequestMappingHandlerMapping() - Mapped "{[/contract/findOne/{contractId}],methods=[GET]}" onto public com.webank.webase.front.base.response.BaseResponse com.webank.webase.front.contract.ContractController.findOne(java.lang.Integer)
2022-05-15 08:56:15.084 [main] INFO  RequestMappingHandlerMapping() - Mapped "{[/contract/deploy],methods=[POST]}" onto public java.lang.String com.webank.webase.front.contract.ContractController.deployLocal(com.webank.webase.front.contract.entity.ReqDeploy,org.springframework.validation.BindingResult) throws java.lang.Exception
2022-05-15 08:56:15.084 [main] INFO  RequestMappingHandlerMapping() - Mapped "{[/contract/deployWithSign],methods=[POST]}" onto public java.lang.String com.webank.webase.front.contract.ContractController.deploy(com.webank.webase.front.contract.entity.ReqDeploy,org.springframework.validation.BindingResult) throws java.lang.Exception
2022-05-15 08:56:15.084 [main] INFO  RequestMappingHandlerMapping() - Mapped "{[/contract/compile-java],methods=[POST]}" onto public org.springframework.http.ResponseEntity<org.springframework.core.io.InputStreamResource> com.webank.webase.front.contract.ContractController.compileJavaFile(com.webank.webase.front.contract.entity.ReqSendAbi,org.springframework.validation.BindingResult) throws com.webank.webase.front.base.exception.FrontException,java.io.IOException
2022-05-15 08:56:15.085 [main] INFO  RequestMappingHandlerMapping() - Mapped "{[/contract/{groupId}/{contractId}],methods=[DELETE]}" onto public com.webank.webase.front.base.response.BaseResponse com.webank.webase.front.contract.ContractController.deleteByContractId(java.lang.Integer,java.lang.Long) throws com.webank.webase.front.base.exception.FrontException
2022-05-15 08:56:15.087 [main] INFO  RequestMappingHandlerMapping() - Mapped "{[/contract/contractList],methods=[POST]}" onto public com.webank.webase.front.base.response.BasePageResponse com.webank.webase.front.contract.ContractController.findByPage(com.webank.webase.front.contract.entity.ReqPageContract,org.springframework.validation.BindingResult) throws com.webank.webase.front.base.exception.FrontException,java.io.IOException
2022-05-15 08:56:15.087 [main] INFO  RequestMappingHandlerMapping() - Mapped "{[/contract/ifChanged/{groupId}/{contractId}],methods=[GET]}" onto public boolean com.webank.webase.front.contract.ContractController.ifChanged(java.lang.Integer,java.lang.Long)
2022-05-15 08:56:15.087 [main] INFO  RequestMappingHandlerMapping() - Mapped "{[/contract/batch/{groupId}/{contractPath}],methods=[DELETE]}" onto public com.webank.webase.front.base.response.BaseResponse com.webank.webase.front.contract.ContractController.batchDeletePath(java.lang.Integer,java.lang.String)
2022-05-15 08:56:15.088 [main] INFO  RequestMappingHandlerMapping() - Mapped "{[/contract/registerCns],methods=[POST]}" onto public com.webank.webase.front.base.response.BaseResponse com.webank.webase.front.contract.ContractController.registerCns(com.webank.webase.front.contract.entity.ReqRegisterCns,org.springframework.validation.BindingResult) throws java.lang.Exception
2022-05-15 08:56:15.089 [main] INFO  RequestMappingHandlerMapping() - Mapped "{[/contract/abiInfo],methods=[POST]}" onto public org.springframework.http.ResponseEntity com.webank.webase.front.contract.ContractController.sendAbi(com.webank.webase.front.contract.entity.ReqSendAbi,org.springframework.validation.BindingResult) throws com.webank.webase.front.base.exception.FrontException
2022-05-15 08:56:15.089 [main] INFO  RequestMappingHandlerMapping() - Mapped "{[/contract/contractList/multiPath],methods=[POST]}" onto public com.webank.webase.front.base.response.BasePageResponse com.webank.webase.front.contract.ContractController.listByMultiPath(com.webank.webase.front.contract.entity.ReqListContract,org.springframework.validation.BindingResult)
2022-05-15 08:56:15.089 [main] INFO  RequestMappingHandlerMapping() - Mapped "{[/contract/copyContracts],methods=[POST]}" onto public com.webank.webase.front.base.response.BaseResponse com.webank.webase.front.contract.ContractController.copyContracts(com.webank.webase.front.contract.entity.ReqCopyContracts,org.springframework.validation.BindingResult) throws com.webank.webase.front.base.exception.FrontException
2022-05-15 08:56:15.090 [main] INFO  RequestMappingHandlerMapping() - Mapped "{[/contract/contractCompile],methods=[POST]}" onto public com.webank.webase.front.contract.entity.RspContractCompile com.webank.webase.front.contract.ContractController.contractCompile(com.webank.webase.front.contract.entity.ReqContractCompile,org.springframework.validation.BindingResult) throws com.webank.webase.front.base.exception.FrontException
2022-05-15 08:56:15.090 [main] INFO  RequestMappingHandlerMapping() - Mapped "{[/contract/multiContractCompile],methods=[POST]}" onto public java.util.List<com.webank.webase.front.contract.entity.RspMultiContractCompile> com.webank.webase.front.contract.ContractController.multiContractCompile(com.webank.webase.front.contract.entity.ReqMultiContractCompile,org.springframework.validation.BindingResult) throws com.webank.webase.front.base.exception.FrontException,java.io.IOException
2022-05-15 08:56:15.090 [main] INFO  RequestMappingHandlerMapping() - Mapped "{[/contract/addContractPath],methods=[POST]}" onto public com.webank.webase.front.contract.entity.ContractPath com.webank.webase.front.contract.ContractController.addContractPath(com.webank.webase.front.contract.entity.ReqContractPath)
2022-05-15 08:56:15.091 [main] INFO  RequestMappingHandlerMapping() - Mapped "{[/contract/findPathList/{groupId}],methods=[GET]}" onto public java.util.List<com.webank.webase.front.contract.entity.ContractPath> com.webank.webase.front.contract.ContractController.findPathList(java.lang.Integer) throws java.io.IOException
2022-05-15 08:56:15.092 [main] INFO  RequestMappingHandlerMapping() - Mapped "{[/contract/deletePath/{groupId}/{contractPath}],methods=[DELETE]}" onto public com.webank.webase.front.base.response.BaseResponse com.webank.webase.front.contract.ContractController.deletePath(java.lang.Integer,java.lang.String)
2022-05-15 08:56:15.093 [main] INFO  RequestMappingHandlerMapping() - Mapped "{[/contract/findCns],methods=[POST]}" onto public com.webank.webase.front.base.response.BaseResponse com.webank.webase.front.contract.ContractController.findCns(com.webank.webase.front.contract.entity.ReqQueryCns,org.springframework.validation.BindingResult) throws java.io.IOException
2022-05-15 08:56:15.093 [main] INFO  RequestMappingHandlerMapping() - Mapped "{[/contract/deleteAbi/{contractName}/{version:.+}],methods=[DELETE]}" onto public com.webank.webase.front.base.response.BaseResponse com.webank.webase.front.contract.ContractController.deleteAbi(java.lang.String,java.lang.String) throws com.webank.webase.front.base.exception.FrontException
2022-05-15 08:56:15.098 [main] INFO  RequestMappingHandlerMapping() - Mapped "{[/contract/save],methods=[POST]}" onto public com.webank.webase.front.contract.entity.Contract com.webank.webase.front.contract.ContractController.saveContract(com.webank.webase.front.contract.entity.ReqContractSave,org.springframework.validation.BindingResult) throws com.webank.webase.front.base.exception.FrontException
2022-05-15 08:56:15.100 [main] INFO  RequestMappingHandlerMapping() - Mapped "{[/performance],methods=[GET]}" onto public java.util.List<com.webank.webase.front.performance.result.PerformanceData> com.webank.webase.front.performance.PerformanceController.getPerformanceRatio(java.time.LocalDateTime,java.time.LocalDateTime,java.time.LocalDateTime,java.time.LocalDateTime,int) throws java.lang.Exception
2022-05-15 08:56:15.101 [main] INFO  RequestMappingHandlerMapping() - Mapped "{[/performance/pagingQuery],methods=[GET]}" onto public com.webank.webase.front.base.response.BasePageResponse com.webank.webase.front.performance.PerformanceController.getPerformanceByTime(java.lang.Integer,java.lang.Integer,java.time.LocalDateTime,java.time.LocalDateTime) throws java.lang.Exception
2022-05-15 08:56:15.102 [main] INFO  RequestMappingHandlerMapping() - Mapped "{[/performance/config],methods=[GET]}" onto public java.util.Map<java.lang.String, java.lang.String> com.webank.webase.front.performance.PerformanceController.getPerformanceConfig() throws org.hyperic.sigar.SigarException,java.net.UnknownHostException
2022-05-15 08:56:15.103 [main] INFO  RequestMappingHandlerMapping() - Mapped "{[/performance/toggle],methods=[GET]}" onto public java.lang.Object com.webank.webase.front.performance.PerformanceController.getScheduledStatus() throws java.lang.Exception
2022-05-15 08:56:15.103 [main] INFO  RequestMappingHandlerMapping() - Mapped "{[/performance/toggle],methods=[POST]}" onto public java.lang.Object com.webank.webase.front.performance.PerformanceController.toggleScheduledState(com.webank.webase.front.performance.entity.ToggleHandle) throws java.lang.Exception
2022-05-15 08:56:15.103 [main] INFO  RequestMappingHandlerMapping() - Mapped "{[/performance/pagingQuery/stat],methods=[GET]}" onto public com.webank.webase.front.base.response.BasePageResponse com.webank.webase.front.performance.PerformanceController.getPerformanceByTimeForStat(java.lang.Integer,java.lang.Integer,java.time.LocalDateTime,java.time.LocalDateTime) throws java.lang.Exception
2022-05-15 08:56:15.112 [main] INFO  RequestMappingHandlerMapping() - Mapped "{[/privateKey/signMessageHash],methods=[POST]}" onto public com.webank.webase.front.base.response.BaseResponse com.webank.webase.front.keystore.KeyStoreController.signMessageHash(com.webank.webase.front.keystore.entity.MessageHashInfo)
2022-05-15 08:56:15.115 [main] INFO  RequestMappingHandlerMapping() - Mapped "{[/privateKey/exportPem],methods=[POST]}" onto public org.springframework.http.ResponseEntity<org.springframework.core.io.InputStreamResource> com.webank.webase.front.keystore.KeyStoreController.exportPemPrivateKey(com.webank.webase.front.keystore.entity.ReqExport)
2022-05-15 08:56:15.115 [main] INFO  RequestMappingHandlerMapping() - Mapped "{[/privateKey/exportP12],methods=[POST]}" onto public org.springframework.http.ResponseEntity<org.springframework.core.io.InputStreamResource> com.webank.webase.front.keystore.KeyStoreController.exportP12PrivateKey(com.webank.webase.front.keystore.entity.ReqExport)
2022-05-15 08:56:15.119 [main] INFO  RequestMappingHandlerMapping() - Mapped "{[/privateKey/{address}],methods=[DELETE]}" onto public com.webank.webase.front.base.response.BaseResponse com.webank.webase.front.keystore.KeyStoreController.deleteKeyStore(java.lang.String)
2022-05-15 08:56:15.119 [main] INFO  RequestMappingHandlerMapping() - Mapped "{[/privateKey/userInfoWithSign],methods=[GET]}" onto public com.webank.webase.front.keystore.entity.RspUserInfo com.webank.webase.front.keystore.KeyStoreController.getUserInfoWithSign(java.lang.String,boolean)
2022-05-15 08:56:15.120 [main] INFO  RequestMappingHandlerMapping() - Mapped "{[/privateKey/localKeyStores],methods=[GET]}" onto public java.util.List<com.webank.webase.front.keystore.entity.KeyStoreInfo> com.webank.webase.front.keystore.KeyStoreController.getLocalKeyStoreList()
2022-05-15 08:56:15.120 [main] INFO  RequestMappingHandlerMapping() - Mapped "{[/privateKey/import],methods=[GET]}" onto public com.webank.webase.front.keystore.entity.KeyStoreInfo com.webank.webase.front.keystore.KeyStoreController.importPrivateKey(java.lang.String,java.lang.String)
2022-05-15 08:56:15.120 [main] INFO  RequestMappingHandlerMapping() - Mapped "{[/privateKey/importPem],methods=[POST]}" onto public com.webank.webase.front.base.response.BaseResponse com.webank.webase.front.keystore.KeyStoreController.importPemPrivateKey(com.webank.webase.front.keystore.entity.ReqImportPem)
2022-05-15 08:56:15.120 [main] INFO  RequestMappingHandlerMapping() - Mapped "{[/privateKey/importP12],methods=[POST]}" onto public com.webank.webase.front.base.response.BaseResponse com.webank.webase.front.keystore.KeyStoreController.importP12PrivateKey(java.lang.String,org.springframework.web.multipart.MultipartFile,java.lang.String)
2022-05-15 08:56:15.121 [main] INFO  RequestMappingHandlerMapping() - Mapped "{[/privateKey/importWithSign],methods=[POST]}" onto public com.webank.webase.front.keystore.entity.KeyStoreInfo com.webank.webase.front.keystore.KeyStoreController.importPrivateKeyWithSign(com.webank.webase.front.keystore.entity.ReqImportWithSign)
2022-05-15 08:56:15.121 [main] INFO  RequestMappingHandlerMapping() - Mapped "{[/privateKey],methods=[GET]}" onto public com.webank.webase.front.keystore.entity.KeyStoreInfo com.webank.webase.front.keystore.KeyStoreController.getKeyStore(int,java.lang.String,java.lang.String,java.lang.String,boolean)
2022-05-15 08:56:15.143 [main] INFO  RequestMappingHandlerMapping() - Mapped "{[/{groupId}/web3/refresh],methods=[GET]}" onto public void com.webank.webase.front.web3api.Web3ApiController.refresh()
2022-05-15 08:56:15.146 [main] INFO  RequestMappingHandlerMapping() - Mapped "{[/{groupId}/web3/blockTransCnt/{blockNumber}],methods=[GET]}" onto public int com.webank.webase.front.web3api.Web3ApiController.getBlockTransCntByNumber(int,java.math.BigInteger)
2022-05-15 08:56:15.148 [main] INFO  RequestMappingHandlerMapping() - Mapped "{[/{groupId}/web3/pbftView],methods=[GET]}" onto public java.math.BigInteger com.webank.webase.front.web3api.Web3ApiController.getPbftView(int)
2022-05-15 08:56:15.148 [main] INFO  RequestMappingHandlerMapping() - Mapped "{[/{groupId}/web3/transactionReceipt/{transHash}],methods=[GET]}" onto public org.fisco.bcos.sdk.model.TransactionReceipt com.webank.webase.front.web3api.Web3ApiController.getTransactionReceipt(int,java.lang.String)
2022-05-15 08:56:15.148 [main] INFO  RequestMappingHandlerMapping() - Mapped "{[/{groupId}/web3/transaction/{transHash}],methods=[GET]}" onto public org.fisco.bcos.sdk.client.protocol.model.JsonTransactionResponse com.webank.webase.front.web3api.Web3ApiController.getTransactionByHash(int,java.lang.String)
2022-05-15 08:56:15.148 [main] INFO  RequestMappingHandlerMapping() - Mapped "{[/{groupId}/web3/clientVersion],methods=[GET]}" onto public org.fisco.bcos.sdk.model.NodeVersion$ClientVersion com.webank.webase.front.web3api.Web3ApiController.getClientVersion()
2022-05-15 08:56:15.150 [main] INFO  RequestMappingHandlerMapping() - Mapped "{[/{groupId}/web3/transByBlockHashAndIndex/{blockHash}/{transactionIndex}],methods=[GET]}" onto public org.fisco.bcos.sdk.client.protocol.model.JsonTransactionResponse com.webank.webase.front.web3api.Web3ApiController.getTransByBlockHashAndIndex(int,java.lang.String,java.math.BigInteger)
2022-05-15 08:56:15.151 [main] INFO  RequestMappingHandlerMapping() - Mapped "{[/{groupId}/web3/transByBlockNumberAndIndex/{blockNumber}/{transactionIndex}],methods=[GET]}" onto public org.fisco.bcos.sdk.client.protocol.model.JsonTransactionResponse com.webank.webase.front.web3api.Web3ApiController.getTransByBlockNumberAndIndex(int,java.math.BigInteger,java.math.BigInteger)
2022-05-15 08:56:15.153 [main] INFO  RequestMappingHandlerMapping() - Mapped "{[/{groupId}/web3/getNodeStatusList],methods=[GET]}" onto public java.util.List<com.webank.webase.front.web3api.entity.NodeStatusInfo> com.webank.webase.front.web3api.Web3ApiController.getNodeStatusList(int)
2022-05-15 08:56:15.153 [main] INFO  RequestMappingHandlerMapping() - Mapped "{[/{groupId}/web3/transaction-total],methods=[GET]}" onto public com.webank.webase.front.web3api.entity.RspTransCountInfo com.webank.webase.front.web3api.Web3ApiController.getTransTotalCnt(int)
2022-05-15 08:56:15.153 [main] INFO  RequestMappingHandlerMapping() - Mapped "{[/{groupId}/web3/pending-transactions-count],methods=[GET]}" onto public int com.webank.webase.front.web3api.Web3ApiController.getPendingTransactionCount(int)
2022-05-15 08:56:15.153 [main] INFO  RequestMappingHandlerMapping() - Mapped "{[/{groupId}/web3/blockStat/{blockNumber}],methods=[GET]}" onto public com.webank.webase.front.web3api.entity.RspStatBlock com.webank.webase.front.web3api.Web3ApiController.getBlockStatByNumber(int,java.math.BigInteger)
2022-05-15 08:56:15.153 [main] INFO  RequestMappingHandlerMapping() - Mapped "{[/{groupId}/web3/blockByNumber/{blockNumber}],methods=[GET]}" onto public org.fisco.bcos.sdk.client.protocol.response.BcosBlock$Block com.webank.webase.front.web3api.Web3ApiController.getBlockByNumber(int,java.math.BigInteger)
2022-05-15 08:56:15.154 [main] INFO  RequestMappingHandlerMapping() - Mapped "{[/{groupId}/web3/blockByHash/{blockHash}],methods=[GET]}" onto public org.fisco.bcos.sdk.client.protocol.response.BcosBlock$Block com.webank.webase.front.web3api.Web3ApiController.getBlockByHash(int,java.lang.String)
2022-05-15 08:56:15.155 [main] INFO  RequestMappingHandlerMapping() - Mapped "{[/{groupId}/web3/blockNumber],methods=[GET]}" onto public java.math.BigInteger com.webank.webase.front.web3api.Web3ApiController.getBlockNumber(int)
2022-05-15 08:56:15.156 [main] INFO  RequestMappingHandlerMapping() - Mapped "{[/{groupId}/web3/groupPeers],methods=[GET]}" onto public java.util.List<java.lang.String> com.webank.webase.front.web3api.Web3ApiController.getGroupPeers(int)
2022-05-15 08:56:15.156 [main] INFO  RequestMappingHandlerMapping() - Mapped "{[/{groupId}/web3/peers],methods=[GET]}" onto public java.util.List<org.fisco.bcos.sdk.client.protocol.response.Peers$PeerInfo> com.webank.webase.front.web3api.Web3ApiController.getPeers(int)
2022-05-15 08:56:15.159 [main] INFO  RequestMappingHandlerMapping() - Mapped "{[/{groupId}/web3/consensusStatus],methods=[GET]}" onto public org.fisco.bcos.sdk.client.protocol.response.ConsensusStatus$ConsensusInfo com.webank.webase.front.web3api.Web3ApiController.getConsensusStatus(int)
2022-05-15 08:56:15.160 [main] INFO  RequestMappingHandlerMapping() - Mapped "{[/{groupId}/web3/syncStatus],methods=[GET]}" onto public org.fisco.bcos.sdk.client.protocol.response.SyncStatus$SyncStatusInfo com.webank.webase.front.web3api.Web3ApiController.getSyncStatus(int)
2022-05-15 08:56:15.162 [main] INFO  RequestMappingHandlerMapping() - Mapped "{[/{groupId}/web3/systemConfigByKey/{key}],methods=[GET]}" onto public java.lang.String com.webank.webase.front.web3api.Web3ApiController.getSystemConfigByKey(int,java.lang.String)
2022-05-15 08:56:15.163 [main] INFO  RequestMappingHandlerMapping() - Mapped "{[/{groupId}/web3/nodeInfo],methods=[GET]}" onto public org.fisco.bcos.sdk.client.protocol.response.NodeInfo$NodeInformation com.webank.webase.front.web3api.Web3ApiController.getNodeInfo()
2022-05-15 08:56:15.165 [main] INFO  RequestMappingHandlerMapping() - Mapped "{[/{groupId}/web3/nodeConfig],methods=[GET]}" onto public java.lang.Object com.webank.webase.front.web3api.Web3ApiController.getNodeConfig()
2022-05-15 08:56:15.165 [main] INFO  RequestMappingHandlerMapping() - Mapped "{[/{groupId}/web3/sealerList],methods=[GET]}" onto public java.util.List<java.lang.String> com.webank.webase.front.web3api.Web3ApiController.getSealerList(int)
2022-05-15 08:56:15.165 [main] INFO  RequestMappingHandlerMapping() - Mapped "{[/{groupId}/web3/observerList],methods=[GET]}" onto public java.util.List<java.lang.String> com.webank.webase.front.web3api.Web3ApiController.getObserverList(int)
2022-05-15 08:56:15.165 [main] INFO  RequestMappingHandlerMapping() - Mapped "{[/{groupId}/web3/search],methods=[GET]}" onto public java.lang.Object com.webank.webase.front.web3api.Web3ApiController.searchByCriteria(int,java.lang.String)
2022-05-15 08:56:15.166 [main] INFO  RequestMappingHandlerMapping() - Mapped "{[/{groupId}/web3/generateGroup],methods=[POST]}" onto public java.lang.Object com.webank.webase.front.web3api.Web3ApiController.generateGroup(com.webank.webase.front.web3api.entity.GenerateGroupInfo)
2022-05-15 08:56:15.166 [main] INFO  RequestMappingHandlerMapping() - Mapped "{[/{groupId}/web3/operateGroup/{type}],methods=[GET]}" onto public java.lang.Object com.webank.webase.front.web3api.Web3ApiController.operateGroup(int,java.lang.String)
2022-05-15 08:56:15.166 [main] INFO  RequestMappingHandlerMapping() - Mapped "{[/{groupId}/web3/queryGroupStatus],methods=[POST]}" onto public com.webank.webase.front.base.response.BaseResponse com.webank.webase.front.web3api.Web3ApiController.getGroupStatus(com.webank.webase.front.web3api.entity.ReqGroupStatus)
2022-05-15 08:56:15.166 [main] INFO  RequestMappingHandlerMapping() - Mapped "{[/{groupId}/web3/blockHeaderByHash/{blockHash}],methods=[GET]}" onto public org.fisco.bcos.sdk.client.protocol.response.BcosBlockHeader$BlockHeader com.webank.webase.front.web3api.Web3ApiController.getBlockHeaderByHash(int,java.lang.String)
2022-05-15 08:56:15.168 [main] INFO  RequestMappingHandlerMapping() - Mapped "{[/{groupId}/web3/blockHeaderByNumber/{blockNumber}],methods=[GET]}" onto public org.fisco.bcos.sdk.client.protocol.response.BcosBlockHeader$BlockHeader com.webank.webase.front.web3api.Web3ApiController.getBlockHeaderByNumber(int,java.math.BigInteger)
2022-05-15 08:56:15.170 [main] INFO  RequestMappingHandlerMapping() - Mapped "{[/{groupId}/web3/transReceipt/batchByNumber/{blockNumber}],methods=[GET]}" onto public java.util.List<org.fisco.bcos.sdk.model.TransactionReceipt> com.webank.webase.front.web3api.Web3ApiController.getBatchReceiptByBlockNumber(int,java.math.BigInteger,int,int)
2022-05-15 08:56:15.171 [main] INFO  RequestMappingHandlerMapping() - Mapped "{[/{groupId}/web3/transReceipt/batchByHash/{blockHash}],methods=[GET]}" onto public java.util.List<org.fisco.bcos.sdk.model.TransactionReceipt> com.webank.webase.front.web3api.Web3ApiController.getBatchReceiptByBlockHash(int,java.lang.String,int,int)
2022-05-15 08:56:15.171 [main] INFO  RequestMappingHandlerMapping() - Mapped "{[/{groupId}/web3/nodeIdList],methods=[GET]}" onto public java.util.List<java.lang.String> com.webank.webase.front.web3api.Web3ApiController.getNodeIDList()
2022-05-15 08:56:15.171 [main] INFO  RequestMappingHandlerMapping() - Mapped "{[/{groupId}/web3/groupList],methods=[GET]}" onto public java.util.List<java.lang.String> com.webank.webase.front.web3api.Web3ApiController.getGroupList()
2022-05-15 08:56:15.173 [main] INFO  RequestMappingHandlerMapping() - Mapped "{[/{groupId}/web3/code/{address}/{blockNumber}],methods=[GET]}" onto public java.lang.String com.webank.webase.front.web3api.Web3ApiController.getCode(int,java.lang.String,java.math.BigInteger)
2022-05-15 08:56:15.173 [main] INFO  RequestMappingHandlerMapping() - Mapped "{[/version],methods=[GET]}" onto public java.lang.String com.webank.webase.front.version.VersionController.getServerVersion()
2022-05-15 08:56:15.176 [main] INFO  RequestMappingHandlerMapping() - Mapped "{[/version/sign],methods=[GET]}" onto public java.lang.String com.webank.webase.front.version.VersionController.getSignVersion()
2022-05-15 08:56:15.186 [main] INFO  RequestMappingHandlerMapping() - Mapped "{[/contractStore/getContractItemById/{contractId}],methods=[GET]}" onto public com.webank.webase.front.base.response.BaseResponse com.webank.webase.front.contractStore.ContractStoreController.getContractItemById(java.lang.Integer)
2022-05-15 08:56:15.186 [main] INFO  RequestMappingHandlerMapping() - Mapped "{[/contractStore/getContractItemByFolderId/{folderId}],methods=[GET]}" onto public com.webank.webase.front.base.response.BaseResponse com.webank.webase.front.contractStore.ContractStoreController.getContractItemByFolderId(java.lang.Integer)
2022-05-15 08:56:15.186 [main] INFO  RequestMappingHandlerMapping() - Mapped "{[/contractStore/getContractFolderById/{contractFolderId}],methods=[GET]}" onto public com.webank.webase.front.base.response.BaseResponse com.webank.webase.front.contractStore.ContractStoreController.getContractFolderById(java.lang.Integer)
2022-05-15 08:56:15.186 [main] INFO  RequestMappingHandlerMapping() - Mapped "{[/contractStore/getFolderItemListByStoreId/{storeId}],methods=[GET]}" onto public com.webank.webase.front.base.response.BaseResponse com.webank.webase.front.contractStore.ContractStoreController.getFolderItemListByStoreId(java.lang.Integer)
2022-05-15 08:56:15.186 [main] INFO  RequestMappingHandlerMapping() - Mapped "{[/contractStore/getContractStoreList],methods=[GET]}" onto public com.webank.webase.front.base.response.BaseResponse com.webank.webase.front.contractStore.ContractStoreController.getContractStoreList()
2022-05-15 08:56:15.186 [main] INFO  RequestMappingHandlerMapping() - Mapped "{[/contractStore/getContractStoreById/{storeId}],methods=[GET]}" onto public com.webank.webase.front.base.response.BaseResponse com.webank.webase.front.contractStore.ContractStoreController.getContractStoreById(java.lang.Integer)
2022-05-15 08:56:15.187 [main] INFO  RequestMappingHandlerMapping() - Mapped "{[/sslCryptoType],methods=[GET]}" onto public java.lang.Integer com.webank.webase.front.gm.EncryptTypeController.getSSLCryptoType()
2022-05-15 08:56:15.187 [main] INFO  RequestMappingHandlerMapping() - Mapped "{[/encrypt],methods=[GET]}" onto public java.lang.Integer com.webank.webase.front.gm.EncryptTypeController.getEncryptType()
2022-05-15 08:56:15.188 [main] INFO  RequestMappingHandlerMapping() - Mapped "{[/trans/signMessageHash],methods=[POST]}" onto public java.lang.Object com.webank.webase.front.transaction.TransController.signMessageHash(com.webank.webase.front.transaction.entity.ReqSignMessageHash,org.springframework.validation.BindingResult)
2022-05-15 08:56:15.191 [main] INFO  RequestMappingHandlerMapping() - Mapped "{[/trans/signed-transaction],methods=[POST]}" onto public org.fisco.bcos.sdk.model.TransactionReceipt com.webank.webase.front.transaction.TransController.sendSignedTransaction(com.webank.webase.front.transaction.entity.ReqSignedTransHandle,org.springframework.validation.BindingResult) throws java.lang.Exception
2022-05-15 08:56:15.191 [main] INFO  RequestMappingHandlerMapping() - Mapped "{[/trans/query-transaction],methods=[POST]}" onto public java.lang.Object com.webank.webase.front.transaction.TransController.sendQueryTransaction(com.webank.webase.front.transaction.entity.ReqQueryTransHandle,org.springframework.validation.BindingResult)
2022-05-15 08:56:15.191 [main] INFO  RequestMappingHandlerMapping() - Mapped "{[/trans/signMessageHashExternal],methods=[POST]}" onto public java.lang.Object com.webank.webase.front.transaction.TransController.signMessageHashExternal(com.webank.webase.front.transaction.entity.ReqSignMessageHash,org.springframework.validation.BindingResult)
2022-05-15 08:56:15.192 [main] INFO  RequestMappingHandlerMapping() - Mapped "{[/trans/convertRawTxStr/local],methods=[POST]}" onto public java.lang.String com.webank.webase.front.transaction.TransController.transToRawTxStrLocal(com.webank.webase.front.transaction.entity.ReqTransHandle,org.springframework.validation.BindingResult) throws java.lang.Exception
2022-05-15 08:56:15.192 [main] INFO  RequestMappingHandlerMapping() - Mapped "{[/trans/convertRawTxStr/withSign],methods=[POST]}" onto public java.lang.String com.webank.webase.front.transaction.TransController.transToRawTxStrWithSign(com.webank.webase.front.transaction.entity.ReqTransHandleWithSign,org.springframework.validation.BindingResult) throws java.lang.Exception
2022-05-15 08:56:15.192 [main] INFO  RequestMappingHandlerMapping() - Mapped "{[/trans/encodeFunction],methods=[POST]}" onto public java.lang.String com.webank.webase.front.transaction.TransController.transEncoded2Str(com.webank.webase.front.transaction.entity.ReqEncodeFunction,org.springframework.validation.BindingResult) throws java.lang.Exception
2022-05-15 08:56:15.192 [main] INFO  RequestMappingHandlerMapping() - Mapped "{[/trans/handleWithSign],methods=[POST]}" onto public java.lang.Object com.webank.webase.front.transaction.TransController.transHandle(com.webank.webase.front.transaction.entity.ReqTransHandleWithSign,org.springframework.validation.BindingResult) throws java.lang.Exception
2022-05-15 08:56:15.194 [main] INFO  RequestMappingHandlerMapping() - Mapped "{[/trans/handle],methods=[POST]}" onto public java.lang.Object com.webank.webase.front.transaction.TransController.transHandleLocal(com.webank.webase.front.transaction.entity.ReqTransHandle,org.springframework.validation.BindingResult) throws java.lang.Exception
2022-05-15 08:56:15.195 [main] INFO  RequestMappingHandlerMapping() - Mapped "{[/charging/deleteData],methods=[DELETE]}" onto public com.webank.webase.front.base.response.BaseResponse com.webank.webase.front.logparse.LogParseController.deleteData(int,int,java.time.LocalDateTime)
2022-05-15 08:56:15.197 [main] INFO  RequestMappingHandlerMapping() - Mapped "{[/charging/getNetWorkData],methods=[GET]}" onto public com.webank.webase.front.base.response.BasePageResponse com.webank.webase.front.logparse.LogParseController.getNetWorkData(java.lang.Integer,java.lang.Integer,java.lang.Integer,java.time.LocalDateTime,java.time.LocalDateTime)
2022-05-15 08:56:15.197 [main] INFO  RequestMappingHandlerMapping() - Mapped "{[/charging/getTxGasData],methods=[GET]}" onto public com.webank.webase.front.base.response.BasePageResponse com.webank.webase.front.logparse.LogParseController.getTxGasData(int,java.lang.Integer,java.lang.Integer,java.time.LocalDateTime,java.time.LocalDateTime,java.lang.String)
2022-05-15 08:56:15.203 [main] INFO  RequestMappingHandlerMapping() - Mapped "{[/abi/{abiId}],methods=[GET]}" onto public com.webank.webase.front.base.response.BaseResponse com.webank.webase.front.abi.AbiController.getAbiById(java.lang.Long)
2022-05-15 08:56:15.204 [main] INFO  RequestMappingHandlerMapping() - Mapped "{[/abi],methods=[POST]}" onto public com.webank.webase.front.base.response.BaseResponse com.webank.webase.front.abi.AbiController.importAbi(com.webank.webase.front.abi.entity.ReqImportAbi,org.springframework.validation.BindingResult)
2022-05-15 08:56:15.204 [main] INFO  RequestMappingHandlerMapping() - Mapped "{[/abi],methods=[PUT]}" onto public com.webank.webase.front.base.response.BaseResponse com.webank.webase.front.abi.AbiController.updateAbi(com.webank.webase.front.abi.entity.ReqImportAbi,org.springframework.validation.BindingResult)
2022-05-15 08:56:15.205 [main] INFO  RequestMappingHandlerMapping() - Mapped "{[/abi/list/{groupId}/{pageNumber}/{pageSize}],methods=[GET]}" onto public com.webank.webase.front.base.response.BasePageResponse com.webank.webase.front.abi.AbiController.getAbiListByGroupId(java.lang.Integer,java.lang.Integer,java.lang.Integer)
2022-05-15 08:56:15.205 [main] INFO  RequestMappingHandlerMapping() - Mapped "{[/abi/{abiId}],methods=[DELETE]}" onto public com.webank.webase.front.base.response.BaseResponse com.webank.webase.front.abi.AbiController.deleteAbi(java.lang.Long)
2022-05-15 08:56:15.209 [main] INFO  RequestMappingHandlerMapping() - Mapped "{[/chain/pagingQuery],methods=[GET]}" onto public com.webank.webase.front.base.response.BasePageResponse com.webank.webase.front.monitor.MonitorController.pagingQuery(int,java.lang.Integer,java.lang.Integer,java.time.LocalDateTime,java.time.LocalDateTime)
2022-05-15 08:56:15.214 [main] INFO  RequestMappingHandlerMapping() - Mapped "{[/chain/checkNodeProcess],methods=[GET]}" onto public boolean com.webank.webase.front.monitor.MonitorController.checkNodeProcess()
2022-05-15 08:56:15.214 [main] INFO  RequestMappingHandlerMapping() - Mapped "{[/chain],methods=[GET]}" onto public java.util.List<com.webank.webase.front.performance.result.PerformanceData> com.webank.webase.front.monitor.MonitorController.getChainMonitor(java.time.LocalDateTime,java.time.LocalDateTime,java.time.LocalDateTime,java.time.LocalDateTime,int,int)
2022-05-15 08:56:15.214 [main] INFO  RequestMappingHandlerMapping() - Mapped "{[/chain/getGroupSizeInfos],methods=[GET]}" onto public java.util.List<com.webank.webase.front.monitor.entity.GroupSizeInfo> com.webank.webase.front.monitor.MonitorController.getGroupSizeInfos()
2022-05-15 08:56:15.214 [main] INFO  RequestMappingHandlerMapping() - Mapped "{[/chain/pagingQuery/stat],methods=[GET]}" onto public com.webank.webase.front.base.response.BasePageResponse com.webank.webase.front.monitor.MonitorController.getNodeMonitorForStat(int,java.lang.Integer,java.lang.Integer,java.time.LocalDateTime,java.time.LocalDateTime)
2022-05-15 08:56:15.215 [main] INFO  RequestMappingHandlerMapping() - Mapped "{[/solc/list],methods=[GET]}" onto public com.webank.webase.front.base.response.BaseResponse com.webank.webase.front.solc.SolcController.getSolcList()
2022-05-15 08:56:15.215 [main] INFO  RequestMappingHandlerMapping() - Mapped "{[/scaffold/check],methods=[GET]}" onto public com.webank.webase.front.base.response.BaseResponse com.webank.webase.front.scaffold.ScaffoldController.checkChannelPort(java.lang.String,int)
2022-05-15 08:56:15.215 [main] INFO  RequestMappingHandlerMapping() - Mapped "{[/scaffold/export],methods=[POST]}" onto public com.webank.webase.front.base.response.BaseResponse com.webank.webase.front.scaffold.ScaffoldController.exportProjectApi(com.webank.webase.front.scaffold.entity.ReqProject)
2022-05-15 08:56:15.220 [main] INFO  RequestMappingHandlerMapping() - Mapped "{[/tool/keypair],methods=[POST]}" onto public com.webank.webase.front.tool.entity.RspKeyPair com.webank.webase.front.tool.ToolController.getKeyPair(com.webank.webase.front.tool.entity.ReqPrivateKey)
2022-05-15 08:56:15.224 [main] INFO  RequestMappingHandlerMapping() - Mapped "{[/tool/decodePem],methods=[POST]}" onto public com.webank.webase.front.tool.entity.RspKeyPair com.webank.webase.front.tool.ToolController.decodePem(org.springframework.web.multipart.MultipartFile)
2022-05-15 08:56:15.225 [main] INFO  RequestMappingHandlerMapping() - Mapped "{[/tool/decodeP12],methods=[POST]}" onto public com.webank.webase.front.tool.entity.RspKeyPair com.webank.webase.front.tool.ToolController.decodeP12(org.springframework.web.multipart.MultipartFile,java.lang.String)
2022-05-15 08:56:15.227 [main] INFO  RequestMappingHandlerMapping() - Mapped "{[/tool/convert2Bytes32],methods=[GET]}" onto public java.lang.String com.webank.webase.front.tool.ToolController.getBytes32FromStr(java.lang.String,java.lang.Integer)
2022-05-15 08:56:15.227 [main] INFO  RequestMappingHandlerMapping() - Mapped "{[/tool/utf8ToHexString],methods=[GET]}" onto public java.lang.String com.webank.webase.front.tool.ToolController.getHexStringFromUtf8(java.lang.String)
2022-05-15 08:56:15.227 [main] INFO  RequestMappingHandlerMapping() - Mapped "{[/tool/signMsg],methods=[POST]}" onto public com.webank.webase.front.tool.entity.RspSignData com.webank.webase.front.tool.ToolController.getSignedData(com.webank.webase.front.tool.entity.ReqSign)
2022-05-15 08:56:15.228 [main] INFO  RequestMappingHandlerMapping() - Mapped "{[/tool/hash],methods=[GET]}" onto public com.webank.webase.front.tool.entity.RspHash com.webank.webase.front.tool.ToolController.getHashValue(java.lang.String)
2022-05-15 08:56:15.228 [main] INFO  RequestMappingHandlerMapping() - Mapped "{[/tool/decode],methods=[POST]}" onto public java.lang.Object com.webank.webase.front.tool.ToolController.decode(com.webank.webase.front.tool.entity.ReqDecodeParam)
2022-05-15 08:56:15.228 [main] INFO  RequestMappingHandlerMapping() - Mapped "{[/tool/address],methods=[GET]}" onto public com.webank.webase.front.tool.entity.RspKeyPair com.webank.webase.front.tool.ToolController.getKey(java.lang.String)
2022-05-15 08:56:15.233 [main] INFO  RequestMappingHandlerMapping() - Mapped "{[/governance/committee/weight],methods=[GET]}" onto public java.math.BigInteger com.webank.webase.front.precompiledapi.permission.ChainGovernController.queryCommitteeWeight(java.lang.Integer,java.lang.String) throws java.lang.Exception
2022-05-15 08:56:15.235 [main] INFO  RequestMappingHandlerMapping() - Mapped "{[/governance/committee/weight],methods=[POST]}" onto public java.lang.String com.webank.webase.front.precompiledapi.permission.ChainGovernController.updateCommitteeWeight(com.webank.webase.front.precompiledapi.entity.ChainGovernanceHandle)
2022-05-15 08:56:15.238 [main] INFO  RequestMappingHandlerMapping() - Mapped "{[/governance/threshold],methods=[GET]}" onto public java.math.BigInteger com.webank.webase.front.precompiledapi.permission.ChainGovernController.queryThreshold(java.lang.Integer) throws java.lang.Exception
2022-05-15 08:56:15.238 [main] INFO  RequestMappingHandlerMapping() - Mapped "{[/governance/operator/list],methods=[GET]}" onto public java.util.List<org.fisco.bcos.sdk.contract.precompiled.permission.PermissionInfo> com.webank.webase.front.precompiledapi.permission.ChainGovernController.listOperator(java.lang.Integer) throws java.lang.Exception
2022-05-15 08:56:15.238 [main] INFO  RequestMappingHandlerMapping() - Mapped "{[/governance/account/status],methods=[GET]}" onto public java.lang.String com.webank.webase.front.precompiledapi.permission.ChainGovernController.getAccountStatus(java.lang.Integer,java.lang.String) throws java.lang.Exception
2022-05-15 08:56:15.239 [main] INFO  RequestMappingHandlerMapping() - Mapped "{[/governance/threshold],methods=[POST]}" onto public java.lang.String com.webank.webase.front.precompiledapi.permission.ChainGovernController.updateThreshold(com.webank.webase.front.precompiledapi.entity.ChainGovernanceHandle) throws java.lang.Exception
2022-05-15 08:56:15.239 [main] INFO  RequestMappingHandlerMapping() - Mapped "{[/governance/operator],methods=[POST]}" onto public java.lang.String com.webank.webase.front.precompiledapi.permission.ChainGovernController.grantOperator(com.webank.webase.front.precompiledapi.entity.ChainGovernanceHandle) throws java.lang.Exception
2022-05-15 08:56:15.239 [main] INFO  RequestMappingHandlerMapping() - Mapped "{[/governance/operator],methods=[DELETE]}" onto public java.lang.String com.webank.webase.front.precompiledapi.permission.ChainGovernController.revokeOperator(com.webank.webase.front.precompiledapi.entity.ChainGovernanceHandle) throws java.lang.Exception
2022-05-15 08:56:15.239 [main] INFO  RequestMappingHandlerMapping() - Mapped "{[/governance/account/freeze],methods=[POST]}" onto public java.lang.String com.webank.webase.front.precompiledapi.permission.ChainGovernController.freezeAccount(com.webank.webase.front.precompiledapi.entity.ChainGovernanceHandle) throws java.lang.Exception
2022-05-15 08:56:15.239 [main] INFO  RequestMappingHandlerMapping() - Mapped "{[/governance/account/unfreeze],methods=[DELETE]}" onto public java.lang.String com.webank.webase.front.precompiledapi.permission.ChainGovernController.unfreezeAccount(com.webank.webase.front.precompiledapi.entity.ChainGovernanceHandle) throws java.lang.Exception
2022-05-15 08:56:15.239 [main] INFO  RequestMappingHandlerMapping() - Mapped "{[/governance/committee],methods=[DELETE]}" onto public java.lang.String com.webank.webase.front.precompiledapi.permission.ChainGovernController.revokeCommittee(com.webank.webase.front.precompiledapi.entity.ChainGovernanceHandle) throws java.lang.Exception
2022-05-15 08:56:15.239 [main] INFO  RequestMappingHandlerMapping() - Mapped "{[/governance/committee],methods=[POST]}" onto public java.lang.String com.webank.webase.front.precompiledapi.permission.ChainGovernController.grantCommittee(com.webank.webase.front.precompiledapi.entity.ChainGovernanceHandle) throws java.lang.Exception
2022-05-15 08:56:15.239 [main] INFO  RequestMappingHandlerMapping() - Mapped "{[/governance/committee/list],methods=[GET]}" onto public java.util.List<org.fisco.bcos.sdk.contract.precompiled.permission.PermissionInfo> com.webank.webase.front.precompiledapi.permission.ChainGovernController.listCommittee(java.lang.Integer) throws java.lang.Exception
2022-05-15 08:56:15.243 [main] INFO  RequestMappingHandlerMapping() - Mapped "{[/permission],methods=[GET]}" onto public java.lang.Object com.webank.webase.front.precompiledapi.permission.PermissionManageController.permissionGetControl(int,java.lang.String,java.lang.String,int,int)
2022-05-15 08:56:15.248 [main] INFO  RequestMappingHandlerMapping() - Mapped "{[/permission/full],methods=[GET]}" onto public java.lang.Object com.webank.webase.front.precompiledapi.permission.PermissionManageController.getFullListByType(int,java.lang.String,java.lang.String)
2022-05-15 08:56:15.248 [main] INFO  RequestMappingHandlerMapping() - Mapped "{[/permission/sorted/full],methods=[GET]}" onto public com.webank.webase.front.base.response.BasePageResponse com.webank.webase.front.precompiledapi.permission.PermissionManageController.gerPermissionStateFull(int)
2022-05-15 08:56:15.249 [main] INFO  RequestMappingHandlerMapping() - Mapped "{[/permission/sorted],methods=[POST]}" onto public com.webank.webase.front.base.response.BaseResponse com.webank.webase.front.precompiledapi.permission.PermissionManageController.updateUserPermissionStateAfterCheck(com.webank.webase.front.precompiledapi.entity.PermissionHandle)
2022-05-15 08:56:15.249 [main] INFO  RequestMappingHandlerMapping() - Mapped "{[/permission],methods=[POST]}" onto public java.lang.Object com.webank.webase.front.precompiledapi.permission.PermissionManageController.permissionPostControl(com.webank.webase.front.precompiledapi.entity.PermissionHandle)
2022-05-15 08:56:15.249 [main] INFO  RequestMappingHandlerMapping() - Mapped "{[/permission],methods=[DELETE]}" onto public java.lang.Object com.webank.webase.front.precompiledapi.permission.PermissionManageController.permissionDeleteControl(com.webank.webase.front.precompiledapi.entity.PermissionHandle)
2022-05-15 08:56:15.250 [main] INFO  RequestMappingHandlerMapping() - Mapped "{[/precompiled/consensus/list],methods=[GET]}" onto public java.lang.Object com.webank.webase.front.precompiledapi.PrecompiledController.getNodeList(int,int,int) throws java.lang.Exception
2022-05-15 08:56:15.257 [main] INFO  RequestMappingHandlerMapping() - Mapped "{[/precompiled/cns/list],methods=[GET]}" onto public java.lang.Object com.webank.webase.front.precompiledapi.PrecompiledController.queryCns(int,java.lang.String,int,int) throws java.lang.Exception
2022-05-15 08:56:15.258 [main] INFO  RequestMappingHandlerMapping() - Mapped "{[/precompiled/consensus],methods=[POST]}" onto public java.lang.Object com.webank.webase.front.precompiledapi.PrecompiledController.nodeManageControl(com.webank.webase.front.precompiledapi.entity.ConsensusHandle) throws java.lang.Exception
2022-05-15 08:56:15.259 [main] INFO  RequestMappingHandlerMapping() - Mapped "{[/precompiled/crud],methods=[POST]}" onto public java.lang.Object com.webank.webase.front.precompiledapi.PrecompiledController.crudManageControl(com.webank.webase.front.precompiledapi.entity.CrudHandle) throws java.lang.Exception
2022-05-15 08:56:15.259 [main] INFO  RequestMappingHandlerMapping() - Mapped "{[/precompiled/contractStatusManage],methods=[POST]}" onto public java.lang.Object com.webank.webase.front.precompiledapi.PrecompiledController.contractStatusManage(com.webank.webase.front.precompiledapi.entity.ContractStatusHandle) throws java.lang.Exception
2022-05-15 08:56:15.261 [main] INFO  RequestMappingHandlerMapping() - Mapped "{[/sys/config/list],methods=[GET]}" onto public java.lang.Object com.webank.webase.front.precompiledapi.sysconf.PrecompiledSysConfigController.querySystemConfigByGroupId(int,int,int) throws java.lang.Exception
2022-05-15 08:56:15.263 [main] INFO  RequestMappingHandlerMapping() - Mapped "{[/sys/config],methods=[POST]}" onto public java.lang.Object com.webank.webase.front.precompiledapi.sysconf.PrecompiledSysConfigController.setSysConfigValueByKey(com.webank.webase.front.precompiledapi.entity.SystemConfigHandle) throws java.lang.Exception
2022-05-15 08:56:15.266 [main] INFO  RequestMappingHandlerMapping() - Mapped "{[/event/contractInfo/{groupId}/{type}/{contractAddress}],methods=[GET]}" onto public com.webank.webase.front.base.response.BaseResponse com.webank.webase.front.event.EventController.findByAddress(java.lang.Integer,java.lang.String,java.lang.String)
2022-05-15 08:56:15.267 [main] INFO  RequestMappingHandlerMapping() - Mapped "{[/event/newBlockEvent],methods=[POST]}" onto public com.webank.webase.front.base.response.BaseResponse com.webank.webase.front.event.EventController.registerNewBlockEvent(com.webank.webase.front.event.entity.ReqNewBlockEventRegister,org.springframework.validation.BindingResult)
2022-05-15 08:56:15.268 [main] INFO  RequestMappingHandlerMapping() - Mapped "{[/event/contractEvent],methods=[POST]}" onto public com.webank.webase.front.base.response.BaseResponse com.webank.webase.front.event.EventController.registerContractEvent(com.webank.webase.front.event.entity.ReqContractEventRegister,org.springframework.validation.BindingResult)
2022-05-15 08:56:15.269 [main] INFO  RequestMappingHandlerMapping() - Mapped "{[/event/newBlockEvent/{groupId}/{appId}],methods=[GET]}" onto public com.webank.webase.front.base.response.BaseResponse com.webank.webase.front.event.EventController.getNewBlockEventByAppId(int,java.lang.String)
2022-05-15 08:56:15.271 [main] INFO  RequestMappingHandlerMapping() - Mapped "{[/event/newBlockEvent/list/{groupId}/{pageNumber}/{pageSize} || /event/newBlockEvent/list/{groupId}],methods=[GET]}" onto public com.webank.webase.front.base.response.BasePageResponse com.webank.webase.front.event.EventController.getNewBlockEventInfo(java.lang.Integer,java.lang.Integer,java.lang.Integer)
2022-05-15 08:56:15.272 [main] INFO  RequestMappingHandlerMapping() - Mapped "{[/event/newBlockEvent],methods=[DELETE]}" onto public com.webank.webase.front.base.response.BaseResponse com.webank.webase.front.event.EventController.unregisterNewBlockEvent(com.webank.webase.front.event.entity.ReqUnregister)
2022-05-15 08:56:15.274 [main] INFO  RequestMappingHandlerMapping() - Mapped "{[/event/contractEvent/{groupId}/{appId}],methods=[GET]}" onto public com.webank.webase.front.base.response.BaseResponse com.webank.webase.front.event.EventController.getContractEventByAppId(int,java.lang.String)
2022-05-15 08:56:15.274 [main] INFO  RequestMappingHandlerMapping() - Mapped "{[/event/contractEvent/list/{groupId}/{pageNumber}/{pageSize} || /event/contractEvent/list/{groupId}],methods=[GET]}" onto public com.webank.webase.front.base.response.BasePageResponse com.webank.webase.front.event.EventController.getContractEventInfo(java.lang.Integer,java.lang.Integer,java.lang.Integer)
2022-05-15 08:56:15.276 [main] INFO  RequestMappingHandlerMapping() - Mapped "{[/event/contractEvent],methods=[DELETE]}" onto public com.webank.webase.front.base.response.BaseResponse com.webank.webase.front.event.EventController.unregisterContractEvent(com.webank.webase.front.event.entity.ReqUnregister)
2022-05-15 08:56:15.276 [main] INFO  RequestMappingHandlerMapping() - Mapped "{[/event/eventLogs/list],methods=[POST]}" onto public com.webank.webase.front.base.response.BasePageResponse com.webank.webase.front.event.EventController.listContractEventLogs(com.webank.webase.front.event.entity.ReqEventLogList,org.springframework.validation.BindingResult)
2022-05-15 08:56:15.277 [main] INFO  RequestMappingHandlerMapping() - Mapped "{[/event/listAddress/{groupId}],methods=[GET]}" onto public com.webank.webase.front.base.response.BaseResponse com.webank.webase.front.event.EventController.listAbi(java.lang.Integer) throws java.io.IOException
2022-05-15 08:56:15.282 [main] INFO  RequestMappingHandlerMapping() - Mapped "{[/cert],methods=[GET]}" onto public java.lang.Object com.webank.webase.front.cert.FrontCertController.getFrontCerts()
2022-05-15 08:56:15.284 [main] INFO  RequestMappingHandlerMapping() - Mapped "{[/cert/sdk],methods=[GET]}" onto public java.util.Map<java.lang.String, java.lang.String> com.webank.webase.front.cert.FrontCertController.getSdkFiles()
2022-05-15 08:56:15.286 [main] INFO  RequestMappingHandlerMapping() - Mapped "{[/cert/sdk/zip],methods=[GET]}" onto public org.springframework.http.ResponseEntity<org.springframework.core.io.InputStreamResource> com.webank.webase.front.cert.FrontCertController.getSdkCertZip()
2022-05-15 08:56:15.287 [main] INFO  RequestMappingHandlerMapping() - Mapped "{[/method/add],methods=[POST]}" onto public com.webank.webase.front.base.response.BaseResponse com.webank.webase.front.method.MethodController.addMethod(com.webank.webase.front.method.entity.NewMethodInputParamHandle,org.springframework.validation.BindingResult) throws com.webank.webase.front.base.exception.FrontException
2022-05-15 08:56:15.288 [main] INFO  RequestMappingHandlerMapping() - Mapped "{[/method/findById/{groupId}/{methodId}],methods=[GET]}" onto public com.webank.webase.front.base.response.BaseResponse com.webank.webase.front.method.MethodController.getBymethodId(java.lang.Integer,java.lang.String)
2022-05-15 08:56:15.291 [main] INFO  RequestMappingHandlerMapping() - Mapped "{[/swagger-resources/configuration/ui]}" onto public org.springframework.http.ResponseEntity<springfox.documentation.swagger.web.UiConfiguration> springfox.documentation.swagger.web.ApiResourceController.uiConfiguration()
2022-05-15 08:56:15.296 [main] INFO  RequestMappingHandlerMapping() - Mapped "{[/swagger-resources]}" onto public org.springframework.http.ResponseEntity<java.util.List<springfox.documentation.swagger.web.SwaggerResource>> springfox.documentation.swagger.web.ApiResourceController.swaggerResources()
2022-05-15 08:56:15.298 [main] INFO  RequestMappingHandlerMapping() - Mapped "{[/swagger-resources/configuration/security]}" onto public org.springframework.http.ResponseEntity<springfox.documentation.swagger.web.SecurityConfiguration> springfox.documentation.swagger.web.ApiResourceController.securityConfiguration()
2022-05-15 08:56:15.303 [main] INFO  RequestMappingHandlerMapping() - Mapped "{[/error],produces=[text/html]}" onto public org.springframework.web.servlet.ModelAndView org.springframework.boot.autoconfigure.web.BasicErrorController.errorHtml(javax.servlet.http.HttpServletRequest,javax.servlet.http.HttpServletResponse)
2022-05-15 08:56:15.312 [main] INFO  RequestMappingHandlerMapping() - Mapped "{[/error]}" onto public org.springframework.http.ResponseEntity<java.util.Map<java.lang.String, java.lang.Object>> org.springframework.boot.autoconfigure.web.BasicErrorController.error(javax.servlet.http.HttpServletRequest)
2022-05-15 08:56:15.684 [main] INFO  PropertySourcedRequestMappingHandlerMapping() - Mapped URL path [/v2/api-docs] onto method [public org.springframework.http.ResponseEntity<springfox.documentation.spring.web.json.Json> springfox.documentation.swagger2.web.Swagger2Controller.getDocumentation(java.lang.String,javax.servlet.http.HttpServletRequest)]
2022-05-15 08:56:16.370 [main] INFO  RequestMappingHandlerAdapter() - Looking for @ControllerAdvice: org.springframework.boot.context.embedded.AnnotationConfigEmbeddedWebApplicationContext@2415fc55: startup date [Sun May 15 08:55:55 CST 2022]; root of context hierarchy
2022-05-15 08:56:16.590 [main] INFO  SimpleUrlHandlerMapping() - Mapped URL path [/webjars/**] onto handler of type [class org.springframework.web.servlet.resource.ResourceHttpRequestHandler]
2022-05-15 08:56:16.591 [main] INFO  SimpleUrlHandlerMapping() - Mapped URL path [/**] onto handler of type [class org.springframework.web.servlet.resource.ResourceHttpRequestHandler]
2022-05-15 08:56:16.698 [main] INFO  ExceptionHandlerExceptionResolver() - Detected @ExceptionHandler methods in exceptionsHandler
2022-05-15 08:56:16.870 [main] INFO  SimpleUrlHandlerMapping() - Mapped URL path [/**/favicon.ico] onto handler of type [class org.springframework.web.servlet.resource.ResourceHttpRequestHandler]
2022-05-15 08:56:17.026 [main] INFO  WebMvcAutoConfiguration$WelcomePageHandlerMapping() - Adding welcome page: ServletContext resource [/index.html]
2022-05-15 08:56:19.062 [main] INFO  AnnotationMBeanExporter() - Registering beans for JMX exposure on startup
2022-05-15 08:56:19.152 [main] INFO  AnnotationMBeanExporter() - Bean with name 'rabbitConnectionFactory' has been autodetected for JMX exposure
2022-05-15 08:56:19.158 [main] INFO  AnnotationMBeanExporter() - Located managed bean 'rabbitConnectionFactory': registering with JMX server as MBean [org.springframework.amqp.rabbit.connection:name=rabbitConnectionFactory,type=CachingConnectionFactory]
2022-05-15 08:56:19.254 [main] INFO  DefaultLifecycleProcessor() - Starting beans in phase 2147483647
2022-05-15 08:56:19.255 [main] INFO  DocumentationPluginsBootstrapper() - Context refreshed
2022-05-15 08:56:19.346 [main] INFO  DocumentationPluginsBootstrapper() - Found 1 custom documentation plugin(s)
2022-05-15 08:56:19.499 [main] INFO  ApiListingReferenceScanner() - Scanning for api listing references
2022-05-15 08:56:20.130 [main] INFO  CachingOperationNameGenerator() - Generating unique operation named: deleteAbiUsingDELETE_1
2022-05-15 08:56:20.440 [main] INFO  CachingOperationNameGenerator() - Generating unique operation named: getContractEventInfoUsingGET_1
2022-05-15 08:56:20.454 [main] INFO  CachingOperationNameGenerator() - Generating unique operation named: getNewBlockEventInfoUsingGET_1
2022-05-15 08:56:21.055 [main] INFO  CachingOperationNameGenerator() - Generating unique operation named: signMessageHashUsingPOST_1
2022-05-15 08:56:21.640 [main] INFO  ScheduledAnnotationBeanPostProcessor() - No TaskScheduler/ScheduledExecutorService bean found for scheduled processing
2022-05-15 08:56:21.678 [main] INFO  TomcatEmbeddedServletContainer() - Tomcat started on port(s): 5022 (http)
2022-05-15 08:56:21.682 [main] INFO  PresetDataService() - loadWarehouseJson :warehouse/contract.json
2022-05-15 08:56:21.849 [http-nio-5022-exec-1] INFO  DispatcherServlet() - FrameworkServlet 'dispatcherServlet': initialization started
2022-05-15 08:56:21.886 [http-nio-5022-exec-1] INFO  DispatcherServlet() - FrameworkServlet 'dispatcherServlet': initialization completed in 36 ms
2022-05-15 08:56:21.886 [main] INFO  PresetDataService() - readAndInitContractItem save 43 items
2022-05-15 08:56:21.887 [main] INFO  PresetDataService() - loadWarehouseJson :warehouse/folder.json
2022-05-15 08:56:21.900 [main] INFO  PresetDataService() - readAndInitFolderItem save 8 items
2022-05-15 08:56:21.901 [main] INFO  PresetDataService() - loadWarehouseJson :warehouse/warehouse.json
2022-05-15 08:56:21.914 [main] INFO  PresetDataService() - readAndInitStoreItem save 7 items
2022-05-15 08:56:21.915 [main] INFO  Application() - Started Application in 27.744 seconds (JVM running for 30.082)
2022-05-15 08:56:21.915 [main] INFO  Application() - main run success...
2022-05-15 08:56:30.935 [http-nio-5022-exec-9] INFO  Web3ApiService() - getGroupList. 
2022-05-15 08:56:31.043 [http-nio-5022-exec-1] INFO  Web3ApiService() - getGroupList. 
2022-05-15 08:56:31.167 [http-nio-5022-exec-4] INFO  VersionService() - getSignServerVersion url:http://127.0.0.1:5044/WeBASE-Sign/version
2022-05-15 08:56:31.218 [http-nio-5022-exec-5] INFO  Web3ApiService() - queryGroupStatus. groupId:1 status:GroupStatus{code='0x0', message='', status='RUNNING'}
2022-05-15 08:56:31.388 [http-nio-5022-exec-1] INFO  Web3ApiService() - queryGroupStatus. groupId:2 status:GroupStatus{code='0x0', message='', status='RUNNING'}
2022-05-15 08:56:31.467 [http-nio-5022-exec-5] INFO  Web3ApiService() - getGroupList. 
2022-05-15 08:56:31.680 [http-nio-5022-exec-6] INFO  PrecompiledController() - start getNodeList startTime:1652576191680, groupId:1
2022-05-15 08:56:31.726 [http-nio-5022-exec-6] INFO  PrecompiledController() - end getNodeList useTime:44 resList:[NodeInfo(nodeId=46b1155ae017b453ac9330cd67460a6d30052ce6cec8b5702866a6b7948d8ee9bfd19ffd3a47b28d18669f259f972107b2ad591b0c9594b40fd98493af896bbd, nodeType=sealer), NodeInfo(nodeId=98c0aeb9fa086516b3f50daa83c26a662518cce165bf854e8157397c8e581a4dc138ca8f46a8282a8896b54a0b2b9835455db686e177801c9ca9bfa3aee2c62e, nodeType=sealer), NodeInfo(nodeId=ad64393609909a04ffba31e9ccea46729e3eb4e2e8149777149ccf0210dfb8e52ea73af54852f6a74b576c0d874fa49eabd32742116c85bd9af92fc40b7e66bd, nodeType=sealer), NodeInfo(nodeId=e36fbf6ada6986fd941976f85ec8f5964ac805d26f0d1c545814efb662f852a93c159748cb9d4c375ea3f54734b3f5c86058450ad71c56e3f0f9b68be47d9a1e, nodeType=sealer)]
2022-05-15 08:56:32.188 [http-nio-5022-exec-1] INFO  Web3ApiService() - getGroupList. 
2022-05-15 08:56:32.290 [http-nio-5022-exec-4] INFO  VersionService() - getSignServerVersion response:<200,v1.5.3,{Content-Type=[application/json;charset=UTF-8], Content-Length=[6], Date=[Sun, 15 May 2022 00:56:32 GMT], Keep-Alive=[timeout=10], Connection=[keep-alive]}>
2022-05-15 08:56:32.407 [http-nio-5022-exec-10] INFO  Web3ApiService() - queryGroupStatus. groupId:1 status:GroupStatus{code='0x0', message='', status='RUNNING'}
2022-05-15 08:56:32.621 [http-nio-5022-exec-2] INFO  Web3ApiService() - queryGroupStatus. groupId:2 status:GroupStatus{code='0x0', message='', status='RUNNING'}
2022-05-15 09:06:07.979 [http-nio-5022-exec-6] INFO  Web3ApiService() - getGroupList. 
2022-05-15 09:06:07.995 [http-nio-5022-exec-1] INFO  Web3ApiService() - queryGroupStatus. groupId:1 status:GroupStatus{code='0x0', message='', status='RUNNING'}
2022-05-15 09:06:08.037 [http-nio-5022-exec-2] INFO  Web3ApiService() - queryGroupStatus. groupId:2 status:GroupStatus{code='0x0', message='', status='RUNNING'}
2022-05-15 09:06:08.063 [http-nio-5022-exec-3] INFO  Web3ApiService() - getGroupList. 
2022-05-15 09:06:08.189 [http-nio-5022-exec-10] INFO  Web3ApiService() - getGroupList. 
2022-05-15 09:16:08.210 [http-nio-5022-exec-8] INFO  Web3ApiService() - getGroupList. 
2022-05-15 09:16:08.257 [http-nio-5022-exec-3] INFO  Web3ApiService() - queryGroupStatus. groupId:1 status:GroupStatus{code='0x0', message='', status='RUNNING'}
2022-05-15 09:16:08.358 [http-nio-5022-exec-1] INFO  Web3ApiService() - queryGroupStatus. groupId:2 status:GroupStatus{code='0x0', message='', status='RUNNING'}
2022-05-15 09:16:08.429 [http-nio-5022-exec-2] INFO  Web3ApiService() - getGroupList. 
2022-05-15 09:16:08.556 [http-nio-5022-exec-5] INFO  Web3ApiService() - getGroupList. 
2022-05-15 09:26:08.567 [http-nio-5022-exec-2] INFO  Web3ApiService() - getGroupList. 
2022-05-15 09:26:08.579 [http-nio-5022-exec-8] INFO  Web3ApiService() - queryGroupStatus. groupId:1 status:GroupStatus{code='0x0', message='', status='RUNNING'}
2022-05-15 09:26:08.612 [http-nio-5022-exec-1] INFO  Web3ApiService() - queryGroupStatus. groupId:2 status:GroupStatus{code='0x0', message='', status='RUNNING'}
2022-05-15 09:26:08.632 [http-nio-5022-exec-7] INFO  Web3ApiService() - getGroupList. 
2022-05-15 09:26:08.746 [http-nio-5022-exec-5] INFO  Web3ApiService() - getGroupList. 
2022-05-15 09:36:08.758 [http-nio-5022-exec-1] INFO  Web3ApiService() - getGroupList. 
2022-05-15 09:36:08.770 [http-nio-5022-exec-6] INFO  Web3ApiService() - queryGroupStatus. groupId:1 status:GroupStatus{code='0x0', message='', status='RUNNING'}
2022-05-15 09:36:08.801 [http-nio-5022-exec-2] INFO  Web3ApiService() - queryGroupStatus. groupId:2 status:GroupStatus{code='0x0', message='', status='RUNNING'}
2022-05-15 09:36:08.821 [http-nio-5022-exec-5] INFO  Web3ApiService() - getGroupList. 
2022-05-15 09:36:08.937 [http-nio-5022-exec-8] INFO  Web3ApiService() - getGroupList. 
2022-05-15 09:46:08.948 [http-nio-5022-exec-5] INFO  Web3ApiService() - getGroupList. 
2022-05-15 09:46:08.968 [http-nio-5022-exec-4] INFO  Web3ApiService() - queryGroupStatus. groupId:1 status:GroupStatus{code='0x0', message='', status='RUNNING'}
2022-05-15 09:46:09.008 [http-nio-5022-exec-6] INFO  Web3ApiService() - queryGroupStatus. groupId:2 status:GroupStatus{code='0x0', message='', status='RUNNING'}
2022-05-15 09:46:09.056 [http-nio-5022-exec-10] INFO  Web3ApiService() - getGroupList. 
2022-05-15 09:46:09.234 [http-nio-5022-exec-2] INFO  Web3ApiService() - getGroupList. 
2022-05-15 09:56:09.254 [http-nio-5022-exec-7] INFO  Web3ApiService() - getGroupList. 
2022-05-15 09:56:09.275 [http-nio-5022-exec-2] INFO  Web3ApiService() - queryGroupStatus. groupId:1 status:GroupStatus{code='0x0', message='', status='RUNNING'}
2022-05-15 09:56:09.324 [http-nio-5022-exec-6] INFO  Web3ApiService() - queryGroupStatus. groupId:2 status:GroupStatus{code='0x0', message='', status='RUNNING'}
2022-05-15 09:56:09.368 [http-nio-5022-exec-4] INFO  Web3ApiService() - getGroupList. 
2022-05-15 09:56:09.570 [http-nio-5022-exec-9] INFO  Web3ApiService() - getGroupList. 
2022-05-15 10:06:09.584 [http-nio-5022-exec-3] INFO  Web3ApiService() - getGroupList. 
2022-05-15 10:06:09.598 [http-nio-5022-exec-6] INFO  Web3ApiService() - queryGroupStatus. groupId:1 status:GroupStatus{code='0x0', message='', status='RUNNING'}
2022-05-15 10:06:09.624 [http-nio-5022-exec-8] INFO  Web3ApiService() - queryGroupStatus. groupId:2 status:GroupStatus{code='0x0', message='', status='RUNNING'}
2022-05-15 10:06:09.640 [http-nio-5022-exec-1] INFO  Web3ApiService() - getGroupList. 
2022-05-15 10:06:09.733 [http-nio-5022-exec-9] INFO  Web3ApiService() - getGroupList. 
2022-05-15 10:16:09.742 [http-nio-5022-exec-2] INFO  Web3ApiService() - getGroupList. 
2022-05-15 10:16:09.755 [http-nio-5022-exec-6] INFO  Web3ApiService() - queryGroupStatus. groupId:1 status:GroupStatus{code='0x0', message='', status='RUNNING'}
2022-05-15 10:16:09.775 [http-nio-5022-exec-4] INFO  Web3ApiService() - queryGroupStatus. groupId:2 status:GroupStatus{code='0x0', message='', status='RUNNING'}
2022-05-15 10:16:09.791 [http-nio-5022-exec-8] INFO  Web3ApiService() - getGroupList. 
2022-05-15 10:16:09.891 [http-nio-5022-exec-7] INFO  Web3ApiService() - getGroupList. 
2022-05-15 10:26:09.902 [http-nio-5022-exec-1] INFO  Web3ApiService() - getGroupList. 
2022-05-15 10:26:09.912 [http-nio-5022-exec-10] INFO  Web3ApiService() - queryGroupStatus. groupId:1 status:GroupStatus{code='0x0', message='', status='RUNNING'}
2022-05-15 10:26:09.934 [http-nio-5022-exec-2] INFO  Web3ApiService() - queryGroupStatus. groupId:2 status:GroupStatus{code='0x0', message='', status='RUNNING'}
2022-05-15 10:26:09.950 [http-nio-5022-exec-8] INFO  Web3ApiService() - getGroupList. 
2022-05-15 10:26:10.077 [http-nio-5022-exec-4] INFO  Web3ApiService() - getGroupList. 
2022-05-15 10:36:10.088 [http-nio-5022-exec-7] INFO  Web3ApiService() - getGroupList. 
2022-05-15 10:36:10.099 [http-nio-5022-exec-8] INFO  Web3ApiService() - queryGroupStatus. groupId:1 status:GroupStatus{code='0x0', message='', status='RUNNING'}
2022-05-15 10:36:10.120 [http-nio-5022-exec-9] INFO  Web3ApiService() - queryGroupStatus. groupId:2 status:GroupStatus{code='0x0', message='', status='RUNNING'}
2022-05-15 10:36:10.136 [http-nio-5022-exec-1] INFO  Web3ApiService() - getGroupList. 
2022-05-15 10:36:10.231 [http-nio-5022-exec-10] INFO  Web3ApiService() - getGroupList. 
2022-05-15 10:46:10.241 [http-nio-5022-exec-7] INFO  Web3ApiService() - getGroupList. 
2022-05-15 10:46:10.253 [http-nio-5022-exec-3] INFO  Web3ApiService() - queryGroupStatus. groupId:1 status:GroupStatus{code='0x0', message='', status='RUNNING'}
2022-05-15 10:46:10.286 [http-nio-5022-exec-4] INFO  Web3ApiService() - queryGroupStatus. groupId:2 status:GroupStatus{code='0x0', message='', status='RUNNING'}
2022-05-15 10:46:10.307 [http-nio-5022-exec-9] INFO  Web3ApiService() - getGroupList. 
2022-05-15 10:46:10.410 [http-nio-5022-exec-6] INFO  Web3ApiService() - getGroupList. 
2022-05-15 10:56:10.421 [http-nio-5022-exec-4] INFO  Web3ApiService() - getGroupList. 
2022-05-15 10:56:10.433 [http-nio-5022-exec-2] INFO  Web3ApiService() - queryGroupStatus. groupId:1 status:GroupStatus{code='0x0', message='', status='RUNNING'}
2022-05-15 10:56:10.455 [http-nio-5022-exec-7] INFO  Web3ApiService() - queryGroupStatus. groupId:2 status:GroupStatus{code='0x0', message='', status='RUNNING'}
2022-05-15 10:56:10.470 [http-nio-5022-exec-1] INFO  Web3ApiService() - getGroupList. 
2022-05-15 10:56:10.557 [http-nio-5022-exec-9] INFO  Web3ApiService() - getGroupList. 
2022-05-15 11:06:10.567 [http-nio-5022-exec-1] INFO  Web3ApiService() - getGroupList. 
2022-05-15 11:06:10.577 [http-nio-5022-exec-3] INFO  Web3ApiService() - queryGroupStatus. groupId:1 status:GroupStatus{code='0x0', message='', status='RUNNING'}
2022-05-15 11:06:10.596 [http-nio-5022-exec-6] INFO  Web3ApiService() - queryGroupStatus. groupId:2 status:GroupStatus{code='0x0', message='', status='RUNNING'}
2022-05-15 11:06:10.610 [http-nio-5022-exec-7] INFO  Web3ApiService() - getGroupList. 
2022-05-15 11:06:10.697 [http-nio-5022-exec-5] INFO  Web3ApiService() - getGroupList. 
2022-05-15 11:16:10.707 [http-nio-5022-exec-8] INFO  Web3ApiService() - getGroupList. 
2022-05-15 11:16:10.716 [http-nio-5022-exec-6] INFO  Web3ApiService() - queryGroupStatus. groupId:1 status:GroupStatus{code='0x0', message='', status='RUNNING'}
2022-05-15 11:16:10.736 [http-nio-5022-exec-9] INFO  Web3ApiService() - queryGroupStatus. groupId:2 status:GroupStatus{code='0x0', message='', status='RUNNING'}
2022-05-15 11:16:10.759 [http-nio-5022-exec-1] INFO  Web3ApiService() - getGroupList. 
2022-05-15 11:16:10.848 [http-nio-5022-exec-4] INFO  Web3ApiService() - getGroupList. 
2022-05-15 11:26:10.860 [http-nio-5022-exec-8] INFO  Web3ApiService() - getGroupList. 
2022-05-15 11:26:10.875 [http-nio-5022-exec-5] INFO  Web3ApiService() - queryGroupStatus. groupId:1 status:GroupStatus{code='0x0', message='', status='RUNNING'}
2022-05-15 11:26:10.908 [http-nio-5022-exec-10] INFO  Web3ApiService() - queryGroupStatus. groupId:2 status:GroupStatus{code='0x0', message='', status='RUNNING'}
2022-05-15 11:26:10.930 [http-nio-5022-exec-6] INFO  Web3ApiService() - getGroupList. 
2022-05-15 11:26:11.076 [http-nio-5022-exec-4] INFO  Web3ApiService() - getGroupList. 
2022-05-15 11:36:11.090 [http-nio-5022-exec-9] INFO  Web3ApiService() - getGroupList. 
2022-05-15 11:36:11.108 [http-nio-5022-exec-6] INFO  Web3ApiService() - queryGroupStatus. groupId:1 status:GroupStatus{code='0x0', message='', status='RUNNING'}
2022-05-15 11:36:11.158 [http-nio-5022-exec-1] INFO  Web3ApiService() - queryGroupStatus. groupId:2 status:GroupStatus{code='0x0', message='', status='RUNNING'}
2022-05-15 11:36:11.219 [http-nio-5022-exec-3] INFO  Web3ApiService() - getGroupList. 
2022-05-15 11:36:11.467 [http-nio-5022-exec-8] INFO  Web3ApiService() - getGroupList. 
2022-05-15 11:46:11.494 [http-nio-5022-exec-9] INFO  Web3ApiService() - getGroupList. 
2022-05-15 11:46:11.570 [http-nio-5022-exec-2] INFO  Web3ApiService() - queryGroupStatus. groupId:1 status:GroupStatus{code='0x0', message='', status='RUNNING'}
2022-05-15 11:46:11.615 [http-nio-5022-exec-3] INFO  Web3ApiService() - queryGroupStatus. groupId:2 status:GroupStatus{code='0x0', message='', status='RUNNING'}
2022-05-15 11:46:11.650 [http-nio-5022-exec-5] INFO  Web3ApiService() - getGroupList. 
2022-05-15 11:46:11.809 [http-nio-5022-exec-1] INFO  Web3ApiService() - getGroupList. 
2022-05-15 11:56:11.827 [http-nio-5022-exec-2] INFO  Web3ApiService() - getGroupList. 
2022-05-15 11:56:11.848 [http-nio-5022-exec-3] INFO  Web3ApiService() - queryGroupStatus. groupId:1 status:GroupStatus{code='0x0', message='', status='RUNNING'}
2022-05-15 11:56:11.903 [http-nio-5022-exec-4] INFO  Web3ApiService() - queryGroupStatus. groupId:2 status:GroupStatus{code='0x0', message='', status='RUNNING'}
2022-05-15 11:56:11.947 [http-nio-5022-exec-5] INFO  Web3ApiService() - getGroupList. 
2022-05-15 11:56:12.134 [http-nio-5022-exec-1] INFO  Web3ApiService() - getGroupList. 
2022-05-15 11:56:23.469 [http-nio-5022-exec-2] INFO  Web3ApiService() - getGroupList. 
2022-05-15 11:56:23.588 [http-nio-5022-exec-1] INFO  Web3ApiService() - getGroupList. 
2022-05-15 11:56:23.641 [http-nio-5022-exec-9] INFO  VersionService() - getSignServerVersion url:http://127.0.0.1:5044/WeBASE-Sign/version
2022-05-15 11:56:23.732 [http-nio-5022-exec-4] INFO  Web3ApiService() - queryGroupStatus. groupId:1 status:GroupStatus{code='0x0', message='', status='RUNNING'}
2022-05-15 11:56:23.817 [http-nio-5022-exec-9] INFO  VersionService() - getSignServerVersion response:<200,v1.5.3,{Content-Type=[application/json;charset=UTF-8], Content-Length=[6], Date=[Sun, 15 May 2022 03:56:23 GMT], Keep-Alive=[timeout=10], Connection=[keep-alive]}>
2022-05-15 11:56:23.910 [http-nio-5022-exec-9] INFO  Web3ApiService() - queryGroupStatus. groupId:1 status:GroupStatus{code='0x0', message='', status='RUNNING'}
2022-05-15 11:56:23.958 [http-nio-5022-exec-4] INFO  Web3ApiService() - queryGroupStatus. groupId:2 status:GroupStatus{code='0x0', message='', status='RUNNING'}
2022-05-15 11:56:24.132 [http-nio-5022-exec-3] INFO  Web3ApiService() - getGroupList. 
2022-05-15 11:56:24.667 [http-nio-5022-exec-6] INFO  Web3ApiService() - getGroupList. 
2022-05-15 11:56:24.678 [http-nio-5022-exec-9] INFO  PrecompiledController() - start getNodeList startTime:1652586984678, groupId:1
2022-05-15 11:56:24.692 [http-nio-5022-exec-9] INFO  PrecompiledController() - end getNodeList useTime:14 resList:[NodeInfo(nodeId=46b1155ae017b453ac9330cd67460a6d30052ce6cec8b5702866a6b7948d8ee9bfd19ffd3a47b28d18669f259f972107b2ad591b0c9594b40fd98493af896bbd, nodeType=sealer), NodeInfo(nodeId=98c0aeb9fa086516b3f50daa83c26a662518cce165bf854e8157397c8e581a4dc138ca8f46a8282a8896b54a0b2b9835455db686e177801c9ca9bfa3aee2c62e, nodeType=sealer), NodeInfo(nodeId=ad64393609909a04ffba31e9ccea46729e3eb4e2e8149777149ccf0210dfb8e52ea73af54852f6a74b576c0d874fa49eabd32742116c85bd9af92fc40b7e66bd, nodeType=sealer), NodeInfo(nodeId=e36fbf6ada6986fd941976f85ec8f5964ac805d26f0d1c545814efb662f852a93c159748cb9d4c375ea3f54734b3f5c86058450ad71c56e3f0f9b68be47d9a1e, nodeType=sealer)]
2022-05-15 11:56:25.043 [http-nio-5022-exec-6] INFO  Web3ApiService() - queryGroupStatus. groupId:2 status:GroupStatus{code='0x0', message='', status='RUNNING'}
2022-05-15 11:57:39.054 [http-nio-5022-exec-2] INFO  TransController() - transHandle start. ReqTransHandleWithSign:[{"groupId":1,"signUserId":"empty","contractName":"test","version":"","contractAddress":"0xf5ecba8e222ecfbdcb33f478bb8aa81a7bf3f73c","contractPath":null,"funcName":"getHash2","contractAbi":[{"inputs":[],"name":"getHash2","outputs":[{"internalType":"bytes32","name":"","type":"bytes32"}],"stateMutability":"view","type":"function","funcId":4}],"funcParam":[],"useCns":false,"cnsName":""}]
2022-05-15 11:57:39.054 [http-nio-5022-exec-2] INFO  TransController() - transHandle start startTime:1652587059054
2022-05-15 11:57:39.087 [http-nio-5022-exec-2] WARN  TransService() - transHandleWithSign this signUser [empty] not record in webase-front
2022-05-15 11:57:39.173 [http-nio-5022-exec-2] INFO  TransService() - encodeFunction2Str encodeFunction:0x33c0f099
2022-05-15 11:57:39.174 [http-nio-5022-exec-2] WARN  TransService() - transHandleWithSign this signUser [empty] not record in webase-front
2022-05-15 11:57:39.238 [http-nio-5022-exec-2] INFO  TransService() - call contract res before decode:[base64://ZI10I5fCfjpVIcLYMIMptMdih02PyI+WUosn6CigtP8=]
2022-05-15 11:57:39.240 [http-nio-5022-exec-2] INFO  TransService() - call contract res:[0x648d742397c27e3a5521c2d8308329b4c762874d8fc88f96528b27e828a0b4ff]
2022-05-15 11:57:39.240 [http-nio-5022-exec-2] INFO  TransController() - transHandle end  useTime:186
2022-05-15 12:06:12.149 [http-nio-5022-exec-9] INFO  Web3ApiService() - getGroupList. 
2022-05-15 12:06:12.174 [http-nio-5022-exec-2] INFO  Web3ApiService() - queryGroupStatus. groupId:1 status:GroupStatus{code='0x0', message='', status='RUNNING'}
2022-05-15 12:06:12.242 [http-nio-5022-exec-5] INFO  Web3ApiService() - queryGroupStatus. groupId:2 status:GroupStatus{code='0x0', message='', status='RUNNING'}
2022-05-15 12:06:12.282 [http-nio-5022-exec-7] INFO  Web3ApiService() - getGroupList. 
2022-05-15 12:06:12.542 [http-nio-5022-exec-10] INFO  Web3ApiService() - getGroupList. 
2022-05-15 12:16:12.561 [http-nio-5022-exec-2] INFO  Web3ApiService() - getGroupList. 
2022-05-15 12:16:12.583 [http-nio-5022-exec-10] INFO  Web3ApiService() - queryGroupStatus. groupId:1 status:GroupStatus{code='0x0', message='', status='RUNNING'}
2022-05-15 12:16:12.610 [http-nio-5022-exec-6] INFO  Web3ApiService() - queryGroupStatus. groupId:2 status:GroupStatus{code='0x0', message='', status='RUNNING'}
2022-05-15 12:16:12.641 [http-nio-5022-exec-3] INFO  Web3ApiService() - getGroupList. 
2022-05-15 12:16:12.825 [http-nio-5022-exec-9] INFO  Web3ApiService() - getGroupList. 
2022-05-15 12:26:12.838 [http-nio-5022-exec-4] INFO  Web3ApiService() - getGroupList. 
2022-05-15 12:26:12.863 [http-nio-5022-exec-7] INFO  Web3ApiService() - queryGroupStatus. groupId:1 status:GroupStatus{code='0x0', message='', status='RUNNING'}
2022-05-15 12:26:12.904 [http-nio-5022-exec-5] INFO  Web3ApiService() - queryGroupStatus. groupId:2 status:GroupStatus{code='0x0', message='', status='RUNNING'}
2022-05-15 12:26:12.940 [http-nio-5022-exec-6] INFO  Web3ApiService() - getGroupList. 
2022-05-15 12:26:13.114 [http-nio-5022-exec-10] INFO  Web3ApiService() - getGroupList. 
