info|2022-04-14 12:58:28.869737|[INITIALIZER][initGlobalConfig],enableCompress=true,compatibilityVersion=2.8.0,versionNumber=34078720,enableStat=false,chainId=1,useSMCrypto=false
info|2022-04-14 12:58:28.912648|[INITIALIZER][SecureInitializer]loading privateKey
info|2022-04-14 12:58:28.988174|[INITIALIZER][SecureInitializer]get pub of node,nodeID=46b1155ae017b453ac9330cd67460a6d30052ce6cec8b5702866a6b7948d8ee9bfd19ffd3a47b28d18669f259f972107b2ad591b0c9594b40fd98493af896bbd
info|2022-04-14 12:58:28.989254|[INITIALIZER][SecureInitializer]use user certificate,file=conf//node.crt
info|2022-04-14 12:58:28.992408|[INITIALIZER][SecureInitializer]use ca certificate,file=conf//ca.crt
info|2022-04-14 12:58:28.992604|[INITIALIZER][SecureInitializer]use ca,file=conf//
info|2022-04-14 12:58:28.997550|[NETWORK][Host]Connecting to node,endpoint=127.0.0.1:30333
info|2022-04-14 12:58:28.997678|[NETWORK][Host]P2P StartAccept,Host=0.0.0.0:30336
info|2022-04-14 12:58:28.998066|[NETWORK][Host]Connecting to node,endpoint=127.0.0.1:30334
info|2022-04-14 12:58:28.998114|[NETWORK][Host]Connecting to node,endpoint=127.0.0.1:30335
info|2022-04-14 12:58:28.998145|[NETWORK][Host]Connecting to node,endpoint=127.0.0.1:30336
info|2022-04-14 12:58:28.998172|[P2P][Service] heartBeat,connected count=0
info|2022-04-14 12:58:28.998198|[INITIALIZER][RPCInitializer],network_security.check_cert_issuer=true
info|2022-04-14 12:58:29.002522|[NETWORK][Host]P2P Recv Connect, From=127.0.0.1:59888
info|2022-04-14 12:58:29.002586|[NETWORK][Host]P2P StartAccept,Host=0.0.0.0:30336
info|2022-04-14 12:58:29.013346|[NETWORK][ASIO]asyncResolveConnect,endpoint=127.0.0.1:30333
info|2022-04-14 12:58:29.013454|[NETWORK][ASIO]asyncResolveConnect,endpoint=127.0.0.1:30334
info|2022-04-14 12:58:29.013504|[NETWORK][ASIO]asyncResolveConnect,endpoint=127.0.0.1:30335
info|2022-04-14 12:58:29.013679|[NETWORK][ASIO]asyncResolveConnect,endpoint=127.0.0.1:30336
error|2022-04-14 12:58:29.013700|[NETWORK][Host]TCP Connection refused by node,endpoint=127.0.0.1:30333,message=拒绝连接
error|2022-04-14 12:58:29.013891|[NETWORK][Host]TCP Connection refused by node,endpoint=127.0.0.1:30335,message=拒绝连接
info|2022-04-14 12:58:29.013957|[NETWORK][Host]P2P Recv Connect, From=127.0.0.1:59890
info|2022-04-14 12:58:29.013979|[NETWORK][Host]P2P StartAccept,Host=0.0.0.0:30336
error|2022-04-14 12:58:29.014743|[NETWORK][Host]Get ca basic failed
warning|2022-04-14 12:58:29.015829|[P2P][Service] onConnect,errorCode=5,nodeID=00000000...,nodeName=,endpoint=unknown,what=Connect failed
warning|2022-04-14 12:58:29.015851|[P2P][Service] onConnect,errorCode=5,nodeID=00000000...,nodeName=,endpoint=unknown,what=Connect failed
info|2022-04-14 12:58:29.022634|[CHANNEL]ChannelRPCServer started
info|2022-04-14 12:58:29.022681|[INITIALIZER][RPCInitializer]ChannelRPCHttpServer started.
info|2022-04-14 12:58:29.022712|[INITIALIZER][LedgerInitializer]initConfig
info|2022-04-14 12:58:29.022738|[LedgerInitializer],groupConfigPath=conf/
info|2022-04-14 12:58:29.026743|[NETWORK][Host]P2P Recv Connect, From=127.0.0.1:59892
info|2022-04-14 12:58:29.026869|[NETWORK][Host]P2P StartAccept,Host=0.0.0.0:30336
error|2022-04-14 12:58:29.027156|[NETWORK][Host]Get ca basic failed
info|2022-04-14 12:58:29.031659|[NETWORK][Host]handshakeServer succ,remote endpoint=127.0.0.1:59890
info|2022-04-14 12:58:29.036654|[INITIALIZER][initSingleLedger] [GroupId], LedgerConstructor:  1,configFileName=conf/group.1.genesis,dataDir=data/
info|2022-04-14 12:58:29.038404|[g:1][LedgerParam][parseGenesisConfig]initConsensusConfig/initStorageConfig/initTxConfig,configFile=conf/group.1.genesis
info|2022-04-14 12:58:29.038425|[g:1][LedgerParam][initConsensusConfig],type=pbft,consensusTimeout=3,maxTxNum=1000,txGasLimit=300000000
info|2022-04-14 12:58:29.038436|[g:1][LedgerParam][parsePublicKeyListOfSection],sectionName=consensus,it.first=98c0aeb9fa086516b3f50daa83c26a662518cce165bf854e8157397c8e581a4dc138ca8f46a8282a8896b54a0b2b9835455db686e177801c9ca9bfa3aee2c62e
info|2022-04-14 12:58:29.038443|[g:1][LedgerParam][parsePublicKeyListOfSection],sectionName=consensus,it.first=e36fbf6ada6986fd941976f85ec8f5964ac805d26f0d1c545814efb662f852a93c159748cb9d4c375ea3f54734b3f5c86058450ad71c56e3f0f9b68be47d9a1e
info|2022-04-14 12:58:29.038449|[g:1][LedgerParam][parsePublicKeyListOfSection],sectionName=consensus,it.first=ad64393609909a04ffba31e9ccea46729e3eb4e2e8149777149ccf0210dfb8e52ea73af54852f6a74b576c0d874fa49eabd32742116c85bd9af92fc40b7e66bd
info|2022-04-14 12:58:29.038458|[g:1][LedgerParam][parsePublicKeyListOfSection],sectionName=consensus,it.first=46b1155ae017b453ac9330cd67460a6d30052ce6cec8b5702866a6b7948d8ee9bfd19ffd3a47b28d18669f259f972107b2ad591b0c9594b40fd98493af896bbd
info|2022-04-14 12:58:29.038461|[g:1][LedgerParam][parsePublicKeyListOfSection],totalPubKeySize=4
info|2022-04-14 12:58:29.038662|[g:1][LedgerParam][max_block_range],maxBlockRange=0,maxBlockPerProcess=3
info|2022-04-14 12:58:29.038673|[g:1][LedgerParam][parseGenesisConfig],timestamp=1646537624000
info|2022-04-14 12:58:29.038682|[g:1][LedgerParam]setEVMFlags,enableFreeStorageVMSchedule=false,evmFlags=0
info|2022-04-14 12:58:29.038690|[g:1][LedgerParam]store evmFlag,evmFlag=0
info|2022-04-14 12:58:29.038693|[g:1][LedgerParam]store consensus time,consensusTimeout=3
info|2022-04-14 12:58:29.038696|[g:1][LedgerParam][initMark],genesisMark=1-98c0aeb9fa086516b3f50daa83c26a662518cce165bf854e8157397c8e581a4dc138ca8f46a8282a8896b54a0b2b9835455db686e177801c9ca9bfa3aee2c62e,e36fbf6ada6986fd941976f85ec8f5964ac805d26f0d1c545814efb662f852a93c159748cb9d4c375ea3f54734b3f5c86058450ad71c56e3f0f9b68be47d9a1e,ad64393609909a04ffba31e9ccea46729e3eb4e2e8149777149ccf0210dfb8e52ea73af54852f6a74b576c0d874fa49eabd32742116c85bd9af92fc40b7e66bd,46b1155ae017b453ac9330cd67460a6d30052ce6cec8b5702866a6b7948d8ee9bfd19ffd3a47b28d18669f259f972107b2ad591b0c9594b40fd98493af896bbd,-pbft-storage-0-1000-300000000-3
info|2022-04-14 12:58:29.038701|[g:1][LedgerParam][initIniConfig]initTxPoolConfig/initSyncConfig/initTxExecuteConfig,configFile=conf/group.1.ini
info|2022-04-14 12:58:29.042176|[g:1][LedgerParam][initStorageConfig],stateType=storage,storageDB=rocksdb,storagePath=data//group1/block/RocksDB,baseDir=data//group1,dbtype=mysql,dbip=127.0.0.1,dbport=3306,dbcharset=utf8mb4,initconnections=15,maxconnections=50,scrollThreshold=2000
info|2022-04-14 12:58:29.042196|[g:1][LedgerParam][initTxPoolConfig],txPoolLimit=150000,memorySizeLimit(MB)=512,notifyWorkerNum=2
info|2022-04-14 12:58:29.042202|[g:1][LedgerParam][initSyncConfig],idleWaitMs=200
info|2022-04-14 12:58:29.042212|[g:1][LedgerParam][initSyncConfig],enableSendTxsByTree=true,enableSendBlockStatusByTree=true
info|2022-04-14 12:58:29.042498|[g:1][LedgerParam][initSyncConfig],gossipInterval=1000
info|2022-04-14 12:58:29.042510|[g:1][LedgerParam][initSyncConfig],enableSendBlockStatusByTree=true,gossipInterval=1000,gossipPeers=3,syncTreeWidth=3,maxQueueSizeForBlockSync=536870912,txsStatusGossipMaxPeers=5
info|2022-04-14 12:58:29.042518|[g:1][LedgerParam][InitTxExecuteConfig],enableParallel=true
info|2022-04-14 12:58:29.042535|[g:1][LedgerParam][initConsensusIniConfig],maxTTL=2,minBlockGenerationTime=500,enablDynamicBlockSize=true,blockSizeIncreaseRatio=0.5,enableTTLOptimize=true,enablePrepareWithTxsHash=true
info|2022-04-14 12:58:29.042554|[g:1][LedgerParam][initRPBFTConsensusIniConfig],broadcastPrepareByTree=true,prepareStatusBroadcastPercent=33,maxRequestMissedTxsWaitTime=100,maxRequestPrepareWaitTime=100
info|2022-04-14 12:58:29.042560|[g:1][LedgerParam][initFlowControlConfig],maxQPS=9223372036854775807,outGoingBandwidth(Bytes)=9223372036854775807
info|2022-04-14 12:58:29.042566|[g:1][LedgerParam]parseSDKAllowList,sdkAllowList=[],enableSDKAllowListControl=false
info|2022-04-14 12:58:29.042638|[g:1][LEDGER][initLedger][DBInitializer]
info|2022-04-14 12:58:29.043855|[g:1][LEDGER]setSDKAllowList,groupId=1,sdkAllowListSize=0
info|2022-04-14 12:58:29.043871|[g:1][CHANNEL]registerSDKAllowListByGroupId,groupId=1,size=0
info|2022-04-14 12:58:29.043877|[g:1][CHANNEL]Disable group-level sdk permission control for sdk allowlist is empty
info|2022-04-14 12:58:29.043881|[g:1][DBINITIALIZER] [initStorageDB]
info|2022-04-14 12:58:29.043887|[g:1][DBINITIALIZER] [initRocksDBStorage]
info|2022-04-14 12:58:29.046462|[NETWORK][Host]startPeerSession, Remote=127.0.0.1:59890,local endpoint=127.0.0.1:30336,nodeID=46b1155a...
info|2022-04-14 12:58:29.047318|[NETWORK][Host]handshakeClient succ,local endpoint=127.0.0.1:59890
info|2022-04-14 12:58:29.047430|[NETWORK][Host]startPeerSession, Remote=127.0.0.1:30336,local endpoint=127.0.0.1:59890,nodeID=46b1155a...
error|2022-04-14 12:58:29.047692|[NETWORK][Host]Get ca basic failed
error|2022-04-14 12:58:29.056917|[NETWORK][Host]Get ca basic failed
info|2022-04-14 12:58:29.061343|[g:1][ROCKSDB]open rocksDB handler,path=data//group1/block/RocksDB
info|2022-04-14 12:58:29.066802|[NETWORK][Host]P2P Recv Connect, From=127.0.0.1:59894
info|2022-04-14 12:58:29.066997|[NETWORK][Host]P2P StartAccept,Host=0.0.0.0:30336
info|2022-04-14 12:58:29.067059|[NETWORK][Host]handshakeServer succ,remote endpoint=127.0.0.1:59888
info|2022-04-14 12:58:29.069157|[P2P][Service] Connection established,nodeID=e36fbf6a...,endpoint=127.0.0.1:59888
info|2022-04-14 12:58:29.069217|[NETWORK][Host]startPeerSession, Remote=127.0.0.1:59888,local endpoint=127.0.0.1:30336,nodeID=e36fbf6a...
error|2022-04-14 12:58:29.077054|[NETWORK][Host]Get ca basic failed
info|2022-04-14 12:58:29.080534|[NETWORK][Host]handshakeClient succ,local endpoint=127.0.0.1:41344
info|2022-04-14 12:58:29.080606|[NETWORK][Host]startPeerSession, Remote=127.0.0.1:30334,local endpoint=127.0.0.1:41344,nodeID=e36fbf6a...
info|2022-04-14 12:58:29.080655|[NETWORK][Host]handshakeServer succ,remote endpoint=127.0.0.1:59892
info|2022-04-14 12:58:29.080759|[P2P][Service] Connection established,nodeID=98c0aeb9...,endpoint=127.0.0.1:59892
info|2022-04-14 12:58:29.080786|[NETWORK][Host]startPeerSession, Remote=127.0.0.1:59892,local endpoint=127.0.0.1:30336,nodeID=98c0aeb9...
error|2022-04-14 12:58:29.082919|[NETWORK][Host]Get ca basic failed
info|2022-04-14 12:58:29.084772|[NETWORK][Host]handshakeServer succ,remote endpoint=127.0.0.1:59894
info|2022-04-14 12:58:29.084841|[NETWORK][Host]startPeerSession, Remote=127.0.0.1:59894,local endpoint=127.0.0.1:30336,nodeID=ad643936...
info|2022-04-14 12:58:29.084962|[P2P][Service] Connection established,nodeID=ad643936...,endpoint=127.0.0.1:59894
info|2022-04-14 12:58:29.233602|[g:1][g:1][STORAGE][CachedStorage]Init flushStorage thread
info|2022-04-14 12:58:29.233804|[g:1][DBINITIALIZER] [init CachedStorage],maxCapacity=32,maxForwardBlock=10
info|2022-04-14 12:58:29.233822|[g:1][LEDGER][initLedger][initBlockChain]
info|2022-04-14 12:58:29.234984|[g:1][LEDGER]set enableHexBlock to be false,version=34078720
info|2022-04-14 12:58:29.235842|[g:1][BLOCKCHAIN][#checkAndBuildGenesisBlock],shouldBuild=false
info|2022-04-14 12:58:29.250446|[g:1][BLOCKCHAIN][#checkAndBuildGenesisBlock]Already have the 0th block, 0th groupMark is equal to file groupMark.
info|2022-04-14 12:58:29.250456|[g:1][LEDGER][initLedger]initBlockChain SUCC
info|2022-04-14 12:58:29.250492|[g:1][DBINITIALIZER] [createStateFactory],type=storage
info|2022-04-14 12:58:29.250496|[g:1][DBINITIALIZER] createStorageState SUCC
info|2022-04-14 12:58:29.250498|[g:1][DBINITIALIZER] [createStateFactory SUCC]
info|2022-04-14 12:58:29.250500|[g:1][DBINITIALIZER] createExecutiveContext...
info|2022-04-14 12:58:29.250512|[g:1][LEDGER]createGasMetric,vmFlagType=0
info|2022-04-14 12:58:29.250514|[g:1][LEDGER]createGasMetric
info|2022-04-14 12:58:29.250524|[g:1][DBINITIALIZER] create precompiledGasFactory and precompiledResultFactory
info|2022-04-14 12:58:29.250526|[g:1][DBINITIALIZER] createExecutiveContext SUCC
info|2022-04-14 12:58:29.250530|[g:1][DBINITIALIZER] [setSyncNumForCachedStorage],syncNum=310
info|2022-04-14 12:58:29.250535|[g:1][LEDGER][initNetworkBandWidthLimiter: outGoingBandwidthLimit has been disabled],groupId=1
info|2022-04-14 12:58:29.250537|[g:1][LEDGER][QPSLimit has been disabled],groupId=1
info|2022-04-14 12:58:29.250539|[g:1][LEDGER][initLedger][initBlockVerifier]
info|2022-04-14 12:58:29.250544|[g:1][LEDGER][initLedger][initBlockVerifier SUCC],evmFlags=0
info|2022-04-14 12:58:29.250546|[g:1][LEDGER][initLedger][initTxPool],txPoolLimit=150000
info|2022-04-14 12:58:29.278257|[g:1][LEDGER][initLedger]initTxPool SUCC
info|2022-04-14 12:58:29.278483|[g:1][LEDGER][initLedger][initSync],idleWaitMs=200,gossipInterval=1000,gossipPeers=3
info|2022-04-14 12:58:29.278524|[g:1][LEDGER]Init sync master,enableSendBlockStatusByTree=true,enableSendTxsByTree=true
info|2022-04-14 12:58:29.280711|[g:1][LEDGER][initLedger]initSync SUCC
info|2022-04-14 12:58:29.280745|[g:1][LEDGER][initLedger][consensusInitFactory]
info|2022-04-14 12:58:29.280754|[g:1][LEDGER][initLedger][createPBFTSealer]
info|2022-04-14 12:58:29.280794|[g:1][LEDGER][initLedger][createPBFTSealer],baseDir=data//group1,Protocol=65544
info|2022-04-14 12:58:29.280823|[g:1][LEDGER][initLedger]createPBFTSealer for PBFT or rPBFT,consensusType=pbft
info|2022-04-14 12:58:29.280830|[g:1][LEDGER]createConsensusEngine: create PBFTEngine
info|2022-04-14 12:58:29.280838|[g:1][CONSENSUS][PBFT]Register handler for PBFTEngine
info|2022-04-14 12:58:29.284825|[g:1][CONSENSUS][PBFT]setMinBlockGenerationTime,minBlockGenerationTime=500,consensusTime=1000
info|2022-04-14 12:58:29.284896|[g:1][LEDGER][initEventLogFilterManager]initEventLogFilterManager SUCC
info|2022-04-14 12:58:29.284917|[LedgerInitializer init group succ],groupID=1
info|2022-04-14 12:58:29.286178|[INITIALIZER][initSingleLedger] [GroupId], LedgerConstructor:  2,configFileName=conf/group.2.genesis,dataDir=data/
info|2022-04-14 12:58:29.286338|[g:2][LedgerParam][parseGenesisConfig]initConsensusConfig/initStorageConfig/initTxConfig,configFile=conf/group.2.genesis
info|2022-04-14 12:58:29.286366|[g:2][LedgerParam][initConsensusConfig],type=pbft,consensusTimeout=3,maxTxNum=1000,txGasLimit=300000000
info|2022-04-14 12:58:29.286375|[g:2][LedgerParam][parsePublicKeyListOfSection],sectionName=consensus,it.first=98c0aeb9fa086516b3f50daa83c26a662518cce165bf854e8157397c8e581a4dc138ca8f46a8282a8896b54a0b2b9835455db686e177801c9ca9bfa3aee2c62e
info|2022-04-14 12:58:29.286382|[g:2][LedgerParam][parsePublicKeyListOfSection],sectionName=consensus,it.first=e36fbf6ada6986fd941976f85ec8f5964ac805d26f0d1c545814efb662f852a93c159748cb9d4c375ea3f54734b3f5c86058450ad71c56e3f0f9b68be47d9a1e
info|2022-04-14 12:58:29.286388|[g:2][LedgerParam][parsePublicKeyListOfSection],sectionName=consensus,it.first=ad64393609909a04ffba31e9ccea46729e3eb4e2e8149777149ccf0210dfb8e52ea73af54852f6a74b576c0d874fa49eabd32742116c85bd9af92fc40b7e66bd
info|2022-04-14 12:58:29.286395|[g:2][LedgerParam][parsePublicKeyListOfSection],sectionName=consensus,it.first=46b1155ae017b453ac9330cd67460a6d30052ce6cec8b5702866a6b7948d8ee9bfd19ffd3a47b28d18669f259f972107b2ad591b0c9594b40fd98493af896bbd
info|2022-04-14 12:58:29.286397|[g:2][LedgerParam][parsePublicKeyListOfSection],totalPubKeySize=4
info|2022-04-14 12:58:29.286407|[g:2][LedgerParam][max_block_range],maxBlockRange=0,maxBlockPerProcess=3
info|2022-04-14 12:58:29.286411|[g:2][LedgerParam][parseGenesisConfig],timestamp=1646537624000
info|2022-04-14 12:58:29.286422|[g:2][LedgerParam]setEVMFlags,enableFreeStorageVMSchedule=false,evmFlags=0
info|2022-04-14 12:58:29.286432|[g:2][LedgerParam]store evmFlag,evmFlag=0
info|2022-04-14 12:58:29.286435|[g:2][LedgerParam]store consensus time,consensusTimeout=3
info|2022-04-14 12:58:29.286438|[g:2][LedgerParam][initMark],genesisMark=2-98c0aeb9fa086516b3f50daa83c26a662518cce165bf854e8157397c8e581a4dc138ca8f46a8282a8896b54a0b2b9835455db686e177801c9ca9bfa3aee2c62e,e36fbf6ada6986fd941976f85ec8f5964ac805d26f0d1c545814efb662f852a93c159748cb9d4c375ea3f54734b3f5c86058450ad71c56e3f0f9b68be47d9a1e,ad64393609909a04ffba31e9ccea46729e3eb4e2e8149777149ccf0210dfb8e52ea73af54852f6a74b576c0d874fa49eabd32742116c85bd9af92fc40b7e66bd,46b1155ae017b453ac9330cd67460a6d30052ce6cec8b5702866a6b7948d8ee9bfd19ffd3a47b28d18669f259f972107b2ad591b0c9594b40fd98493af896bbd,-pbft-storage-0-1000-300000000-3
info|2022-04-14 12:58:29.286444|[g:2][LedgerParam][initIniConfig]initTxPoolConfig/initSyncConfig/initTxExecuteConfig,configFile=conf/group.2.ini
info|2022-04-14 12:58:29.287173|[g:2][LedgerParam][initStorageConfig],stateType=storage,storageDB=rocksdb,storagePath=data//group2/block/RocksDB,baseDir=data//group2,dbtype=mysql,dbip=127.0.0.1,dbport=3306,dbcharset=utf8mb4,initconnections=15,maxconnections=50,scrollThreshold=2000
info|2022-04-14 12:58:29.287216|[g:2][LedgerParam][initTxPoolConfig],txPoolLimit=150000,memorySizeLimit(MB)=512,notifyWorkerNum=2
info|2022-04-14 12:58:29.287244|[g:2][LedgerParam][initSyncConfig],idleWaitMs=200
info|2022-04-14 12:58:29.287254|[g:2][LedgerParam][initSyncConfig],enableSendTxsByTree=true,enableSendBlockStatusByTree=true
info|2022-04-14 12:58:29.287260|[g:2][LedgerParam][initSyncConfig],gossipInterval=1000
info|2022-04-14 12:58:29.287270|[g:2][LedgerParam][initSyncConfig],enableSendBlockStatusByTree=true,gossipInterval=1000,gossipPeers=3,syncTreeWidth=3,maxQueueSizeForBlockSync=536870912,txsStatusGossipMaxPeers=5
info|2022-04-14 12:58:29.287274|[g:2][LedgerParam][InitTxExecuteConfig],enableParallel=true
info|2022-04-14 12:58:29.287287|[g:2][LedgerParam][initConsensusIniConfig],maxTTL=2,minBlockGenerationTime=500,enablDynamicBlockSize=true,blockSizeIncreaseRatio=0.5,enableTTLOptimize=true,enablePrepareWithTxsHash=true
info|2022-04-14 12:58:29.287305|[g:2][LedgerParam][initRPBFTConsensusIniConfig],broadcastPrepareByTree=true,prepareStatusBroadcastPercent=33,maxRequestMissedTxsWaitTime=100,maxRequestPrepareWaitTime=100
info|2022-04-14 12:58:29.287311|[g:2][LedgerParam][initFlowControlConfig],maxQPS=9223372036854775807,outGoingBandwidth(Bytes)=9223372036854775807
info|2022-04-14 12:58:29.287315|[g:2][LedgerParam]parseSDKAllowList,sdkAllowList=[],enableSDKAllowListControl=false
info|2022-04-14 12:58:29.287330|[g:2][LEDGER][initLedger][DBInitializer]
info|2022-04-14 12:58:29.287351|[g:2][LEDGER]setSDKAllowList,groupId=2,sdkAllowListSize=0
info|2022-04-14 12:58:29.287359|[g:2][CHANNEL]registerSDKAllowListByGroupId,groupId=2,size=0
info|2022-04-14 12:58:29.287364|[g:2][CHANNEL]Disable group-level sdk permission control for sdk allowlist is empty
info|2022-04-14 12:58:29.287397|[g:2][DBINITIALIZER] [initStorageDB]
info|2022-04-14 12:58:29.287402|[g:2][DBINITIALIZER] [initRocksDBStorage]
info|2022-04-14 12:58:29.288237|[g:2][ROCKSDB]open rocksDB handler,path=data//group2/block/RocksDB
info|2022-04-14 12:58:29.382793|[g:2][g:2][STORAGE][CachedStorage]Init flushStorage thread
info|2022-04-14 12:58:29.382983|[g:2][DBINITIALIZER] [init CachedStorage],maxCapacity=32,maxForwardBlock=10
info|2022-04-14 12:58:29.383007|[g:2][LEDGER][initLedger][initBlockChain]
info|2022-04-14 12:58:29.383229|[g:2][LEDGER]set enableHexBlock to be false,version=34078720
info|2022-04-14 12:58:29.383236|[g:2][BLOCKCHAIN][#checkAndBuildGenesisBlock],shouldBuild=false
info|2022-04-14 12:58:29.383478|[g:2][BLOCKCHAIN][#checkAndBuildGenesisBlock]Already have the 0th block, 0th groupMark is equal to file groupMark.
info|2022-04-14 12:58:29.383484|[g:2][LEDGER][initLedger]initBlockChain SUCC
info|2022-04-14 12:58:29.383529|[g:2][DBINITIALIZER] [createStateFactory],type=storage
info|2022-04-14 12:58:29.383533|[g:2][DBINITIALIZER] createStorageState SUCC
info|2022-04-14 12:58:29.383535|[g:2][DBINITIALIZER] [createStateFactory SUCC]
info|2022-04-14 12:58:29.383537|[g:2][DBINITIALIZER] createExecutiveContext...
info|2022-04-14 12:58:29.383546|[g:2][LEDGER]createGasMetric,vmFlagType=0
info|2022-04-14 12:58:29.383548|[g:2][LEDGER]createGasMetric
info|2022-04-14 12:58:29.383553|[g:2][DBINITIALIZER] create precompiledGasFactory and precompiledResultFactory
info|2022-04-14 12:58:29.383554|[g:2][DBINITIALIZER] createExecutiveContext SUCC
info|2022-04-14 12:58:29.383558|[g:2][DBINITIALIZER] [setSyncNumForCachedStorage],syncNum=0
info|2022-04-14 12:58:29.383561|[g:2][LEDGER][initNetworkBandWidthLimiter: outGoingBandwidthLimit has been disabled],groupId=2
info|2022-04-14 12:58:29.383564|[g:2][LEDGER][QPSLimit has been disabled],groupId=2
info|2022-04-14 12:58:29.383566|[g:2][LEDGER][initLedger][initBlockVerifier]
info|2022-04-14 12:58:29.383570|[g:2][LEDGER][initLedger][initBlockVerifier SUCC],evmFlags=0
info|2022-04-14 12:58:29.383572|[g:2][LEDGER][initLedger][initTxPool],txPoolLimit=150000
info|2022-04-14 12:58:29.383691|[g:2][LEDGER][initLedger]initTxPool SUCC
info|2022-04-14 12:58:29.383696|[g:2][LEDGER][initLedger][initSync],idleWaitMs=200,gossipInterval=1000,gossipPeers=3
info|2022-04-14 12:58:29.383751|[g:2][LEDGER]Init sync master,enableSendBlockStatusByTree=true,enableSendTxsByTree=true
info|2022-04-14 12:58:29.384448|[g:2][LEDGER][initLedger]initSync SUCC
info|2022-04-14 12:58:29.384454|[g:2][LEDGER][initLedger][consensusInitFactory]
info|2022-04-14 12:58:29.384457|[g:2][LEDGER][initLedger][createPBFTSealer]
info|2022-04-14 12:58:29.384459|[g:2][LEDGER][initLedger][createPBFTSealer],baseDir=data//group2,Protocol=131080
info|2022-04-14 12:58:29.384463|[g:2][LEDGER][initLedger]createPBFTSealer for PBFT or rPBFT,consensusType=pbft
info|2022-04-14 12:58:29.384467|[g:2][LEDGER]createConsensusEngine: create PBFTEngine
info|2022-04-14 12:58:29.384471|[g:2][CONSENSUS][PBFT]Register handler for PBFTEngine
info|2022-04-14 12:58:29.385420|[g:2][CONSENSUS][PBFT]setMinBlockGenerationTime,minBlockGenerationTime=500,consensusTime=1000
info|2022-04-14 12:58:29.385448|[g:2][LEDGER][initEventLogFilterManager]initEventLogFilterManager SUCC
info|2022-04-14 12:58:29.385454|[LedgerInitializer init group succ],groupID=2
info|2022-04-14 12:58:29.387319|[INITIALIZER][RPCInitializer JsonrpcHttpServer started],jsonrpc_IP=0.0.0.0,jsonrpc_listen_port=8562,ipv6=false
info|2022-04-14 12:58:29.387336|[g:1][LEDGER]startAll...
info|2022-04-14 12:58:29.388218|[g:1][GossipBlockStatus]start GossipBlockStatus succ
info|2022-04-14 12:58:29.388390|[g:1][CONSENSUS][ConsensusEngine][Start ConsensusEngineBase]
info|2022-04-14 12:58:29.388815|[g:1][CONSENSUS][PBFT]^^^^^^^^Report,num=310,sealerIdx=0,hash=135abc28...,next=311,tx=1,nodeIdx=0
info|2022-04-14 12:58:29.394989|[g:1][NodeTimeMaintenance]updateTimeInfo: update median time offset,updatedMedianTimeOffset=-2,peer=98c0aeb9...,peerTime=1649912309392,peerOffset=-2,utcTime=1649912309395
info|2022-04-14 12:58:29.397822|[g:1][NodeTimeMaintenance]updateTimeInfo: update median time offset,updatedMedianTimeOffset=-1,peer=e36fbf6a...,peerTime=1649912309397,peerOffset=0,utcTime=1649912309397
info|2022-04-14 12:58:29.399766|[g:1][ROCKSDB]open rocksDB handler,path=data//group1/pbftMsgBackup/RocksDB
info|2022-04-14 12:58:29.431237|[g:1][NodeTimeMaintenance]updateTimeInfo: update median time offset,updatedMedianTimeOffset=-1,peer=ad643936...,peerTime=1649912309430,peerOffset=-1,utcTime=1649912309431
info|2022-04-14 12:58:29.575740|[g:1][CONSENSUS][PBFT][PBFT init env successfully]
info|2022-04-14 12:58:29.575786|[g:1][CONSENSUS][PBFT][Start PBFTEngine...]
info|2022-04-14 12:58:29.575794|[g:1][CONSENSUS][SEALER][Start sealer module]
info|2022-04-14 12:58:29.577231|[g:1][EVENT][EventLogFilterManager]start,m_maxBlockRange=0,m_maxBlockPerLoopFilter=3
info|2022-04-14 12:58:29.577499|[g:2][LEDGER]startAll...
info|2022-04-14 12:58:29.578668|[g:2][NodeTimeMaintenance]updateTimeInfo: update median time offset,updatedMedianTimeOffset=-1,peer=ad643936...,peerTime=1649912309577,peerOffset=-1,utcTime=1649912309578
info|2022-04-14 12:58:29.578965|[g:2][GossipBlockStatus]start GossipBlockStatus succ
info|2022-04-14 12:58:29.578999|[g:2][CONSENSUS][ConsensusEngine][Start ConsensusEngineBase]
info|2022-04-14 12:58:29.579275|[g:2][CONSENSUS][PBFT]^^^^^^^^Report,num=0,sealerIdx=0,hash=eeb653bf...,next=1,tx=0,nodeIdx=0
info|2022-04-14 12:58:29.587312|[g:2][ROCKSDB]open rocksDB handler,path=data//group2/pbftMsgBackup/RocksDB
info|2022-04-14 12:58:29.595226|[g:2][NodeTimeMaintenance]updateTimeInfo: update median time offset,updatedMedianTimeOffset=-1,peer=e36fbf6a...,peerTime=1649912309594,peerOffset=-1,utcTime=1649912309595
info|2022-04-14 12:58:29.680019|[g:2][CONSENSUS][PBFT][PBFT init env successfully]
info|2022-04-14 12:58:29.680061|[g:2][CONSENSUS][PBFT][Start PBFTEngine...]
info|2022-04-14 12:58:29.680068|[g:2][CONSENSUS][SEALER][Start sealer module]
info|2022-04-14 12:58:29.680396|[g:2][CONSENSUS][PBFT]^^^^^^^^Report,num=0,sealerIdx=0,hash=eeb653bf...,next=1,tx=0,nodeIdx=0
info|2022-04-14 12:58:29.680530|[g:2][EVENT][EventLogFilterManager]start,m_maxBlockRange=0,m_maxBlockPerLoopFilter=3
info|2022-04-14 12:58:29.898891|[g:2][NodeTimeMaintenance]updateTimeInfo: update median time offset,updatedMedianTimeOffset=-1,peer=98c0aeb9...,peerTime=1649912309898,peerOffset=0,utcTime=1649912309898
info|2022-04-14 12:58:30.578706|[g:1][CONSENSUS]addRawPrepare,height=311,reqIdx=2,hash=ca231dbe...,time=0
info|2022-04-14 12:58:30.579163|[g:1][CONSENSUS][PBFT]checkTimeout Succ,view=0,toView=1,nodeIdx=0,changeCycle=1,myNode=46b1155a...,timecost=0.39
info|2022-04-14 12:58:30.579816|[g:1][CONSENSUS][PBFT]checkAndChangeView: Reach consensus,org_view=0,cur_changeCycle=1,curView=0,view=1
info|2022-04-14 12:58:30.579964|[g:2][CONSENSUS][SEALER]++++++++++++++++ Generating seal on,blkNum=1,tx=0,nodeIdx=0,hash=71af9a8a...
info|2022-04-14 12:58:30.580474|[g:2][CONSENSUS][PBFT]checkTimeout Succ,view=0,toView=1,nodeIdx=0,changeCycle=1,myNode=46b1155a...,timecost=0.189
info|2022-04-14 12:58:30.583039|[g:2][CONSENSUS][PBFT]checkAndChangeView: Reach consensus,org_view=0,cur_changeCycle=1,curView=0,view=1
info|2022-04-14 12:58:31.581909|[g:1][CONSENSUS]addRawPrepare,height=311,reqIdx=3,hash=2e91dcc7...,time=0
info|2022-04-14 12:58:31.582125|[g:1][CONSENSUS][PBFT]checkTimeout Succ,view=1,toView=2,nodeIdx=0,changeCycle=1,myNode=46b1155a...,timecost=0.179
info|2022-04-14 12:58:31.583231|[g:1][CONSENSUS][PBFT]checkAndChangeView: Reach consensus,org_view=1,cur_changeCycle=1,curView=1,view=2
info|2022-04-14 12:58:31.584902|[g:2][CONSENSUS]addRawPrepare,height=1,reqIdx=1,hash=bd538086...,time=0
info|2022-04-14 12:58:31.585242|[g:2][CONSENSUS][PBFT]checkTimeout Succ,view=1,toView=2,nodeIdx=0,changeCycle=1,myNode=46b1155a...,timecost=0.167
info|2022-04-14 12:58:31.586992|[g:2][CONSENSUS][PBFT]checkAndChangeView: Reach consensus,org_view=1,cur_changeCycle=1,curView=1,view=2
info|2022-04-14 12:58:32.584696|[g:1][CONSENSUS][SEALER]++++++++++++++++ Generating seal on,blkNum=311,tx=0,nodeIdx=0,hash=98ff60ee...
info|2022-04-14 12:58:32.585516|[g:1][CONSENSUS][PBFT]checkTimeout Succ,view=2,toView=3,nodeIdx=0,changeCycle=1,myNode=46b1155a...,timecost=0.436
info|2022-04-14 12:58:32.590180|[g:1][CONSENSUS][PBFT]checkAndChangeView: Reach consensus,org_view=2,cur_changeCycle=1,curView=2,view=3
info|2022-04-14 12:58:32.594309|[g:2][CONSENSUS][PBFT]Trigger fast-viewchange,view=2,toView=2,minView=3,INFO=,reqNum=0,curNum=0,GenIdx=1,Cview=3,view=2,fromIdx=1,fromNode=98c0aeb9...,fromIp=127.0.0.1:59892,hash=eeb653bf...,nodeIdx=0,myNode=46b1155a...
info|2022-04-14 12:58:32.594785|[g:2][CONSENSUS][PBFT]checkAndChangeView: Reach consensus,org_view=2,cur_changeCycle=2,curView=2,view=3
info|2022-04-14 12:58:32.594803|[g:2][CONSENSUS][PBFT]checkTimeout Succ,view=3,toView=3,nodeIdx=0,changeCycle=2,myNode=46b1155a...,timecost=0.359
info|2022-04-14 12:58:33.594928|[g:1][CONSENSUS]addRawPrepare,height=311,reqIdx=1,hash=ea256224...,time=0
info|2022-04-14 12:58:33.595306|[g:1][CONSENSUS][PBFT]checkTimeout Succ,view=3,toView=4,nodeIdx=0,changeCycle=1,myNode=46b1155a...,timecost=0.328
info|2022-04-14 12:58:33.600336|[g:1][CONSENSUS][PBFT]checkAndChangeView: Reach consensus,org_view=3,cur_changeCycle=1,curView=3,view=4
info|2022-04-14 12:58:33.640177|[g:2][CONSENSUS]addRawPrepare,height=1,reqIdx=3,hash=8162e77d...,time=0
info|2022-04-14 12:58:33.640811|[g:2][CONSENSUS][PBFT]checkTimeout Succ,view=3,toView=4,nodeIdx=0,changeCycle=1,myNode=46b1155a...,timecost=0.529
info|2022-04-14 12:58:33.648760|[g:2][CONSENSUS][PBFT]checkAndChangeView: Reach consensus,org_view=3,cur_changeCycle=1,curView=3,view=4
info|2022-04-14 12:58:34.604810|[g:1][CONSENSUS]addRawPrepare,height=311,reqIdx=2,hash=f262cdee...,time=0
info|2022-04-14 12:58:34.605544|[g:1][CONSENSUS][PBFT]checkTimeout Succ,view=4,toView=5,nodeIdx=0,changeCycle=1,myNode=46b1155a...,timecost=0.646
info|2022-04-14 12:58:34.609953|[g:1][CONSENSUS][PBFT]checkAndChangeView: Reach consensus,org_view=4,cur_changeCycle=1,curView=4,view=5
info|2022-04-14 12:58:34.648570|[g:2][CONSENSUS][SEALER]++++++++++++++++ Generating seal on,blkNum=1,tx=0,nodeIdx=0,hash=68a9c4de...
info|2022-04-14 12:58:34.655572|[g:2][CONSENSUS][PBFT]checkTimeout Succ,view=4,toView=5,nodeIdx=0,changeCycle=1,myNode=46b1155a...,timecost=1.077
info|2022-04-14 12:58:34.659141|[g:2][CONSENSUS][PBFT]checkAndChangeView: Reach consensus,org_view=4,cur_changeCycle=1,curView=4,view=5
info|2022-04-14 12:58:35.611260|[g:1][CONSENSUS]addRawPrepare,height=311,reqIdx=3,hash=c18b33e3...,time=0
info|2022-04-14 12:58:35.611540|[g:1][CONSENSUS][PBFT]checkTimeout Succ,view=5,toView=6,nodeIdx=0,changeCycle=1,myNode=46b1155a...,timecost=0.227
info|2022-04-14 12:58:35.612769|[g:1][CONSENSUS][PBFT]checkAndChangeView: Reach consensus,org_view=5,cur_changeCycle=1,curView=5,view=6
info|2022-04-14 12:58:35.654118|[g:2][CONSENSUS]addRawPrepare,height=1,reqIdx=1,hash=35418f21...,time=0
info|2022-04-14 12:58:35.654421|[g:2][CONSENSUS][PBFT]checkTimeout Succ,view=5,toView=6,nodeIdx=0,changeCycle=1,myNode=46b1155a...,timecost=0.279
info|2022-04-14 12:58:35.657423|[g:2][CONSENSUS][PBFT]checkAndChangeView: Reach consensus,org_view=5,cur_changeCycle=1,curView=5,view=6
info|2022-04-14 12:58:36.613753|[g:1][CONSENSUS][SEALER]++++++++++++++++ Generating seal on,blkNum=311,tx=0,nodeIdx=0,hash=95e21356...
info|2022-04-14 12:58:36.616192|[g:1][CONSENSUS][PBFT]checkTimeout Succ,view=6,toView=7,nodeIdx=0,changeCycle=1,myNode=46b1155a...,timecost=0.278
info|2022-04-14 12:58:36.617153|[g:1][CONSENSUS][PBFT]checkAndChangeView: Reach consensus,org_view=6,cur_changeCycle=1,curView=6,view=7
info|2022-04-14 12:58:36.658495|[g:2][CONSENSUS]addRawPrepare,height=1,reqIdx=2,hash=8f6eb67b...,time=0
info|2022-04-14 12:58:36.658825|[g:2][CONSENSUS][PBFT]checkTimeout Succ,view=6,toView=7,nodeIdx=0,changeCycle=1,myNode=46b1155a...,timecost=0.295
info|2022-04-14 12:58:36.661050|[g:2][CONSENSUS][PBFT]checkAndChangeView: Reach consensus,org_view=6,cur_changeCycle=1,curView=6,view=7
info|2022-04-14 12:58:37.628694|[g:1][CONSENSUS]addRawPrepare,height=311,reqIdx=1,hash=d1ecb30c...,time=0
info|2022-04-14 12:58:37.628922|[g:1][CONSENSUS][PBFT]checkTimeout Succ,view=7,toView=8,nodeIdx=0,changeCycle=1,myNode=46b1155a...,timecost=0.198
info|2022-04-14 12:58:37.630022|[g:1][CONSENSUS][PBFT]checkAndChangeView: Reach consensus,org_view=7,cur_changeCycle=1,curView=7,view=8
info|2022-04-14 12:58:37.662885|[g:2][CONSENSUS]addRawPrepare,height=1,reqIdx=3,hash=f747e9f2...,time=0
info|2022-04-14 12:58:37.663135|[g:2][CONSENSUS][PBFT]checkTimeout Succ,view=7,toView=8,nodeIdx=0,changeCycle=1,myNode=46b1155a...,timecost=0.228
info|2022-04-14 12:58:37.666317|[g:2][CONSENSUS][PBFT]checkAndChangeView: Reach consensus,org_view=7,cur_changeCycle=1,curView=7,view=8
info|2022-04-14 12:58:38.632638|[g:1][CONSENSUS]addRawPrepare,height=311,reqIdx=2,hash=708dc747...,time=0
info|2022-04-14 12:58:38.633022|[g:1][CONSENSUS][PBFT]checkTimeout Succ,view=8,toView=9,nodeIdx=0,changeCycle=1,myNode=46b1155a...,timecost=0.264
info|2022-04-14 12:58:38.635915|[g:1][CONSENSUS][PBFT]checkAndChangeView: Reach consensus,org_view=8,cur_changeCycle=1,curView=8,view=9
info|2022-04-14 12:58:38.667148|[g:2][CONSENSUS][SEALER]++++++++++++++++ Generating seal on,blkNum=1,tx=0,nodeIdx=0,hash=2ee05e21...
info|2022-04-14 12:58:38.671190|[g:2][CONSENSUS][PBFT]checkTimeout Succ,view=8,toView=9,nodeIdx=0,changeCycle=1,myNode=46b1155a...,timecost=0.389
info|2022-04-14 12:58:38.672080|[g:2][CONSENSUS][PBFT]checkAndChangeView: Reach consensus,org_view=8,cur_changeCycle=1,curView=8,view=9
info|2022-04-14 12:58:38.998446|[NETWORK][Host]Connecting to node,endpoint=127.0.0.1:30333
info|2022-04-14 12:58:38.998636|[NETWORK][Host]Connecting to node,endpoint=127.0.0.1:30335
info|2022-04-14 12:58:38.999804|[P2P][Service] heartBeat,connected count=3
info|2022-04-14 12:58:39.000086|[NETWORK][ASIO]asyncResolveConnect,endpoint=127.0.0.1:30333
info|2022-04-14 12:58:39.000231|[NETWORK][ASIO]asyncResolveConnect,endpoint=127.0.0.1:30335
error|2022-04-14 12:58:39.011351|[NETWORK][Host]Get ca basic failed
error|2022-04-14 12:58:39.021404|[NETWORK][Host]Get ca basic failed
info|2022-04-14 12:58:39.036052|[NETWORK][Host]handshakeClient succ,local endpoint=127.0.0.1:46596
info|2022-04-14 12:58:39.038832|[NETWORK][Host]startPeerSession, Remote=127.0.0.1:30335,local endpoint=127.0.0.1:46596,nodeID=ad643936...
info|2022-04-14 12:58:39.041592|[NETWORK][Host]handshakeClient succ,local endpoint=127.0.0.1:58808
info|2022-04-14 12:58:39.041730|[NETWORK][Host]startPeerSession, Remote=127.0.0.1:30333,local endpoint=127.0.0.1:58808,nodeID=98c0aeb9...
info|2022-04-14 12:58:39.646270|[g:1][CONSENSUS]addRawPrepare,height=311,reqIdx=3,hash=747b8595...,time=0
info|2022-04-14 12:58:39.648761|[g:1][CONSENSUS][PBFT]checkTimeout Succ,view=9,toView=10,nodeIdx=0,changeCycle=1,myNode=46b1155a...,timecost=2.437
info|2022-04-14 12:58:39.649215|[g:1][CONSENSUS][PBFT]checkAndChangeView: Reach consensus,org_view=9,cur_changeCycle=1,curView=9,view=10
info|2022-04-14 12:58:39.679025|[g:2][CONSENSUS]addRawPrepare,height=1,reqIdx=1,hash=7980e927...,time=0
info|2022-04-14 12:58:39.680611|[g:2][CONSENSUS][PBFT]checkTimeout Succ,view=9,toView=10,nodeIdx=0,changeCycle=1,myNode=46b1155a...,timecost=1.548
info|2022-04-14 12:58:39.681142|[g:2][CONSENSUS][PBFT]checkAndChangeView: Reach consensus,org_view=9,cur_changeCycle=1,curView=9,view=10
info|2022-04-14 12:58:40.650155|[g:1][CONSENSUS][SEALER]++++++++++++++++ Generating seal on,blkNum=311,tx=0,nodeIdx=0,hash=e952e98a...
info|2022-04-14 12:58:40.654540|[g:1][CONSENSUS][PBFT]checkTimeout Succ,view=10,toView=11,nodeIdx=0,changeCycle=1,myNode=46b1155a...,timecost=0.579
info|2022-04-14 12:58:40.656444|[g:1][CONSENSUS][PBFT]checkAndChangeView: Reach consensus,org_view=10,cur_changeCycle=1,curView=10,view=11
info|2022-04-14 12:58:40.684060|[g:2][CONSENSUS]addRawPrepare,height=1,reqIdx=2,hash=9758ef93...,time=0
info|2022-04-14 12:58:40.684779|[g:2][CONSENSUS][PBFT]checkTimeout Succ,view=10,toView=11,nodeIdx=0,changeCycle=1,myNode=46b1155a...,timecost=0.675
info|2022-04-14 12:58:40.690004|[g:2][CONSENSUS][PBFT]checkAndChangeView: Reach consensus,org_view=10,cur_changeCycle=1,curView=10,view=11
info|2022-04-14 12:58:41.782454|[g:1][CONSENSUS]addRawPrepare,height=311,reqIdx=1,hash=2c680bd5...,time=0
info|2022-04-14 12:58:41.783289|[g:1][CONSENSUS][PBFT]checkTimeout Succ,view=11,toView=12,nodeIdx=0,changeCycle=1,myNode=46b1155a...,timecost=0.363
info|2022-04-14 12:58:41.792518|[g:2][CONSENSUS]addRawPrepare,height=1,reqIdx=3,hash=f9ed7362...,time=0
info|2022-04-14 12:58:41.793122|[g:1][CONSENSUS][PBFT]checkAndChangeView: Reach consensus,org_view=11,cur_changeCycle=1,curView=11,view=12
info|2022-04-14 12:58:41.796490|[g:2][CONSENSUS][PBFT]checkTimeout Succ,view=11,toView=12,nodeIdx=0,changeCycle=1,myNode=46b1155a...,timecost=0.49
info|2022-04-14 12:58:41.800447|[g:2][CONSENSUS][PBFT]checkAndChangeView: Reach consensus,org_view=11,cur_changeCycle=1,curView=11,view=12
info|2022-04-14 12:58:42.808174|[g:2][CONSENSUS][SEALER]++++++++++++++++ Generating seal on,blkNum=1,tx=0,nodeIdx=0,hash=a2314e8a...
info|2022-04-14 12:58:42.809512|[g:1][CONSENSUS]addRawPrepare,height=311,reqIdx=2,hash=b9a40077...,time=0
info|2022-04-14 12:58:42.809897|[g:1][CONSENSUS][PBFT]checkTimeout Succ,view=12,toView=13,nodeIdx=0,changeCycle=1,myNode=46b1155a...,timecost=0.259
info|2022-04-14 12:58:42.813177|[g:1][CONSENSUS][PBFT]checkAndChangeView: Reach consensus,org_view=12,cur_changeCycle=1,curView=12,view=13
info|2022-04-14 12:58:42.813215|[g:2][CONSENSUS][PBFT]checkTimeout Succ,view=12,toView=13,nodeIdx=0,changeCycle=1,myNode=46b1155a...,timecost=2.101
info|2022-04-14 12:58:42.829045|[g:2][CONSENSUS][PBFT]checkAndChangeView: Reach consensus,org_view=12,cur_changeCycle=1,curView=12,view=13
info|2022-04-14 12:58:43.819208|[g:2][CONSENSUS]addRawPrepare,height=1,reqIdx=1,hash=352eb203...,time=0
info|2022-04-14 12:58:43.819472|[g:1][CONSENSUS]addRawPrepare,height=311,reqIdx=3,hash=c95b9ab1...,time=0
info|2022-04-14 12:58:43.819542|[g:2][CONSENSUS][PBFT]checkTimeout Succ,view=13,toView=14,nodeIdx=0,changeCycle=1,myNode=46b1155a...,timecost=0.298
info|2022-04-14 12:58:43.819741|[g:1][CONSENSUS][PBFT]checkTimeout Succ,view=13,toView=14,nodeIdx=0,changeCycle=1,myNode=46b1155a...,timecost=0.244
info|2022-04-14 12:58:43.828727|[g:2][CONSENSUS][PBFT]checkAndChangeView: Reach consensus,org_view=13,cur_changeCycle=1,curView=13,view=14
info|2022-04-14 12:58:43.829081|[g:1][CONSENSUS][PBFT]checkAndChangeView: Reach consensus,org_view=13,cur_changeCycle=1,curView=13,view=14
info|2022-04-14 12:58:44.826818|[g:2][CONSENSUS]addRawPrepare,height=1,reqIdx=2,hash=fd2518c5...,time=0
info|2022-04-14 12:58:44.827176|[g:2][CONSENSUS][PBFT]checkTimeout Succ,view=14,toView=15,nodeIdx=0,changeCycle=1,myNode=46b1155a...,timecost=0.336
info|2022-04-14 12:58:44.828652|[g:1][CONSENSUS][SEALER]++++++++++++++++ Generating seal on,blkNum=311,tx=0,nodeIdx=0,hash=6ede8ce0...
info|2022-04-14 12:58:44.831364|[g:1][CONSENSUS][PBFT]checkTimeout Succ,view=14,toView=15,nodeIdx=0,changeCycle=1,myNode=46b1155a...,timecost=0.306
info|2022-04-14 12:58:44.833438|[g:1][CONSENSUS][PBFT]checkAndChangeView: Reach consensus,org_view=14,cur_changeCycle=1,curView=14,view=15
info|2022-04-14 12:58:44.834696|[g:2][CONSENSUS][PBFT]checkAndChangeView: Reach consensus,org_view=14,cur_changeCycle=1,curView=14,view=15
info|2022-04-14 12:58:45.845479|[g:1][CONSENSUS]addRawPrepare,height=311,reqIdx=1,hash=c60ea1cd...,time=0
info|2022-04-14 12:58:45.847641|[g:2][CONSENSUS]addRawPrepare,height=1,reqIdx=3,hash=41ad4d6b...,time=0
info|2022-04-14 12:58:45.852842|[g:1][CONSENSUS][PBFT]checkTimeout Succ,view=15,toView=16,nodeIdx=0,changeCycle=1,myNode=46b1155a...,timecost=7.323
info|2022-04-14 12:58:45.853562|[g:2][CONSENSUS][PBFT]checkTimeout Succ,view=15,toView=16,nodeIdx=0,changeCycle=1,myNode=46b1155a...,timecost=5.605
info|2022-04-14 12:58:45.854791|[g:2][CONSENSUS][PBFT]checkAndChangeView: Reach consensus,org_view=15,cur_changeCycle=1,curView=15,view=16
info|2022-04-14 12:58:45.864299|[g:1][CONSENSUS][PBFT]checkAndChangeView: Reach consensus,org_view=15,cur_changeCycle=1,curView=15,view=16
info|2022-04-14 12:58:46.855119|[g:2][CONSENSUS][SEALER]++++++++++++++++ Generating seal on,blkNum=1,tx=0,nodeIdx=0,hash=7e3bd3d8...
info|2022-04-14 12:58:46.857129|[g:2][CONSENSUS][PBFT]checkTimeout Succ,view=16,toView=17,nodeIdx=0,changeCycle=1,myNode=46b1155a...,timecost=0.369
info|2022-04-14 12:58:46.861492|[g:2][CONSENSUS][PBFT]checkAndChangeView: Reach consensus,org_view=16,cur_changeCycle=1,curView=16,view=17
info|2022-04-14 12:58:46.866146|[g:1][CONSENSUS]addRawPrepare,height=311,reqIdx=2,hash=4cebf248...,time=0
info|2022-04-14 12:58:46.866493|[g:1][CONSENSUS][PBFT]checkTimeout Succ,view=16,toView=17,nodeIdx=0,changeCycle=1,myNode=46b1155a...,timecost=0.245
info|2022-04-14 12:58:46.872189|[g:1][CONSENSUS][PBFT]checkAndChangeView: Reach consensus,org_view=16,cur_changeCycle=1,curView=16,view=17
info|2022-04-14 12:58:47.864443|[g:2][CONSENSUS]addRawPrepare,height=1,reqIdx=1,hash=68bec380...,time=0
info|2022-04-14 12:58:47.864880|[g:2][CONSENSUS][PBFT]checkTimeout Succ,view=17,toView=18,nodeIdx=0,changeCycle=1,myNode=46b1155a...,timecost=0.321
info|2022-04-14 12:58:47.868984|[g:2][CONSENSUS][PBFT]checkAndChangeView: Reach consensus,org_view=17,cur_changeCycle=1,curView=17,view=18
info|2022-04-14 12:58:47.880551|[g:1][CONSENSUS]addRawPrepare,height=311,reqIdx=3,hash=28439928...,time=0
info|2022-04-14 12:58:47.880980|[g:1][CONSENSUS][PBFT]checkTimeout Succ,view=17,toView=18,nodeIdx=0,changeCycle=1,myNode=46b1155a...,timecost=0.344
info|2022-04-14 12:58:47.893502|[g:1][CONSENSUS][PBFT]checkAndChangeView: Reach consensus,org_view=17,cur_changeCycle=1,curView=17,view=18
info|2022-04-14 12:58:48.873667|[g:2][CONSENSUS]addRawPrepare,height=1,reqIdx=2,hash=eb12fff9...,time=0
info|2022-04-14 12:58:48.874219|[g:2][CONSENSUS][PBFT]checkTimeout Succ,view=18,toView=19,nodeIdx=0,changeCycle=1,myNode=46b1155a...,timecost=0.48
info|2022-04-14 12:58:48.897636|[g:1][CONSENSUS][SEALER]++++++++++++++++ Generating seal on,blkNum=311,tx=0,nodeIdx=0,hash=b264f4b3...
info|2022-04-14 12:58:48.901240|[g:1][CONSENSUS][PBFT]checkTimeout Succ,view=18,toView=19,nodeIdx=0,changeCycle=1,myNode=46b1155a...,timecost=0.319
info|2022-04-14 12:58:48.936881|[g:2][CONSENSUS][PBFT]checkAndChangeView: Reach consensus,org_view=18,cur_changeCycle=1,curView=18,view=19
info|2022-04-14 12:58:48.974335|[g:1][CONSENSUS][PBFT]checkAndChangeView: Reach consensus,org_view=18,cur_changeCycle=1,curView=18,view=19
info|2022-04-14 12:58:49.001675|[P2P][Service] heartBeat,connected count=3
info|2022-04-14 12:58:49.928516|[g:2][CONSENSUS]addRawPrepare,height=1,reqIdx=3,hash=24383ea2...,time=0
info|2022-04-14 12:58:49.928958|[g:2][CONSENSUS][PBFT]checkTimeout Succ,view=19,toView=20,nodeIdx=0,changeCycle=1,myNode=46b1155a...,timecost=0.377
info|2022-04-14 12:58:49.933659|[g:2][CONSENSUS][PBFT]checkAndChangeView: Reach consensus,org_view=19,cur_changeCycle=1,curView=19,view=20
info|2022-04-14 12:58:49.967760|[g:1][CONSENSUS]addRawPrepare,height=311,reqIdx=1,hash=eda4d2b0...,time=0
info|2022-04-14 12:58:49.968282|[g:1][CONSENSUS][PBFT]checkTimeout Succ,view=19,toView=20,nodeIdx=0,changeCycle=1,myNode=46b1155a...,timecost=0.452
info|2022-04-14 12:58:49.972490|[g:1][CONSENSUS][PBFT]checkAndChangeView: Reach consensus,org_view=19,cur_changeCycle=1,curView=19,view=20
info|2022-04-14 12:58:50.934628|[g:2][CONSENSUS][SEALER]++++++++++++++++ Generating seal on,blkNum=1,tx=0,nodeIdx=0,hash=5fe11c79...
info|2022-04-14 12:58:50.938866|[g:2][CONSENSUS][PBFT]checkTimeout Succ,view=20,toView=21,nodeIdx=0,changeCycle=1,myNode=46b1155a...,timecost=0.333
info|2022-04-14 12:58:50.939408|[g:2][CONSENSUS][PBFT]checkAndChangeView: Reach consensus,org_view=20,cur_changeCycle=1,curView=20,view=21
info|2022-04-14 12:58:50.975318|[g:1][CONSENSUS]addRawPrepare,height=311,reqIdx=2,hash=00bb2279...,time=0
info|2022-04-14 12:58:50.975654|[g:1][CONSENSUS][PBFT]checkTimeout Succ,view=20,toView=21,nodeIdx=0,changeCycle=1,myNode=46b1155a...,timecost=0.295
info|2022-04-14 12:58:50.977128|[g:1][CONSENSUS][PBFT]checkAndChangeView: Reach consensus,org_view=20,cur_changeCycle=1,curView=20,view=21
info|2022-04-14 12:58:51.943920|[g:2][CONSENSUS]addRawPrepare,height=1,reqIdx=1,hash=b193f10d...,time=0
info|2022-04-14 12:58:51.944286|[g:2][CONSENSUS][PBFT]checkTimeout Succ,view=21,toView=22,nodeIdx=0,changeCycle=1,myNode=46b1155a...,timecost=0.287
info|2022-04-14 12:58:51.946452|[g:2][CONSENSUS][PBFT]checkAndChangeView: Reach consensus,org_view=21,cur_changeCycle=1,curView=21,view=22
info|2022-04-14 12:58:51.981576|[g:1][CONSENSUS]addRawPrepare,height=311,reqIdx=3,hash=cccf91f1...,time=0
info|2022-04-14 12:58:51.981895|[g:1][CONSENSUS][PBFT]checkTimeout Succ,view=21,toView=22,nodeIdx=0,changeCycle=1,myNode=46b1155a...,timecost=0.278
info|2022-04-14 12:58:51.983288|[g:1][CONSENSUS][PBFT]checkAndChangeView: Reach consensus,org_view=21,cur_changeCycle=1,curView=21,view=22
info|2022-04-14 12:58:52.950488|[g:2][CONSENSUS]addRawPrepare,height=1,reqIdx=2,hash=90af5c83...,time=0
info|2022-04-14 12:58:52.951461|[g:2][CONSENSUS][PBFT]checkTimeout Succ,view=22,toView=23,nodeIdx=0,changeCycle=1,myNode=46b1155a...,timecost=0.916
info|2022-04-14 12:58:52.953830|[g:2][CONSENSUS][PBFT]checkAndChangeView: Reach consensus,org_view=22,cur_changeCycle=1,curView=22,view=23
info|2022-04-14 12:58:52.983415|[g:1][CONSENSUS][SEALER]++++++++++++++++ Generating seal on,blkNum=311,tx=0,nodeIdx=0,hash=2c2c1780...
info|2022-04-14 12:58:52.984186|[g:1][CONSENSUS][PBFT]checkTimeout Succ,view=22,toView=23,nodeIdx=0,changeCycle=1,myNode=46b1155a...,timecost=0.288
info|2022-04-14 12:58:52.998312|[g:1][CONSENSUS][PBFT]checkAndChangeView: Reach consensus,org_view=22,cur_changeCycle=1,curView=22,view=23
info|2022-04-14 12:58:53.958803|[g:2][CONSENSUS]addRawPrepare,height=1,reqIdx=3,hash=a4120b13...,time=0
info|2022-04-14 12:58:53.959149|[g:2][CONSENSUS][PBFT]checkTimeout Succ,view=23,toView=24,nodeIdx=0,changeCycle=1,myNode=46b1155a...,timecost=0.3
info|2022-04-14 12:58:53.964788|[g:2][CONSENSUS][PBFT]checkAndChangeView: Reach consensus,org_view=23,cur_changeCycle=1,curView=23,view=24
info|2022-04-14 12:58:54.000789|[g:1][CONSENSUS]addRawPrepare,height=311,reqIdx=1,hash=0cec672a...,time=0
info|2022-04-14 12:58:54.001235|[g:1][CONSENSUS][PBFT]checkTimeout Succ,view=23,toView=24,nodeIdx=0,changeCycle=1,myNode=46b1155a...,timecost=0.409
info|2022-04-14 12:58:54.003124|[g:1][CONSENSUS][PBFT]checkAndChangeView: Reach consensus,org_view=23,cur_changeCycle=1,curView=23,view=24
info|2022-04-14 12:58:54.965322|[g:2][CONSENSUS][SEALER]++++++++++++++++ Generating seal on,blkNum=1,tx=0,nodeIdx=0,hash=1cf83148...
info|2022-04-14 12:58:54.971510|[g:2][CONSENSUS][PBFT]checkTimeout Succ,view=24,toView=25,nodeIdx=0,changeCycle=1,myNode=46b1155a...,timecost=0.327
info|2022-04-14 12:58:54.990355|[g:2][CONSENSUS][PBFT]checkAndChangeView: Reach consensus,org_view=24,cur_changeCycle=1,curView=24,view=25
info|2022-04-14 12:58:55.009946|[g:1][CONSENSUS]addRawPrepare,height=311,reqIdx=2,hash=5787fda8...,time=0
info|2022-04-14 12:58:55.019776|[g:1][CONSENSUS][PBFT]checkTimeout Succ,view=24,toView=25,nodeIdx=0,changeCycle=1,myNode=46b1155a...,timecost=9.79
info|2022-04-14 12:58:55.021277|[g:1][CONSENSUS][PBFT]checkAndChangeView: Reach consensus,org_view=24,cur_changeCycle=1,curView=24,view=25
info|2022-04-14 12:58:55.989982|[g:2][CONSENSUS]addRawPrepare,height=1,reqIdx=1,hash=e0a1e33d...,time=0
info|2022-04-14 12:58:55.997889|[g:2][CONSENSUS][PBFT]checkTimeout Succ,view=25,toView=26,nodeIdx=0,changeCycle=1,myNode=46b1155a...,timecost=7.875
info|2022-04-14 12:58:56.000278|[g:2][CONSENSUS][PBFT]checkAndChangeView: Reach consensus,org_view=25,cur_changeCycle=1,curView=25,view=26
info|2022-04-14 12:58:56.047831|[g:1][CONSENSUS]addRawPrepare,height=311,reqIdx=3,hash=8218f2ec...,time=0
info|2022-04-14 12:58:56.052462|[g:1][CONSENSUS][PBFT]checkTimeout Succ,view=25,toView=26,nodeIdx=0,changeCycle=1,myNode=46b1155a...,timecost=4.59
info|2022-04-14 12:58:56.058024|[g:1][CONSENSUS][PBFT]checkAndChangeView: Reach consensus,org_view=25,cur_changeCycle=1,curView=25,view=26
info|2022-04-14 12:58:57.002530|[g:2][CONSENSUS]addRawPrepare,height=1,reqIdx=2,hash=fcb6df35...,time=0
info|2022-04-14 12:58:57.002924|[g:2][CONSENSUS][PBFT]checkTimeout Succ,view=26,toView=27,nodeIdx=0,changeCycle=1,myNode=46b1155a...,timecost=0.35
info|2022-04-14 12:58:57.009042|[g:2][CONSENSUS][PBFT]checkAndChangeView: Reach consensus,org_view=26,cur_changeCycle=1,curView=26,view=27
info|2022-04-14 12:58:57.057532|[g:1][CONSENSUS][SEALER]++++++++++++++++ Generating seal on,blkNum=311,tx=0,nodeIdx=0,hash=0e106314...
info|2022-04-14 12:58:57.066454|[g:1][CONSENSUS][PBFT]checkTimeout Succ,view=26,toView=27,nodeIdx=0,changeCycle=1,myNode=46b1155a...,timecost=8.455
info|2022-04-14 12:58:57.076042|[g:1][CONSENSUS][PBFT]checkAndChangeView: Reach consensus,org_view=26,cur_changeCycle=1,curView=26,view=27
info|2022-04-14 12:58:58.074727|[g:2][CONSENSUS]addRawPrepare,height=1,reqIdx=3,hash=babb639b...,time=0
info|2022-04-14 12:58:58.075183|[g:2][CONSENSUS][PBFT]checkTimeout Succ,view=27,toView=28,nodeIdx=0,changeCycle=1,myNode=46b1155a...,timecost=0.376
info|2022-04-14 12:58:58.081967|[g:1][CONSENSUS]addRawPrepare,height=311,reqIdx=1,hash=7cdddadd...,time=0
info|2022-04-14 12:58:58.083550|[g:2][CONSENSUS][PBFT]checkAndChangeView: Reach consensus,org_view=27,cur_changeCycle=1,curView=27,view=28
info|2022-04-14 12:58:58.092938|[g:1][CONSENSUS][PBFT]checkTimeout Succ,view=27,toView=28,nodeIdx=0,changeCycle=1,myNode=46b1155a...,timecost=10.877
info|2022-04-14 12:58:58.095918|[g:1][CONSENSUS][PBFT]checkAndChangeView: Reach consensus,org_view=27,cur_changeCycle=1,curView=27,view=28
info|2022-04-14 12:58:59.002381|[P2P][Service] heartBeat,connected count=3
info|2022-04-14 12:58:59.083850|[g:2][CONSENSUS][SEALER]++++++++++++++++ Generating seal on,blkNum=1,tx=0,nodeIdx=0,hash=df430572...
info|2022-04-14 12:58:59.141074|[g:1][CONSENSUS]addRawPrepare,height=311,reqIdx=2,hash=377e1df0...,time=0
info|2022-04-14 12:58:59.142474|[g:1][CONSENSUS][PBFT]checkTimeout Succ,view=28,toView=29,nodeIdx=0,changeCycle=1,myNode=46b1155a...,timecost=1.373
info|2022-04-14 12:58:59.150546|[g:1][CONSENSUS][PBFT]checkAndChangeView: Reach consensus,org_view=28,cur_changeCycle=1,curView=28,view=29
info|2022-04-14 12:58:59.157987|[g:2][CONSENSUS][PBFT]checkTimeout Succ,view=28,toView=29,nodeIdx=0,changeCycle=1,myNode=46b1155a...,timecost=39.736
info|2022-04-14 12:58:59.162953|[g:2][CONSENSUS][PBFT]checkAndChangeView: Reach consensus,org_view=28,cur_changeCycle=1,curView=28,view=29
info|2022-04-14 12:59:00.163464|[g:1][CONSENSUS][PBFT]Trigger fast-viewchange,view=29,toView=29,minView=30,INFO=,reqNum=310,curNum=310,GenIdx=2,Cview=30,view=29,fromIdx=2,fromNode=ad643936...,fromIp=127.0.0.1:59894,hash=135abc28...,nodeIdx=0,myNode=46b1155a...
info|2022-04-14 12:59:00.164105|[g:1][CONSENSUS][PBFT]checkAndChangeView: Reach consensus,org_view=29,cur_changeCycle=2,curView=29,view=30
info|2022-04-14 12:59:00.164140|[g:1][CONSENSUS][PBFT]checkTimeout Succ,view=30,toView=30,nodeIdx=0,changeCycle=2,myNode=46b1155a...,timecost=0.638
info|2022-04-14 12:59:00.178058|[g:2][CONSENSUS]addRawPrepare,height=1,reqIdx=1,hash=fd4a67c5...,time=0
info|2022-04-14 12:59:00.178505|[g:2][CONSENSUS][PBFT]checkTimeout Succ,view=29,toView=30,nodeIdx=0,changeCycle=1,myNode=46b1155a...,timecost=0.306
info|2022-04-14 12:59:00.211604|[g:2][CONSENSUS][PBFT]checkAndChangeView: Reach consensus,org_view=29,cur_changeCycle=1,curView=29,view=30
info|2022-04-14 12:59:01.209193|[g:1][CONSENSUS][SEALER]++++++++++++++++ Generating seal on,blkNum=311,tx=0,nodeIdx=0,hash=b13b7a75...
info|2022-04-14 12:59:01.210943|[g:1][CONSENSUS][PBFT]checkTimeout Succ,view=30,toView=31,nodeIdx=0,changeCycle=1,myNode=46b1155a...,timecost=1.081
info|2022-04-14 12:59:01.215450|[g:2][CONSENSUS]addRawPrepare,height=1,reqIdx=2,hash=d47ea675...,time=0
info|2022-04-14 12:59:01.216179|[g:2][CONSENSUS][PBFT]checkTimeout Succ,view=30,toView=31,nodeIdx=0,changeCycle=1,myNode=46b1155a...,timecost=0.727
info|2022-04-14 12:59:01.221097|[g:1][CONSENSUS][PBFT]checkAndChangeView: Reach consensus,org_view=30,cur_changeCycle=1,curView=30,view=31
info|2022-04-14 12:59:01.225310|[g:2][CONSENSUS][PBFT]checkAndChangeView: Reach consensus,org_view=30,cur_changeCycle=1,curView=30,view=31
info|2022-04-14 12:59:02.250915|[g:1][CONSENSUS]addRawPrepare,height=311,reqIdx=1,hash=a4b97a83...,time=0
info|2022-04-14 12:59:02.252753|[g:1][CONSENSUS][PBFT]checkTimeout Succ,view=31,toView=32,nodeIdx=0,changeCycle=1,myNode=46b1155a...,timecost=1.504
info|2022-04-14 12:59:02.254687|[g:1][CONSENSUS][PBFT]checkAndChangeView: Reach consensus,org_view=31,cur_changeCycle=1,curView=31,view=32
info|2022-04-14 12:59:02.256387|[g:2][CONSENSUS]addRawPrepare,height=1,reqIdx=3,hash=fda36bc6...,time=0
info|2022-04-14 12:59:02.256754|[g:2][CONSENSUS][PBFT]checkTimeout Succ,view=31,toView=32,nodeIdx=0,changeCycle=1,myNode=46b1155a...,timecost=0.32
info|2022-04-14 12:59:02.261223|[g:2][CONSENSUS][PBFT]checkAndChangeView: Reach consensus,org_view=31,cur_changeCycle=1,curView=31,view=32
info|2022-04-14 12:59:03.253123|[g:1][CONSENSUS]addRawPrepare,height=311,reqIdx=2,hash=d74b5a79...,time=0
info|2022-04-14 12:59:03.255092|[g:1][CONSENSUS][PBFT]checkTimeout Succ,view=32,toView=33,nodeIdx=0,changeCycle=1,myNode=46b1155a...,timecost=1.748
info|2022-04-14 12:59:03.258573|[g:1][CONSENSUS][PBFT]checkAndChangeView: Reach consensus,org_view=32,cur_changeCycle=1,curView=32,view=33
info|2022-04-14 12:59:03.262507|[g:2][CONSENSUS][SEALER]++++++++++++++++ Generating seal on,blkNum=1,tx=0,nodeIdx=0,hash=0fda9a2c...
info|2022-04-14 12:59:03.273149|[g:2][CONSENSUS][PBFT]checkTimeout Succ,view=32,toView=33,nodeIdx=0,changeCycle=1,myNode=46b1155a...,timecost=0.502
info|2022-04-14 12:59:03.275163|[g:2][CONSENSUS][PBFT]checkAndChangeView: Reach consensus,org_view=32,cur_changeCycle=1,curView=32,view=33
info|2022-04-14 12:59:04.263005|[g:1][CONSENSUS]addRawPrepare,height=311,reqIdx=3,hash=6a389a1e...,time=1
info|2022-04-14 12:59:04.263396|[g:1][CONSENSUS][PBFT]checkTimeout Succ,view=33,toView=34,nodeIdx=0,changeCycle=1,myNode=46b1155a...,timecost=0.345
info|2022-04-14 12:59:04.264937|[g:1][CONSENSUS][PBFT]checkAndChangeView: Reach consensus,org_view=33,cur_changeCycle=1,curView=33,view=34
info|2022-04-14 12:59:04.279390|[g:2][CONSENSUS]addRawPrepare,height=1,reqIdx=1,hash=eba74e15...,time=0
info|2022-04-14 12:59:04.279941|[g:2][CONSENSUS][PBFT]checkTimeout Succ,view=33,toView=34,nodeIdx=0,changeCycle=1,myNode=46b1155a...,timecost=0.5
info|2022-04-14 12:59:04.283615|[g:2][CONSENSUS][PBFT]checkAndChangeView: Reach consensus,org_view=33,cur_changeCycle=1,curView=33,view=34
info|2022-04-14 12:59:05.265091|[g:1][CONSENSUS][SEALER]++++++++++++++++ Generating seal on,blkNum=311,tx=0,nodeIdx=0,hash=1851eef8...
info|2022-04-14 12:59:05.266036|[g:1][CONSENSUS][PBFT]checkTimeout Succ,view=34,toView=35,nodeIdx=0,changeCycle=1,myNode=46b1155a...,timecost=0.543
info|2022-04-14 12:59:05.270701|[g:1][CONSENSUS][PBFT]checkAndChangeView: Reach consensus,org_view=34,cur_changeCycle=1,curView=34,view=35
info|2022-04-14 12:59:05.312702|[g:2][CONSENSUS][PBFT]Trigger fast-viewchange,view=34,toView=34,minView=35,INFO=,reqNum=0,curNum=0,GenIdx=3,Cview=35,view=34,fromIdx=3,fromNode=e36fbf6a...,fromIp=127.0.0.1:59888,hash=eeb653bf...,nodeIdx=0,myNode=46b1155a...
info|2022-04-14 12:59:05.313083|[g:2][CONSENSUS][PBFT]checkAndChangeView: Reach consensus,org_view=34,cur_changeCycle=2,curView=34,view=35
info|2022-04-14 12:59:05.313137|[g:2][CONSENSUS][PBFT]checkTimeout Succ,view=35,toView=35,nodeIdx=0,changeCycle=2,myNode=46b1155a...,timecost=0.411
info|2022-04-14 12:59:06.273088|[g:1][CONSENSUS]addRawPrepare,height=311,reqIdx=1,hash=b1afbe8b...,time=0
info|2022-04-14 12:59:06.274304|[g:1][CONSENSUS][PBFT]checkTimeout Succ,view=35,toView=36,nodeIdx=0,changeCycle=1,myNode=46b1155a...,timecost=1.161
info|2022-04-14 12:59:06.278883|[g:1][CONSENSUS][PBFT]checkAndChangeView: Reach consensus,org_view=35,cur_changeCycle=1,curView=35,view=36
info|2022-04-14 12:59:06.291549|[g:2][CONSENSUS]addRawPrepare,height=1,reqIdx=3,hash=bed5bc53...,time=0
info|2022-04-14 12:59:06.291967|[g:2][CONSENSUS][PBFT]checkTimeout Succ,view=35,toView=36,nodeIdx=0,changeCycle=1,myNode=46b1155a...,timecost=0.348
info|2022-04-14 12:59:06.295283|[g:2][CONSENSUS][PBFT]checkAndChangeView: Reach consensus,org_view=35,cur_changeCycle=1,curView=35,view=36
info|2022-04-14 12:59:07.278708|[g:1][CONSENSUS]addRawPrepare,height=311,reqIdx=2,hash=adfed309...,time=0
info|2022-04-14 12:59:07.279203|[g:1][CONSENSUS][PBFT]checkTimeout Succ,view=36,toView=37,nodeIdx=0,changeCycle=1,myNode=46b1155a...,timecost=0.404
info|2022-04-14 12:59:07.281423|[g:1][CONSENSUS][PBFT]checkAndChangeView: Reach consensus,org_view=36,cur_changeCycle=1,curView=36,view=37
info|2022-04-14 12:59:07.296646|[g:2][CONSENSUS][SEALER]++++++++++++++++ Generating seal on,blkNum=1,tx=0,nodeIdx=0,hash=617b0a84...
info|2022-04-14 12:59:07.302959|[g:2][CONSENSUS][PBFT]checkTimeout Succ,view=36,toView=37,nodeIdx=0,changeCycle=1,myNode=46b1155a...,timecost=2.813
info|2022-04-14 12:59:07.304271|[g:2][CONSENSUS][PBFT]checkAndChangeView: Reach consensus,org_view=36,cur_changeCycle=1,curView=36,view=37
info|2022-04-14 12:59:08.286626|[g:1][CONSENSUS]addRawPrepare,height=311,reqIdx=3,hash=5e6db98a...,time=0
info|2022-04-14 12:59:08.287439|[g:1][CONSENSUS][PBFT]checkTimeout Succ,view=37,toView=38,nodeIdx=0,changeCycle=1,myNode=46b1155a...,timecost=0.744
info|2022-04-14 12:59:08.314033|[g:1][CONSENSUS][PBFT]checkAndChangeView: Reach consensus,org_view=37,cur_changeCycle=1,curView=37,view=38
info|2022-04-14 12:59:08.325050|[g:2][CONSENSUS]addRawPrepare,height=1,reqIdx=1,hash=6848c787...,time=0
info|2022-04-14 12:59:08.325625|[g:2][CONSENSUS][PBFT]checkTimeout Succ,view=37,toView=38,nodeIdx=0,changeCycle=1,myNode=46b1155a...,timecost=0.524
info|2022-04-14 12:59:08.330712|[g:2][CONSENSUS][PBFT]checkAndChangeView: Reach consensus,org_view=37,cur_changeCycle=1,curView=37,view=38
info|2022-04-14 12:59:09.002948|[P2P][Service] heartBeat,connected count=3
info|2022-04-14 12:59:09.314545|[g:1][CONSENSUS][SEALER]++++++++++++++++ Generating seal on,blkNum=311,tx=0,nodeIdx=0,hash=55c664d0...
info|2022-04-14 12:59:09.318280|[g:1][CONSENSUS][PBFT]checkTimeout Succ,view=38,toView=39,nodeIdx=0,changeCycle=1,myNode=46b1155a...,timecost=0.587
info|2022-04-14 12:59:09.319698|[g:1][CONSENSUS][PBFT]checkAndChangeView: Reach consensus,org_view=38,cur_changeCycle=1,curView=38,view=39
info|2022-04-14 12:59:09.333005|[g:2][CONSENSUS]addRawPrepare,height=1,reqIdx=2,hash=664749b2...,time=1
info|2022-04-14 12:59:09.333437|[g:2][CONSENSUS][PBFT]checkTimeout Succ,view=38,toView=39,nodeIdx=0,changeCycle=1,myNode=46b1155a...,timecost=0.338
info|2022-04-14 12:59:09.335613|[g:2][CONSENSUS][PBFT]checkAndChangeView: Reach consensus,org_view=38,cur_changeCycle=1,curView=38,view=39
info|2022-04-14 12:59:10.321753|[g:1][CONSENSUS]addRawPrepare,height=311,reqIdx=1,hash=2ac47fc2...,time=0
info|2022-04-14 12:59:10.322194|[g:1][CONSENSUS][PBFT]checkTimeout Succ,view=39,toView=40,nodeIdx=0,changeCycle=1,myNode=46b1155a...,timecost=0.38
info|2022-04-14 12:59:10.326339|[g:1][CONSENSUS][PBFT]checkAndChangeView: Reach consensus,org_view=39,cur_changeCycle=1,curView=39,view=40
info|2022-04-14 12:59:10.341777|[g:2][CONSENSUS]addRawPrepare,height=1,reqIdx=3,hash=90024641...,time=0
info|2022-04-14 12:59:10.343030|[g:2][CONSENSUS][PBFT]checkTimeout Succ,view=39,toView=40,nodeIdx=0,changeCycle=1,myNode=46b1155a...,timecost=1.193
info|2022-04-14 12:59:10.348744|[g:2][CONSENSUS][PBFT]checkAndChangeView: Reach consensus,org_view=39,cur_changeCycle=1,curView=39,view=40
info|2022-04-14 12:59:11.329737|[g:1][CONSENSUS]addRawPrepare,height=311,reqIdx=2,hash=28b22150...,time=0
info|2022-04-14 12:59:11.330106|[g:1][CONSENSUS][PBFT]checkTimeout Succ,view=40,toView=41,nodeIdx=0,changeCycle=1,myNode=46b1155a...,timecost=0.313
info|2022-04-14 12:59:11.332307|[g:1][CONSENSUS][PBFT]checkAndChangeView: Reach consensus,org_view=40,cur_changeCycle=1,curView=40,view=41
info|2022-04-14 12:59:11.349050|[g:2][CONSENSUS][SEALER]++++++++++++++++ Generating seal on,blkNum=1,tx=0,nodeIdx=0,hash=e7d4c50f...
info|2022-04-14 12:59:11.355628|[g:2][CONSENSUS][PBFT]checkTimeout Succ,view=40,toView=41,nodeIdx=0,changeCycle=1,myNode=46b1155a...,timecost=0.545
info|2022-04-14 12:59:11.360882|[g:2][CONSENSUS][PBFT]checkAndChangeView: Reach consensus,org_view=40,cur_changeCycle=1,curView=40,view=41
info|2022-04-14 12:59:12.336566|[g:1][CONSENSUS]addRawPrepare,height=311,reqIdx=3,hash=8440d83c...,time=0
info|2022-04-14 12:59:12.337291|[g:1][CONSENSUS][PBFT]checkTimeout Succ,view=41,toView=42,nodeIdx=0,changeCycle=1,myNode=46b1155a...,timecost=0.653
info|2022-04-14 12:59:12.342479|[g:1][CONSENSUS][PBFT]checkAndChangeView: Reach consensus,org_view=41,cur_changeCycle=1,curView=41,view=42
info|2022-04-14 12:59:12.360389|[g:2][CONSENSUS]addRawPrepare,height=1,reqIdx=1,hash=392cccae...,time=0
info|2022-04-14 12:59:12.361038|[g:2][CONSENSUS][PBFT]checkTimeout Succ,view=41,toView=42,nodeIdx=0,changeCycle=1,myNode=46b1155a...,timecost=0.436
info|2022-04-14 12:59:12.365148|[g:2][CONSENSUS][PBFT]checkAndChangeView: Reach consensus,org_view=41,cur_changeCycle=1,curView=41,view=42
info|2022-04-14 12:59:13.343121|[g:1][CONSENSUS][SEALER]++++++++++++++++ Generating seal on,blkNum=311,tx=0,nodeIdx=0,hash=a548bf82...
info|2022-04-14 12:59:13.352633|[g:1][CONSENSUS][PBFT]checkTimeout Succ,view=42,toView=43,nodeIdx=0,changeCycle=1,myNode=46b1155a...,timecost=1.809
info|2022-04-14 12:59:13.359481|[g:1][CONSENSUS][PBFT]checkAndChangeView: Reach consensus,org_view=42,cur_changeCycle=1,curView=42,view=43
info|2022-04-14 12:59:13.373833|[g:2][CONSENSUS]addRawPrepare,height=1,reqIdx=2,hash=f0d5178c...,time=0
info|2022-04-14 12:59:13.374298|[g:2][CONSENSUS][PBFT]checkTimeout Succ,view=42,toView=43,nodeIdx=0,changeCycle=1,myNode=46b1155a...,timecost=0.421
info|2022-04-14 12:59:13.379389|[g:2][CONSENSUS][PBFT]checkAndChangeView: Reach consensus,org_view=42,cur_changeCycle=1,curView=42,view=43
info|2022-04-14 12:59:14.360235|[g:1][CONSENSUS]addRawPrepare,height=311,reqIdx=1,hash=7b52578c...,time=0
info|2022-04-14 12:59:14.360741|[g:1][CONSENSUS][PBFT]checkTimeout Succ,view=43,toView=44,nodeIdx=0,changeCycle=1,myNode=46b1155a...,timecost=0.407
info|2022-04-14 12:59:14.366245|[g:1][CONSENSUS][PBFT]checkAndChangeView: Reach consensus,org_view=43,cur_changeCycle=1,curView=43,view=44
info|2022-04-14 12:59:14.412078|[g:2][CONSENSUS][PBFT]Trigger fast-viewchange,view=43,toView=43,minView=44,INFO=,reqNum=0,curNum=0,GenIdx=3,Cview=44,view=43,fromIdx=3,fromNode=e36fbf6a...,fromIp=127.0.0.1:59888,hash=eeb653bf...,nodeIdx=0,myNode=46b1155a...
info|2022-04-14 12:59:14.413231|[g:2][CONSENSUS][PBFT]checkAndChangeView: Reach consensus,org_view=43,cur_changeCycle=2,curView=43,view=44
info|2022-04-14 12:59:14.413286|[g:2][CONSENSUS][PBFT]checkTimeout Succ,view=44,toView=44,nodeIdx=0,changeCycle=2,myNode=46b1155a...,timecost=1.046
info|2022-04-14 12:59:15.370935|[g:1][CONSENSUS]addRawPrepare,height=311,reqIdx=2,hash=bd6eb502...,time=0
info|2022-04-14 12:59:15.371426|[g:1][CONSENSUS][PBFT]checkTimeout Succ,view=44,toView=45,nodeIdx=0,changeCycle=1,myNode=46b1155a...,timecost=0.431
info|2022-04-14 12:59:15.375354|[g:1][CONSENSUS][PBFT]checkAndChangeView: Reach consensus,org_view=44,cur_changeCycle=1,curView=44,view=45
info|2022-04-14 12:59:15.414098|[g:2][CONSENSUS][SEALER]++++++++++++++++ Generating seal on,blkNum=1,tx=0,nodeIdx=0,hash=0aea4356...
info|2022-04-14 12:59:15.415681|[g:2][CONSENSUS][PBFT]checkTimeout Succ,view=44,toView=45,nodeIdx=0,changeCycle=1,myNode=46b1155a...,timecost=0.716
info|2022-04-14 12:59:15.424784|[g:2][CONSENSUS][PBFT]checkAndChangeView: Reach consensus,org_view=44,cur_changeCycle=1,curView=44,view=45
info|2022-04-14 12:59:16.378095|[g:1][CONSENSUS]addRawPrepare,height=311,reqIdx=3,hash=b5835d2b...,time=0
info|2022-04-14 12:59:16.378624|[g:1][CONSENSUS][PBFT]checkTimeout Succ,view=45,toView=46,nodeIdx=0,changeCycle=1,myNode=46b1155a...,timecost=0.472
info|2022-04-14 12:59:16.388582|[g:1][CONSENSUS][PBFT]checkAndChangeView: Reach consensus,org_view=45,cur_changeCycle=1,curView=45,view=46
info|2022-04-14 12:59:16.428997|[g:2][CONSENSUS]addRawPrepare,height=1,reqIdx=1,hash=d120934f...,time=1
info|2022-04-14 12:59:16.429533|[g:2][CONSENSUS][PBFT]checkTimeout Succ,view=45,toView=46,nodeIdx=0,changeCycle=1,myNode=46b1155a...,timecost=0.41
info|2022-04-14 12:59:16.431898|[g:2][CONSENSUS][PBFT]checkAndChangeView: Reach consensus,org_view=45,cur_changeCycle=1,curView=45,view=46
info|2022-04-14 12:59:17.431940|[g:1][CONSENSUS][SEALER]++++++++++++++++ Generating seal on,blkNum=311,tx=0,nodeIdx=0,hash=ace5f0bc...
info|2022-04-14 12:59:17.454589|[g:1][CONSENSUS][PBFT]checkTimeout Succ,view=46,toView=47,nodeIdx=0,changeCycle=1,myNode=46b1155a...,timecost=0.672
info|2022-04-14 12:59:17.460204|[g:2][CONSENSUS]addRawPrepare,height=1,reqIdx=2,hash=fa24cd5b...,time=0
info|2022-04-14 12:59:17.460846|[g:2][CONSENSUS][PBFT]checkTimeout Succ,view=46,toView=47,nodeIdx=0,changeCycle=1,myNode=46b1155a...,timecost=0.505
info|2022-04-14 12:59:17.465332|[g:1][CONSENSUS][PBFT]checkAndChangeView: Reach consensus,org_view=46,cur_changeCycle=1,curView=46,view=47
info|2022-04-14 12:59:17.473946|[g:2][CONSENSUS][PBFT]checkAndChangeView: Reach consensus,org_view=46,cur_changeCycle=1,curView=46,view=47
info|2022-04-14 12:59:18.474164|[g:1][CONSENSUS]addRawPrepare,height=311,reqIdx=1,hash=610d5af3...,time=0
info|2022-04-14 12:59:18.474760|[g:1][CONSENSUS][PBFT]checkTimeout Succ,view=47,toView=48,nodeIdx=0,changeCycle=1,myNode=46b1155a...,timecost=0.449
info|2022-04-14 12:59:18.482330|[g:2][CONSENSUS]addRawPrepare,height=1,reqIdx=3,hash=a7b8cd5a...,time=0
info|2022-04-14 12:59:18.483875|[g:2][CONSENSUS][PBFT]checkTimeout Succ,view=47,toView=48,nodeIdx=0,changeCycle=1,myNode=46b1155a...,timecost=1.474
info|2022-04-14 12:59:18.485768|[g:2][CONSENSUS][PBFT]checkAndChangeView: Reach consensus,org_view=47,cur_changeCycle=1,curView=47,view=48
info|2022-04-14 12:59:18.488314|[g:1][CONSENSUS][PBFT]checkAndChangeView: Reach consensus,org_view=47,cur_changeCycle=1,curView=47,view=48
info|2022-04-14 12:59:19.003384|[P2P][Service] heartBeat,connected count=3
info|2022-04-14 12:59:19.485653|[g:2][CONSENSUS][SEALER]++++++++++++++++ Generating seal on,blkNum=1,tx=0,nodeIdx=0,hash=ce5ad74b...
info|2022-04-14 12:59:19.493248|[g:2][CONSENSUS][PBFT]checkTimeout Succ,view=48,toView=49,nodeIdx=0,changeCycle=1,myNode=46b1155a...,timecost=0.434
info|2022-04-14 12:59:19.497024|[g:1][CONSENSUS]addRawPrepare,height=311,reqIdx=2,hash=46c8e2c7...,time=0
info|2022-04-14 12:59:19.502916|[g:1][CONSENSUS][PBFT]checkTimeout Succ,view=48,toView=49,nodeIdx=0,changeCycle=1,myNode=46b1155a...,timecost=5.818
info|2022-04-14 12:59:19.504956|[g:1][CONSENSUS][PBFT]checkAndChangeView: Reach consensus,org_view=48,cur_changeCycle=1,curView=48,view=49
info|2022-04-14 12:59:19.507363|[g:2][CONSENSUS][PBFT]checkAndChangeView: Reach consensus,org_view=48,cur_changeCycle=1,curView=48,view=49
info|2022-04-14 12:59:20.496930|[g:2][CONSENSUS]addRawPrepare,height=1,reqIdx=1,hash=937cd487...,time=0
info|2022-04-14 12:59:20.497543|[g:2][CONSENSUS][PBFT]checkTimeout Succ,view=49,toView=50,nodeIdx=0,changeCycle=1,myNode=46b1155a...,timecost=0.529
info|2022-04-14 12:59:20.502511|[g:2][CONSENSUS][PBFT]checkAndChangeView: Reach consensus,org_view=49,cur_changeCycle=1,curView=49,view=50
info|2022-04-14 12:59:20.542937|[g:1][CONSENSUS]addRawPrepare,height=311,reqIdx=3,hash=ff80bda0...,time=0
info|2022-04-14 12:59:20.544774|[g:1][CONSENSUS][PBFT]checkTimeout Succ,view=49,toView=50,nodeIdx=0,changeCycle=1,myNode=46b1155a...,timecost=1.763
info|2022-04-14 12:59:20.550798|[g:1][CONSENSUS][PBFT]checkAndChangeView: Reach consensus,org_view=49,cur_changeCycle=1,curView=49,view=50
info|2022-04-14 12:59:21.504810|[g:2][CONSENSUS]addRawPrepare,height=1,reqIdx=2,hash=a1ae1769...,time=0
info|2022-04-14 12:59:21.509436|[g:2][CONSENSUS][PBFT]checkTimeout Succ,view=50,toView=51,nodeIdx=0,changeCycle=1,myNode=46b1155a...,timecost=4.551
info|2022-04-14 12:59:21.510791|[g:2][CONSENSUS][PBFT]checkAndChangeView: Reach consensus,org_view=50,cur_changeCycle=1,curView=50,view=51
info|2022-04-14 12:59:21.551940|[g:1][CONSENSUS][SEALER]++++++++++++++++ Generating seal on,blkNum=311,tx=0,nodeIdx=0,hash=1c0c9303...
info|2022-04-14 12:59:21.555357|[g:1][CONSENSUS][PBFT]checkTimeout Succ,view=50,toView=51,nodeIdx=0,changeCycle=1,myNode=46b1155a...,timecost=0.384
info|2022-04-14 12:59:21.558275|[g:1][CONSENSUS][PBFT]checkAndChangeView: Reach consensus,org_view=50,cur_changeCycle=1,curView=50,view=51
info|2022-04-14 12:59:22.519400|[g:2][CONSENSUS]addRawPrepare,height=1,reqIdx=3,hash=ed2cf4f2...,time=3
info|2022-04-14 12:59:22.523166|[g:2][CONSENSUS][PBFT]checkTimeout Succ,view=51,toView=52,nodeIdx=0,changeCycle=1,myNode=46b1155a...,timecost=0.483
info|2022-04-14 12:59:22.528118|[g:2][CONSENSUS][PBFT]checkAndChangeView: Reach consensus,org_view=51,cur_changeCycle=1,curView=51,view=52
info|2022-04-14 12:59:22.568250|[g:1][CONSENSUS]addRawPrepare,height=311,reqIdx=1,hash=6c7cd65f...,time=0
info|2022-04-14 12:59:22.568870|[g:1][CONSENSUS][PBFT]checkTimeout Succ,view=51,toView=52,nodeIdx=0,changeCycle=1,myNode=46b1155a...,timecost=0.442
info|2022-04-14 12:59:22.571602|[g:1][CONSENSUS][PBFT]checkAndChangeView: Reach consensus,org_view=51,cur_changeCycle=1,curView=51,view=52
info|2022-04-14 12:59:23.527884|[g:2][CONSENSUS][SEALER]++++++++++++++++ Generating seal on,blkNum=1,tx=0,nodeIdx=0,hash=39dbfdb0...
info|2022-04-14 12:59:23.533532|[g:2][CONSENSUS][PBFT]checkTimeout Succ,view=52,toView=53,nodeIdx=0,changeCycle=1,myNode=46b1155a...,timecost=2.093
info|2022-04-14 12:59:23.534314|[g:2][CONSENSUS][PBFT]checkAndChangeView: Reach consensus,org_view=52,cur_changeCycle=1,curView=52,view=53
info|2022-04-14 12:59:23.574798|[g:1][CONSENSUS]addRawPrepare,height=311,reqIdx=2,hash=098c282c...,time=0
info|2022-04-14 12:59:23.576990|[g:1][CONSENSUS][PBFT]checkTimeout Succ,view=52,toView=53,nodeIdx=0,changeCycle=1,myNode=46b1155a...,timecost=0.406
info|2022-04-14 12:59:23.581738|[g:1][CONSENSUS][PBFT]checkAndChangeView: Reach consensus,org_view=52,cur_changeCycle=1,curView=52,view=53
info|2022-04-14 12:59:24.538340|[g:2][CONSENSUS]addRawPrepare,height=1,reqIdx=1,hash=e2f30fb1...,time=0
info|2022-04-14 12:59:24.538685|[g:2][CONSENSUS][PBFT]checkTimeout Succ,view=53,toView=54,nodeIdx=0,changeCycle=1,myNode=46b1155a...,timecost=0.301
info|2022-04-14 12:59:24.541390|[g:2][CONSENSUS][PBFT]checkAndChangeView: Reach consensus,org_view=53,cur_changeCycle=1,curView=53,view=54
info|2022-04-14 12:59:24.579948|[g:1][CONSENSUS]addRawPrepare,height=311,reqIdx=3,hash=1a2e90f5...,time=0
info|2022-04-14 12:59:24.580269|[g:1][CONSENSUS][PBFT]checkTimeout Succ,view=53,toView=54,nodeIdx=0,changeCycle=1,myNode=46b1155a...,timecost=0.282
info|2022-04-14 12:59:24.581596|[g:1][CONSENSUS][PBFT]checkAndChangeView: Reach consensus,org_view=53,cur_changeCycle=1,curView=53,view=54
info|2022-04-14 12:59:25.545418|[g:2][CONSENSUS]addRawPrepare,height=1,reqIdx=2,hash=fe7877ee...,time=0
info|2022-04-14 12:59:25.545932|[g:2][CONSENSUS][PBFT]checkTimeout Succ,view=54,toView=55,nodeIdx=0,changeCycle=1,myNode=46b1155a...,timecost=0.441
info|2022-04-14 12:59:25.550746|[g:2][CONSENSUS][PBFT]checkAndChangeView: Reach consensus,org_view=54,cur_changeCycle=1,curView=54,view=55
info|2022-04-14 12:59:25.581804|[g:1][CONSENSUS][SEALER]++++++++++++++++ Generating seal on,blkNum=311,tx=0,nodeIdx=0,hash=60cc1681...
info|2022-04-14 12:59:25.583363|[g:1][CONSENSUS][PBFT]checkTimeout Succ,view=54,toView=55,nodeIdx=0,changeCycle=1,myNode=46b1155a...,timecost=1.247
info|2022-04-14 12:59:25.586747|[g:1][CONSENSUS][PBFT]checkAndChangeView: Reach consensus,org_view=54,cur_changeCycle=1,curView=54,view=55
info|2022-04-14 12:59:26.552796|[g:2][CONSENSUS]addRawPrepare,height=1,reqIdx=3,hash=f717b698...,time=0
info|2022-04-14 12:59:26.553100|[g:2][CONSENSUS][PBFT]checkTimeout Succ,view=55,toView=56,nodeIdx=0,changeCycle=1,myNode=46b1155a...,timecost=0.26
info|2022-04-14 12:59:26.556437|[g:2][CONSENSUS][PBFT]checkAndChangeView: Reach consensus,org_view=55,cur_changeCycle=1,curView=55,view=56
info|2022-04-14 12:59:26.589701|[g:1][CONSENSUS]addRawPrepare,height=311,reqIdx=1,hash=2d70c841...,time=0
info|2022-04-14 12:59:26.590491|[g:1][CONSENSUS][PBFT]checkTimeout Succ,view=55,toView=56,nodeIdx=0,changeCycle=1,myNode=46b1155a...,timecost=0.741
info|2022-04-14 12:59:26.594353|[g:1][CONSENSUS][PBFT]checkAndChangeView: Reach consensus,org_view=55,cur_changeCycle=1,curView=55,view=56
info|2022-04-14 12:59:27.556509|[g:2][CONSENSUS][SEALER]++++++++++++++++ Generating seal on,blkNum=1,tx=0,nodeIdx=0,hash=44757e41...
info|2022-04-14 12:59:27.560991|[g:2][CONSENSUS][PBFT]checkTimeout Succ,view=56,toView=57,nodeIdx=0,changeCycle=1,myNode=46b1155a...,timecost=0.331
info|2022-04-14 12:59:27.561577|[g:2][CONSENSUS][PBFT]checkAndChangeView: Reach consensus,org_view=56,cur_changeCycle=1,curView=56,view=57
info|2022-04-14 12:59:27.598486|[g:1][CONSENSUS]addRawPrepare,height=311,reqIdx=2,hash=5deb5605...,time=0
info|2022-04-14 12:59:27.601232|[g:1][CONSENSUS][PBFT]checkTimeout Succ,view=56,toView=57,nodeIdx=0,changeCycle=1,myNode=46b1155a...,timecost=2.644
info|2022-04-14 12:59:27.602440|[g:1][CONSENSUS][PBFT]checkAndChangeView: Reach consensus,org_view=56,cur_changeCycle=1,curView=56,view=57
info|2022-04-14 12:59:28.567833|[g:2][CONSENSUS]addRawPrepare,height=1,reqIdx=1,hash=d8e22f47...,time=0
info|2022-04-14 12:59:28.568456|[g:2][CONSENSUS][PBFT]checkTimeout Succ,view=57,toView=58,nodeIdx=0,changeCycle=1,myNode=46b1155a...,timecost=0.583
info|2022-04-14 12:59:28.570910|[g:2][CONSENSUS][PBFT]checkAndChangeView: Reach consensus,org_view=57,cur_changeCycle=1,curView=57,view=58
info|2022-04-14 12:59:28.607616|[g:1][CONSENSUS]addRawPrepare,height=311,reqIdx=3,hash=28f4d33e...,time=0
info|2022-04-14 12:59:28.612222|[g:1][CONSENSUS][PBFT]checkTimeout Succ,view=57,toView=58,nodeIdx=0,changeCycle=1,myNode=46b1155a...,timecost=3.374
info|2022-04-14 12:59:28.619304|[g:1][CONSENSUS][PBFT]checkAndChangeView: Reach consensus,org_view=57,cur_changeCycle=1,curView=57,view=58
info|2022-04-14 12:59:29.004313|[P2P][Service] heartBeat,connected count=3
info|2022-04-14 12:59:29.572031|[g:2][CONSENSUS]addRawPrepare,height=1,reqIdx=2,hash=5743bbf3...,time=0
info|2022-04-14 12:59:29.572500|[g:2][CONSENSUS][PBFT]checkTimeout Succ,view=58,toView=59,nodeIdx=0,changeCycle=1,myNode=46b1155a...,timecost=0.414
info|2022-04-14 12:59:29.575377|[g:2][CONSENSUS][PBFT]checkAndChangeView: Reach consensus,org_view=58,cur_changeCycle=1,curView=58,view=59
info|2022-04-14 12:59:29.619804|[g:1][CONSENSUS][SEALER]++++++++++++++++ Generating seal on,blkNum=311,tx=0,nodeIdx=0,hash=dd1156d2...
info|2022-04-14 12:59:29.625677|[g:1][CONSENSUS][PBFT]checkTimeout Succ,view=58,toView=59,nodeIdx=0,changeCycle=1,myNode=46b1155a...,timecost=1.994
info|2022-04-14 12:59:29.627947|[g:1][CONSENSUS][PBFT]checkAndChangeView: Reach consensus,org_view=58,cur_changeCycle=1,curView=58,view=59
info|2022-04-14 12:59:30.580118|[g:2][CONSENSUS]addRawPrepare,height=1,reqIdx=3,hash=b1cc1a03...,time=0
info|2022-04-14 12:59:30.580763|[g:2][CONSENSUS][PBFT]checkTimeout Succ,view=59,toView=60,nodeIdx=0,changeCycle=1,myNode=46b1155a...,timecost=0.479
info|2022-04-14 12:59:30.586599|[g:2][CONSENSUS][PBFT]checkAndChangeView: Reach consensus,org_view=59,cur_changeCycle=1,curView=59,view=60
info|2022-04-14 12:59:30.631803|[g:1][CONSENSUS]addRawPrepare,height=311,reqIdx=1,hash=59f61bb9...,time=0
info|2022-04-14 12:59:30.632237|[g:1][CONSENSUS][PBFT]checkTimeout Succ,view=59,toView=60,nodeIdx=0,changeCycle=1,myNode=46b1155a...,timecost=0.38
info|2022-04-14 12:59:30.636396|[g:1][CONSENSUS][PBFT]checkAndChangeView: Reach consensus,org_view=59,cur_changeCycle=1,curView=59,view=60
info|2022-04-14 12:59:31.587613|[g:2][CONSENSUS][SEALER]++++++++++++++++ Generating seal on,blkNum=1,tx=0,nodeIdx=0,hash=d6b3e10f...
info|2022-04-14 12:59:31.594529|[g:2][CONSENSUS][PBFT]checkTimeout Succ,view=60,toView=61,nodeIdx=0,changeCycle=1,myNode=46b1155a...,timecost=0.517
info|2022-04-14 12:59:31.595324|[g:2][CONSENSUS][PBFT]checkAndChangeView: Reach consensus,org_view=60,cur_changeCycle=1,curView=60,view=61
info|2022-04-14 12:59:31.646608|[g:1][CONSENSUS]addRawPrepare,height=311,reqIdx=2,hash=5b0d0bb0...,time=0
info|2022-04-14 12:59:31.647028|[g:1][CONSENSUS][PBFT]checkTimeout Succ,view=60,toView=61,nodeIdx=0,changeCycle=1,myNode=46b1155a...,timecost=0.363
info|2022-04-14 12:59:31.647650|[g:1][CONSENSUS][PBFT]checkAndChangeView: Reach consensus,org_view=60,cur_changeCycle=1,curView=60,view=61
info|2022-04-14 12:59:32.602381|[g:2][CONSENSUS]addRawPrepare,height=1,reqIdx=1,hash=c24cc684...,time=0
info|2022-04-14 12:59:32.602769|[g:2][CONSENSUS][PBFT]checkTimeout Succ,view=61,toView=62,nodeIdx=0,changeCycle=1,myNode=46b1155a...,timecost=0.326
info|2022-04-14 12:59:32.603302|[g:2][CONSENSUS][PBFT]checkAndChangeView: Reach consensus,org_view=61,cur_changeCycle=1,curView=61,view=62
info|2022-04-14 12:59:32.652339|[g:1][CONSENSUS]addRawPrepare,height=311,reqIdx=3,hash=df9225c7...,time=0
info|2022-04-14 12:59:32.652858|[g:1][CONSENSUS][PBFT]checkTimeout Succ,view=61,toView=62,nodeIdx=0,changeCycle=1,myNode=46b1155a...,timecost=0.441
info|2022-04-14 12:59:32.655406|[g:1][CONSENSUS][PBFT]checkAndChangeView: Reach consensus,org_view=61,cur_changeCycle=1,curView=61,view=62
info|2022-04-14 12:59:33.611608|[g:2][CONSENSUS]addRawPrepare,height=1,reqIdx=2,hash=b93756b5...,time=0
info|2022-04-14 12:59:33.612120|[g:2][CONSENSUS][PBFT]checkTimeout Succ,view=62,toView=63,nodeIdx=0,changeCycle=1,myNode=46b1155a...,timecost=0.437
info|2022-04-14 12:59:33.615681|[g:2][CONSENSUS][PBFT]checkAndChangeView: Reach consensus,org_view=62,cur_changeCycle=1,curView=62,view=63
info|2022-04-14 12:59:33.656559|[g:1][CONSENSUS][SEALER]++++++++++++++++ Generating seal on,blkNum=311,tx=0,nodeIdx=0,hash=b59bacbf...
info|2022-04-14 12:59:33.661171|[g:1][CONSENSUS][PBFT]checkTimeout Succ,view=62,toView=63,nodeIdx=0,changeCycle=1,myNode=46b1155a...,timecost=1.55
info|2022-04-14 12:59:33.663296|[g:1][CONSENSUS][PBFT]checkAndChangeView: Reach consensus,org_view=62,cur_changeCycle=1,curView=62,view=63
info|2022-04-14 12:59:34.092515|[NETWORK][Session]Received topic: [2	_block_notify_1	_block_notify_2] from 98c0aeb9fa086516b3f50daa83c26a662518cce165bf854e8157397c8e581a4dc138ca8f46a8282a8896b54a0b2b9835455db686e177801c9ca9bfa3aee2c62e
info|2022-04-14 12:59:34.617183|[g:2][CONSENSUS]addRawPrepare,height=1,reqIdx=3,hash=7de29972...,time=0
info|2022-04-14 12:59:34.618475|[g:2][CONSENSUS][PBFT]checkTimeout Succ,view=63,toView=64,nodeIdx=0,changeCycle=1,myNode=46b1155a...,timecost=1.204
info|2022-04-14 12:59:34.620216|[g:2][CONSENSUS][PBFT]checkAndChangeView: Reach consensus,org_view=63,cur_changeCycle=1,curView=63,view=64
info|2022-04-14 12:59:34.669337|[g:1][CONSENSUS]addRawPrepare,height=311,reqIdx=1,hash=06c6ab60...,time=0
info|2022-04-14 12:59:34.674195|[g:1][CONSENSUS][PBFT]checkTimeout Succ,view=63,toView=64,nodeIdx=0,changeCycle=1,myNode=46b1155a...,timecost=0.954
info|2022-04-14 12:59:34.676463|[g:1][CONSENSUS][PBFT]checkAndChangeView: Reach consensus,org_view=63,cur_changeCycle=1,curView=63,view=64
info|2022-04-14 12:59:35.621472|[g:2][CONSENSUS][SEALER]++++++++++++++++ Generating seal on,blkNum=1,tx=0,nodeIdx=0,hash=b47c0d97...
info|2022-04-14 12:59:35.626081|[g:2][CONSENSUS][PBFT]checkTimeout Succ,view=64,toView=65,nodeIdx=0,changeCycle=1,myNode=46b1155a...,timecost=0.542
info|2022-04-14 12:59:35.629010|[g:2][CONSENSUS][PBFT]checkAndChangeView: Reach consensus,org_view=64,cur_changeCycle=1,curView=64,view=65
info|2022-04-14 12:59:35.678432|[g:1][CONSENSUS]addRawPrepare,height=311,reqIdx=2,hash=026e4722...,time=0
info|2022-04-14 12:59:35.680130|[g:1][CONSENSUS][PBFT]checkTimeout Succ,view=64,toView=65,nodeIdx=0,changeCycle=1,myNode=46b1155a...,timecost=0.337
info|2022-04-14 12:59:35.684746|[g:1][CONSENSUS][PBFT]checkAndChangeView: Reach consensus,org_view=64,cur_changeCycle=1,curView=64,view=65
info|2022-04-14 12:59:36.633883|[g:2][CONSENSUS]addRawPrepare,height=1,reqIdx=1,hash=cb18c26d...,time=0
info|2022-04-14 12:59:36.635443|[g:2][CONSENSUS][PBFT]checkTimeout Succ,view=65,toView=66,nodeIdx=0,changeCycle=1,myNode=46b1155a...,timecost=0.528
info|2022-04-14 12:59:36.637448|[g:2][CONSENSUS][PBFT]checkAndChangeView: Reach consensus,org_view=65,cur_changeCycle=1,curView=65,view=66
info|2022-04-14 12:59:36.689803|[g:1][CONSENSUS]addRawPrepare,height=311,reqIdx=3,hash=6348db8c...,time=0
info|2022-04-14 12:59:36.691729|[g:1][CONSENSUS][PBFT]checkTimeout Succ,view=65,toView=66,nodeIdx=0,changeCycle=1,myNode=46b1155a...,timecost=1.836
info|2022-04-14 12:59:36.696248|[g:1][CONSENSUS][PBFT]checkAndChangeView: Reach consensus,org_view=65,cur_changeCycle=1,curView=65,view=66
info|2022-04-14 12:59:37.642015|[g:2][CONSENSUS]addRawPrepare,height=1,reqIdx=2,hash=06260517...,time=0
info|2022-04-14 12:59:37.642774|[g:2][CONSENSUS][PBFT]checkTimeout Succ,view=66,toView=67,nodeIdx=0,changeCycle=1,myNode=46b1155a...,timecost=0.326
info|2022-04-14 12:59:37.645568|[g:2][CONSENSUS][PBFT]checkAndChangeView: Reach consensus,org_view=66,cur_changeCycle=1,curView=66,view=67
info|2022-04-14 12:59:37.697170|[g:1][CONSENSUS][SEALER]++++++++++++++++ Generating seal on,blkNum=311,tx=0,nodeIdx=0,hash=55d6cc5c...
info|2022-04-14 12:59:37.698302|[g:1][CONSENSUS][PBFT]checkTimeout Succ,view=66,toView=67,nodeIdx=0,changeCycle=1,myNode=46b1155a...,timecost=0.512
info|2022-04-14 12:59:37.703904|[g:1][CONSENSUS][PBFT]checkAndChangeView: Reach consensus,org_view=66,cur_changeCycle=1,curView=66,view=67
info|2022-04-14 12:59:38.649925|[g:2][CONSENSUS]addRawPrepare,height=1,reqIdx=3,hash=9f6e4cab...,time=2
info|2022-04-14 12:59:38.652293|[g:2][CONSENSUS][PBFT]checkTimeout Succ,view=67,toView=68,nodeIdx=0,changeCycle=1,myNode=46b1155a...,timecost=0.518
info|2022-04-14 12:59:38.657195|[g:2][CONSENSUS][PBFT]checkAndChangeView: Reach consensus,org_view=67,cur_changeCycle=1,curView=67,view=68
info|2022-04-14 12:59:38.717332|[g:1][CONSENSUS]addRawPrepare,height=311,reqIdx=1,hash=6409887d...,time=0
info|2022-04-14 12:59:38.718011|[g:1][CONSENSUS][PBFT]checkTimeout Succ,view=67,toView=68,nodeIdx=0,changeCycle=1,myNode=46b1155a...,timecost=0.496
info|2022-04-14 12:59:38.718600|[g:1][CONSENSUS][PBFT]checkAndChangeView: Reach consensus,org_view=67,cur_changeCycle=1,curView=67,view=68
info|2022-04-14 12:59:39.004654|[P2P][Service] heartBeat,connected count=3
info|2022-04-14 12:59:39.658492|[g:2][CONSENSUS][SEALER]++++++++++++++++ Generating seal on,blkNum=1,tx=0,nodeIdx=0,hash=416e2aac...
info|2022-04-14 12:59:39.661051|[g:2][CONSENSUS][PBFT]checkTimeout Succ,view=68,toView=69,nodeIdx=0,changeCycle=1,myNode=46b1155a...,timecost=0.445
info|2022-04-14 12:59:39.677237|[g:2][CONSENSUS][PBFT]checkAndChangeView: Reach consensus,org_view=68,cur_changeCycle=1,curView=68,view=69
info|2022-04-14 12:59:39.726704|[g:1][CONSENSUS]addRawPrepare,height=311,reqIdx=2,hash=1e74863b...,time=0
info|2022-04-14 12:59:39.727499|[g:1][CONSENSUS][PBFT]checkTimeout Succ,view=68,toView=69,nodeIdx=0,changeCycle=1,myNode=46b1155a...,timecost=0.668
info|2022-04-14 12:59:39.760401|[g:1][CONSENSUS][PBFT]checkAndChangeView: Reach consensus,org_view=68,cur_changeCycle=1,curView=68,view=69
info|2022-04-14 12:59:40.686011|[g:2][CONSENSUS]addRawPrepare,height=1,reqIdx=1,hash=b7f04dbc...,time=1
info|2022-04-14 12:59:40.686683|[g:2][CONSENSUS][PBFT]checkTimeout Succ,view=69,toView=70,nodeIdx=0,changeCycle=1,myNode=46b1155a...,timecost=0.6
info|2022-04-14 12:59:40.691903|[g:2][CONSENSUS][PBFT]checkAndChangeView: Reach consensus,org_view=69,cur_changeCycle=1,curView=69,view=70
info|2022-04-14 12:59:40.768097|[g:1][CONSENSUS]addRawPrepare,height=311,reqIdx=3,hash=206b437d...,time=0
info|2022-04-14 12:59:40.768961|[g:1][CONSENSUS][PBFT]checkTimeout Succ,view=69,toView=70,nodeIdx=0,changeCycle=1,myNode=46b1155a...,timecost=0.793
info|2022-04-14 12:59:40.772506|[g:1][CONSENSUS][PBFT]checkAndChangeView: Reach consensus,org_view=69,cur_changeCycle=1,curView=69,view=70
info|2022-04-14 12:59:41.701797|[g:2][CONSENSUS]addRawPrepare,height=1,reqIdx=2,hash=61f566c9...,time=0
info|2022-04-14 12:59:41.702152|[g:2][CONSENSUS][PBFT]checkTimeout Succ,view=70,toView=71,nodeIdx=0,changeCycle=1,myNode=46b1155a...,timecost=0.306
info|2022-04-14 12:59:41.707398|[g:2][CONSENSUS][PBFT]checkAndChangeView: Reach consensus,org_view=70,cur_changeCycle=1,curView=70,view=71
info|2022-04-14 12:59:41.773420|[g:1][CONSENSUS][SEALER]++++++++++++++++ Generating seal on,blkNum=311,tx=0,nodeIdx=0,hash=0c40ad85...
info|2022-04-14 12:59:41.778533|[g:1][CONSENSUS][PBFT]checkTimeout Succ,view=70,toView=71,nodeIdx=0,changeCycle=1,myNode=46b1155a...,timecost=0.456
info|2022-04-14 12:59:41.786030|[g:1][CONSENSUS][PBFT]checkAndChangeView: Reach consensus,org_view=70,cur_changeCycle=1,curView=70,view=71
info|2022-04-14 12:59:42.708610|[g:2][CONSENSUS]addRawPrepare,height=1,reqIdx=3,hash=a55451c6...,time=0
info|2022-04-14 12:59:42.709356|[g:2][CONSENSUS][PBFT]checkTimeout Succ,view=71,toView=72,nodeIdx=0,changeCycle=1,myNode=46b1155a...,timecost=0.513
info|2022-04-14 12:59:42.712809|[g:2][CONSENSUS][PBFT]checkAndChangeView: Reach consensus,org_view=71,cur_changeCycle=1,curView=71,view=72
info|2022-04-14 12:59:42.793491|[g:1][CONSENSUS]addRawPrepare,height=311,reqIdx=1,hash=ba20dc17...,time=0
info|2022-04-14 12:59:42.793887|[g:1][CONSENSUS][PBFT]checkTimeout Succ,view=71,toView=72,nodeIdx=0,changeCycle=1,myNode=46b1155a...,timecost=0.343
info|2022-04-14 12:59:42.794394|[g:1][CONSENSUS][PBFT]checkAndChangeView: Reach consensus,org_view=71,cur_changeCycle=1,curView=71,view=72
info|2022-04-14 12:59:43.713301|[g:2][CONSENSUS][SEALER]++++++++++++++++ Generating seal on,blkNum=1,tx=0,nodeIdx=0,hash=0af21deb...
info|2022-04-14 12:59:43.717281|[g:2][CONSENSUS][PBFT]checkTimeout Succ,view=72,toView=73,nodeIdx=0,changeCycle=1,myNode=46b1155a...,timecost=0.286
info|2022-04-14 12:59:43.718804|[g:2][CONSENSUS][PBFT]checkAndChangeView: Reach consensus,org_view=72,cur_changeCycle=1,curView=72,view=73
info|2022-04-14 12:59:43.798308|[g:1][CONSENSUS]addRawPrepare,height=311,reqIdx=2,hash=c8f45fa0...,time=0
info|2022-04-14 12:59:43.799428|[g:1][CONSENSUS][PBFT]checkTimeout Succ,view=72,toView=73,nodeIdx=0,changeCycle=1,myNode=46b1155a...,timecost=0.996
info|2022-04-14 12:59:43.806146|[g:1][CONSENSUS][PBFT]checkAndChangeView: Reach consensus,org_view=72,cur_changeCycle=1,curView=72,view=73
info|2022-04-14 12:59:44.721704|[g:2][CONSENSUS]addRawPrepare,height=1,reqIdx=1,hash=86e16c74...,time=0
info|2022-04-14 12:59:44.722041|[g:2][CONSENSUS][PBFT]checkTimeout Succ,view=73,toView=74,nodeIdx=0,changeCycle=1,myNode=46b1155a...,timecost=0.29
info|2022-04-14 12:59:44.725662|[g:2][CONSENSUS][PBFT]checkAndChangeView: Reach consensus,org_view=73,cur_changeCycle=1,curView=73,view=74
info|2022-04-14 12:59:44.805561|[g:1][CONSENSUS]addRawPrepare,height=311,reqIdx=3,hash=0d917bf0...,time=0
info|2022-04-14 12:59:44.805950|[g:1][CONSENSUS][PBFT]checkTimeout Succ,view=73,toView=74,nodeIdx=0,changeCycle=1,myNode=46b1155a...,timecost=0.339
info|2022-04-14 12:59:44.809264|[g:1][CONSENSUS][PBFT]checkAndChangeView: Reach consensus,org_view=73,cur_changeCycle=1,curView=73,view=74
info|2022-04-14 12:59:45.728616|[g:2][CONSENSUS]addRawPrepare,height=1,reqIdx=2,hash=891f535a...,time=0
info|2022-04-14 12:59:45.728949|[g:2][CONSENSUS][PBFT]checkTimeout Succ,view=74,toView=75,nodeIdx=0,changeCycle=1,myNode=46b1155a...,timecost=0.299
info|2022-04-14 12:59:45.734646|[g:2][CONSENSUS][PBFT]checkAndChangeView: Reach consensus,org_view=74,cur_changeCycle=1,curView=74,view=75
info|2022-04-14 12:59:45.810464|[g:1][CONSENSUS][SEALER]++++++++++++++++ Generating seal on,blkNum=311,tx=0,nodeIdx=0,hash=f36a851d...
info|2022-04-14 12:59:45.814895|[g:1][CONSENSUS][PBFT]checkTimeout Succ,view=74,toView=75,nodeIdx=0,changeCycle=1,myNode=46b1155a...,timecost=1.511
info|2022-04-14 12:59:45.817904|[g:1][CONSENSUS][PBFT]checkAndChangeView: Reach consensus,org_view=74,cur_changeCycle=1,curView=74,view=75
info|2022-04-14 12:59:46.737275|[g:2][CONSENSUS]addRawPrepare,height=1,reqIdx=3,hash=92de7c9a...,time=0
info|2022-04-14 12:59:46.737663|[g:2][CONSENSUS][PBFT]checkTimeout Succ,view=75,toView=76,nodeIdx=0,changeCycle=1,myNode=46b1155a...,timecost=0.328
info|2022-04-14 12:59:46.738773|[g:2][CONSENSUS][PBFT]checkAndChangeView: Reach consensus,org_view=75,cur_changeCycle=1,curView=75,view=76
info|2022-04-14 12:59:46.822448|[g:1][CONSENSUS]addRawPrepare,height=311,reqIdx=1,hash=da1aa8f2...,time=0
info|2022-04-14 12:59:46.822725|[g:1][CONSENSUS][PBFT]checkTimeout Succ,view=75,toView=76,nodeIdx=0,changeCycle=1,myNode=46b1155a...,timecost=0.241
info|2022-04-14 12:59:46.825440|[g:1][CONSENSUS][PBFT]checkAndChangeView: Reach consensus,org_view=75,cur_changeCycle=1,curView=75,view=76
info|2022-04-14 12:59:47.738343|[g:2][CONSENSUS][SEALER]++++++++++++++++ Generating seal on,blkNum=1,tx=0,nodeIdx=0,hash=38cf7adf...
info|2022-04-14 12:59:47.739892|[g:2][CONSENSUS][PBFT]checkTimeout Succ,view=76,toView=77,nodeIdx=0,changeCycle=1,myNode=46b1155a...,timecost=0.224
info|2022-04-14 12:59:47.741146|[g:2][CONSENSUS][PBFT]checkAndChangeView: Reach consensus,org_view=76,cur_changeCycle=1,curView=76,view=77
info|2022-04-14 12:59:47.824652|[g:1][CONSENSUS]addRawPrepare,height=311,reqIdx=2,hash=c9e88552...,time=0
info|2022-04-14 12:59:47.825098|[g:1][CONSENSUS][PBFT]checkTimeout Succ,view=76,toView=77,nodeIdx=0,changeCycle=1,myNode=46b1155a...,timecost=0.411
info|2022-04-14 12:59:47.826094|[g:1][CONSENSUS][PBFT]checkAndChangeView: Reach consensus,org_view=76,cur_changeCycle=1,curView=76,view=77
info|2022-04-14 12:59:48.742991|[g:2][CONSENSUS]addRawPrepare,height=1,reqIdx=1,hash=ca19769e...,time=0
info|2022-04-14 12:59:48.743300|[g:2][CONSENSUS][PBFT]checkTimeout Succ,view=77,toView=78,nodeIdx=0,changeCycle=1,myNode=46b1155a...,timecost=0.284
info|2022-04-14 12:59:48.744500|[g:2][CONSENSUS][PBFT]checkAndChangeView: Reach consensus,org_view=77,cur_changeCycle=1,curView=77,view=78
info|2022-04-14 12:59:48.829671|[g:1][CONSENSUS]addRawPrepare,height=311,reqIdx=3,hash=cdf728ce...,time=0
info|2022-04-14 12:59:48.830033|[g:1][CONSENSUS][PBFT]checkTimeout Succ,view=77,toView=78,nodeIdx=0,changeCycle=1,myNode=46b1155a...,timecost=0.312
info|2022-04-14 12:59:48.830947|[g:1][CONSENSUS][PBFT]checkAndChangeView: Reach consensus,org_view=77,cur_changeCycle=1,curView=77,view=78
info|2022-04-14 12:59:49.005204|[P2P][Service] heartBeat,connected count=3
info|2022-04-14 12:59:49.745668|[g:2][CONSENSUS]addRawPrepare,height=1,reqIdx=2,hash=d019ab81...,time=0
info|2022-04-14 12:59:49.746224|[g:2][CONSENSUS][PBFT]checkTimeout Succ,view=78,toView=79,nodeIdx=0,changeCycle=1,myNode=46b1155a...,timecost=0.519
info|2022-04-14 12:59:49.747438|[g:2][CONSENSUS][PBFT]checkAndChangeView: Reach consensus,org_view=78,cur_changeCycle=1,curView=78,view=79
info|2022-04-14 12:59:49.830983|[g:1][CONSENSUS][SEALER]++++++++++++++++ Generating seal on,blkNum=311,tx=0,nodeIdx=0,hash=531a3e3e...
info|2022-04-14 12:59:49.833188|[g:1][CONSENSUS][PBFT]checkTimeout Succ,view=78,toView=79,nodeIdx=0,changeCycle=1,myNode=46b1155a...,timecost=1.871
info|2022-04-14 12:59:49.834379|[g:1][CONSENSUS][PBFT]checkAndChangeView: Reach consensus,org_view=78,cur_changeCycle=1,curView=78,view=79
info|2022-04-14 12:59:50.748972|[g:2][CONSENSUS]addRawPrepare,height=1,reqIdx=3,hash=05e221c2...,time=0
info|2022-04-14 12:59:50.749206|[g:2][CONSENSUS][PBFT]checkTimeout Succ,view=79,toView=80,nodeIdx=0,changeCycle=1,myNode=46b1155a...,timecost=0.213
info|2022-04-14 12:59:50.750017|[g:2][CONSENSUS][PBFT]checkAndChangeView: Reach consensus,org_view=79,cur_changeCycle=1,curView=79,view=80
info|2022-04-14 12:59:50.835708|[g:1][CONSENSUS]addRawPrepare,height=311,reqIdx=1,hash=f5c7db3b...,time=0
info|2022-04-14 12:59:50.835951|[g:1][CONSENSUS][PBFT]checkTimeout Succ,view=79,toView=80,nodeIdx=0,changeCycle=1,myNode=46b1155a...,timecost=0.198
info|2022-04-14 12:59:50.837770|[g:1][CONSENSUS][PBFT]checkAndChangeView: Reach consensus,org_view=79,cur_changeCycle=1,curView=79,view=80
info|2022-04-14 12:59:51.750355|[g:2][CONSENSUS][SEALER]++++++++++++++++ Generating seal on,blkNum=1,tx=0,nodeIdx=0,hash=2a3d33a0...
info|2022-04-14 12:59:51.750809|[g:2][CONSENSUS][PBFT]checkTimeout Succ,view=80,toView=81,nodeIdx=0,changeCycle=1,myNode=46b1155a...,timecost=0.177
info|2022-04-14 12:59:51.753359|[g:2][CONSENSUS][PBFT]checkAndChangeView: Reach consensus,org_view=80,cur_changeCycle=1,curView=80,view=81
info|2022-04-14 12:59:51.839829|[g:1][CONSENSUS]addRawPrepare,height=311,reqIdx=2,hash=c0f7df77...,time=0
info|2022-04-14 12:59:51.840480|[g:1][CONSENSUS][PBFT]checkTimeout Succ,view=80,toView=81,nodeIdx=0,changeCycle=1,myNode=46b1155a...,timecost=0.622
info|2022-04-14 12:59:51.841686|[g:1][CONSENSUS][PBFT]checkAndChangeView: Reach consensus,org_view=80,cur_changeCycle=1,curView=80,view=81
info|2022-04-14 12:59:52.755491|[g:2][CONSENSUS]addRawPrepare,height=1,reqIdx=1,hash=dfb15b4a...,time=0
info|2022-04-14 12:59:52.756506|[g:2][CONSENSUS][PBFT]checkTimeout Succ,view=81,toView=82,nodeIdx=0,changeCycle=1,myNode=46b1155a...,timecost=0.974
info|2022-04-14 12:59:52.757636|[g:2][CONSENSUS][PBFT]checkAndChangeView: Reach consensus,org_view=81,cur_changeCycle=1,curView=81,view=82
info|2022-04-14 12:59:52.842325|[g:1][CONSENSUS]addRawPrepare,height=311,reqIdx=3,hash=182eedc8...,time=0
info|2022-04-14 12:59:52.842810|[g:1][CONSENSUS][PBFT]checkTimeout Succ,view=81,toView=82,nodeIdx=0,changeCycle=1,myNode=46b1155a...,timecost=0.428
info|2022-04-14 12:59:52.844925|[g:1][CONSENSUS][PBFT]checkAndChangeView: Reach consensus,org_view=81,cur_changeCycle=1,curView=81,view=82
info|2022-04-14 12:59:53.757396|[g:2][CONSENSUS]addRawPrepare,height=1,reqIdx=2,hash=ab43d4fc...,time=0
info|2022-04-14 12:59:53.758119|[g:2][CONSENSUS][PBFT]checkTimeout Succ,view=82,toView=83,nodeIdx=0,changeCycle=1,myNode=46b1155a...,timecost=0.682
info|2022-04-14 12:59:53.758654|[g:2][CONSENSUS][PBFT]checkAndChangeView: Reach consensus,org_view=82,cur_changeCycle=1,curView=82,view=83
info|2022-04-14 12:59:53.845095|[g:1][CONSENSUS][SEALER]++++++++++++++++ Generating seal on,blkNum=311,tx=0,nodeIdx=0,hash=9833bacb...
info|2022-04-14 12:59:53.845531|[g:1][CONSENSUS][PBFT]checkTimeout Succ,view=82,toView=83,nodeIdx=0,changeCycle=1,myNode=46b1155a...,timecost=0.202
info|2022-04-14 12:59:53.848180|[g:1][CONSENSUS][PBFT]checkAndChangeView: Reach consensus,org_view=82,cur_changeCycle=1,curView=82,view=83
info|2022-04-14 12:59:54.759506|[g:2][CONSENSUS]addRawPrepare,height=1,reqIdx=3,hash=64f2f522...,time=0
info|2022-04-14 12:59:54.761878|[g:2][CONSENSUS][PBFT]checkTimeout Succ,view=83,toView=84,nodeIdx=0,changeCycle=1,myNode=46b1155a...,timecost=0.357
info|2022-04-14 12:59:54.762802|[g:2][CONSENSUS][PBFT]checkAndChangeView: Reach consensus,org_view=83,cur_changeCycle=1,curView=83,view=84
info|2022-04-14 12:59:54.849705|[g:1][CONSENSUS]addRawPrepare,height=311,reqIdx=1,hash=0239c83d...,time=0
info|2022-04-14 12:59:54.850006|[g:1][CONSENSUS][PBFT]checkTimeout Succ,view=83,toView=84,nodeIdx=0,changeCycle=1,myNode=46b1155a...,timecost=0.274
info|2022-04-14 12:59:54.851565|[g:1][CONSENSUS][PBFT]checkAndChangeView: Reach consensus,org_view=83,cur_changeCycle=1,curView=83,view=84
info|2022-04-14 12:59:55.764712|[g:2][CONSENSUS][SEALER]++++++++++++++++ Generating seal on,blkNum=1,tx=0,nodeIdx=0,hash=881d3e0d...
info|2022-04-14 12:59:55.765600|[g:2][CONSENSUS][PBFT]checkTimeout Succ,view=84,toView=85,nodeIdx=0,changeCycle=1,myNode=46b1155a...,timecost=0.354
info|2022-04-14 12:59:55.768099|[g:2][CONSENSUS][PBFT]checkAndChangeView: Reach consensus,org_view=84,cur_changeCycle=1,curView=84,view=85
info|2022-04-14 12:59:55.852982|[g:1][CONSENSUS]addRawPrepare,height=311,reqIdx=2,hash=fbb265ad...,time=0
info|2022-04-14 12:59:55.853296|[g:1][CONSENSUS][PBFT]checkTimeout Succ,view=84,toView=85,nodeIdx=0,changeCycle=1,myNode=46b1155a...,timecost=0.284
info|2022-04-14 12:59:55.854171|[g:1][CONSENSUS][PBFT]checkAndChangeView: Reach consensus,org_view=84,cur_changeCycle=1,curView=84,view=85
info|2022-04-14 12:59:56.769466|[g:2][CONSENSUS]addRawPrepare,height=1,reqIdx=1,hash=d2733a84...,time=0
info|2022-04-14 12:59:56.769731|[g:2][CONSENSUS][PBFT]checkTimeout Succ,view=85,toView=86,nodeIdx=0,changeCycle=1,myNode=46b1155a...,timecost=0.206
info|2022-04-14 12:59:56.770898|[g:2][CONSENSUS][PBFT]checkAndChangeView: Reach consensus,org_view=85,cur_changeCycle=1,curView=85,view=86
info|2022-04-14 12:59:56.856088|[g:1][CONSENSUS]addRawPrepare,height=311,reqIdx=3,hash=1d408895...,time=0
info|2022-04-14 12:59:56.856419|[g:1][CONSENSUS][PBFT]checkTimeout Succ,view=85,toView=86,nodeIdx=0,changeCycle=1,myNode=46b1155a...,timecost=0.295
info|2022-04-14 12:59:56.858092|[g:1][CONSENSUS][PBFT]checkAndChangeView: Reach consensus,org_view=85,cur_changeCycle=1,curView=85,view=86
info|2022-04-14 12:59:57.773701|[g:2][CONSENSUS]addRawPrepare,height=1,reqIdx=2,hash=2b4c8322...,time=0
info|2022-04-14 12:59:57.773964|[g:2][CONSENSUS][PBFT]checkTimeout Succ,view=86,toView=87,nodeIdx=0,changeCycle=1,myNode=46b1155a...,timecost=0.227
info|2022-04-14 12:59:57.774489|[g:2][CONSENSUS][PBFT]checkAndChangeView: Reach consensus,org_view=86,cur_changeCycle=1,curView=86,view=87
info|2022-04-14 12:59:57.858462|[g:1][CONSENSUS][SEALER]++++++++++++++++ Generating seal on,blkNum=311,tx=0,nodeIdx=0,hash=d7a3f68a...
info|2022-04-14 12:59:57.860269|[g:1][CONSENSUS][PBFT]checkTimeout Succ,view=86,toView=87,nodeIdx=0,changeCycle=1,myNode=46b1155a...,timecost=0.24
info|2022-04-14 12:59:57.860809|[g:1][CONSENSUS][PBFT]checkAndChangeView: Reach consensus,org_view=86,cur_changeCycle=1,curView=86,view=87
info|2022-04-14 12:59:58.775405|[g:2][CONSENSUS]addRawPrepare,height=1,reqIdx=3,hash=e3418965...,time=0
info|2022-04-14 12:59:58.775715|[g:2][CONSENSUS][PBFT]checkTimeout Succ,view=87,toView=88,nodeIdx=0,changeCycle=1,myNode=46b1155a...,timecost=0.261
info|2022-04-14 12:59:58.776351|[g:2][CONSENSUS][PBFT]checkAndChangeView: Reach consensus,org_view=87,cur_changeCycle=1,curView=87,view=88
info|2022-04-14 12:59:58.862386|[g:1][CONSENSUS]addRawPrepare,height=311,reqIdx=1,hash=c794d7c9...,time=0
info|2022-04-14 12:59:58.863440|[g:1][CONSENSUS][PBFT]checkTimeout Succ,view=87,toView=88,nodeIdx=0,changeCycle=1,myNode=46b1155a...,timecost=0.978
info|2022-04-14 12:59:58.864138|[g:1][CONSENSUS][PBFT]checkAndChangeView: Reach consensus,org_view=87,cur_changeCycle=1,curView=87,view=88
info|2022-04-14 12:59:59.005545|[P2P][Service] heartBeat,connected count=3
info|2022-04-14 12:59:59.777340|[g:2][CONSENSUS][SEALER]++++++++++++++++ Generating seal on,blkNum=1,tx=0,nodeIdx=0,hash=ffe24e6c...
info|2022-04-14 12:59:59.779370|[g:2][CONSENSUS][PBFT]checkTimeout Succ,view=88,toView=89,nodeIdx=0,changeCycle=1,myNode=46b1155a...,timecost=1.518
info|2022-04-14 12:59:59.780310|[g:2][CONSENSUS][PBFT]checkAndChangeView: Reach consensus,org_view=88,cur_changeCycle=1,curView=88,view=89
info|2022-04-14 12:59:59.864940|[g:1][CONSENSUS]addRawPrepare,height=311,reqIdx=2,hash=9763118e...,time=0
info|2022-04-14 12:59:59.865143|[g:1][CONSENSUS][PBFT]checkTimeout Succ,view=88,toView=89,nodeIdx=0,changeCycle=1,myNode=46b1155a...,timecost=0.166
info|2022-04-14 12:59:59.866241|[g:1][CONSENSUS][PBFT]checkAndChangeView: Reach consensus,org_view=88,cur_changeCycle=1,curView=88,view=89
