2022-05-15 08:55:48.943 [main] INFO  Application() - Starting Application on falchion-virtual-machine with PID 6855 (/home/falchion/WeBASE/webase-deploy/webase-sign/apps/WeBASE-Sign.jar started by falchion in /home/falchion/WeBASE/webase-deploy/webase-sign)
2022-05-15 08:55:48.951 [main] INFO  Application() - No active profile set, falling back to default profiles: default
2022-05-15 08:55:49.031 [main] INFO  AnnotationConfigEmbeddedWebApplicationContext() - Refreshing org.springframework.boot.context.embedded.AnnotationConfigEmbeddedWebApplicationContext@48e1f6c7: startup date [Sun May 15 08:55:49 CST 2022]; root of context hierarchy
2022-05-15 08:55:49.442 [background-preinit] INFO  Version() - HV000001: Hibernate Validator 5.3.6.Final
2022-05-15 08:55:51.068 [main] INFO  TomcatEmbeddedServletContainer() - Tomcat initialized with port(s): 5044 (http)
2022-05-15 08:55:51.317 [localhost-startStop-1] INFO  ContextLoader() - Root WebApplicationContext: initialization completed in 2289 ms
2022-05-15 08:55:51.455 [localhost-startStop-1] INFO  ServletRegistrationBean() - Mapping servlet: 'dispatcherServlet' to [/]
2022-05-15 08:55:51.459 [localhost-startStop-1] INFO  FilterRegistrationBean() - Mapping filter: 'characterEncodingFilter' to: [/*]
2022-05-15 08:55:51.459 [localhost-startStop-1] INFO  FilterRegistrationBean() - Mapping filter: 'hiddenHttpMethodFilter' to: [/*]
2022-05-15 08:55:51.459 [localhost-startStop-1] INFO  FilterRegistrationBean() - Mapping filter: 'httpPutFormContentFilter' to: [/*]
2022-05-15 08:55:51.459 [localhost-startStop-1] INFO  FilterRegistrationBean() - Mapping filter: 'requestContextFilter' to: [/*]
2022-05-15 08:55:54.570 [main] INFO  RequestMappingHandlerMapping() - Mapped "{[/version],methods=[GET]}" onto public java.lang.String com.webank.webase.sign.api.controller.VersionController.getServerVersion()
2022-05-15 08:55:54.573 [main] INFO  RequestMappingHandlerMapping() - Mapped "{[/sign],methods=[POST]}" onto public com.webank.webase.sign.pojo.vo.BaseRspVo com.webank.webase.sign.api.controller.SignController.signStandard(com.webank.webase.sign.pojo.vo.ReqEncodeInfoVo,org.springframework.validation.BindingResult) throws com.webank.webase.sign.exception.BaseException
2022-05-15 08:55:54.577 [main] INFO  RequestMappingHandlerMapping() - Mapped "{[/user/newUser],methods=[GET]}" onto public com.webank.webase.sign.pojo.vo.BaseRspVo com.webank.webase.sign.api.controller.UserController.newUser(java.lang.String,java.lang.String,java.lang.Integer,boolean) throws com.webank.webase.sign.exception.BaseException
2022-05-15 08:55:54.578 [main] INFO  RequestMappingHandlerMapping() - Mapped "{[/user/all],methods=[DELETE]}" onto public com.webank.webase.sign.pojo.vo.BaseRspVo com.webank.webase.sign.api.controller.UserController.deleteAllUserCache()
2022-05-15 08:55:54.578 [main] INFO  RequestMappingHandlerMapping() - Mapped "{[/user/list/{appId}/{pageNumber}/{pageSize}],methods=[GET]}" onto public com.webank.webase.sign.pojo.vo.BaseRspVo com.webank.webase.sign.api.controller.UserController.getUserListByAppId(java.lang.String,java.lang.Integer,java.lang.Integer,boolean) throws com.webank.webase.sign.exception.BaseException
2022-05-15 08:55:54.578 [main] INFO  RequestMappingHandlerMapping() - Mapped "{[/user/all-credential],methods=[DELETE]}" onto public com.webank.webase.sign.pojo.vo.BaseRspVo com.webank.webase.sign.api.controller.UserController.deleteCredentialCache()
2022-05-15 08:55:54.579 [main] INFO  RequestMappingHandlerMapping() - Mapped "{[/user/newUser],methods=[POST]}" onto public com.webank.webase.sign.pojo.vo.BaseRspVo com.webank.webase.sign.api.controller.UserController.newUserByImportPrivateKey(com.webank.webase.sign.pojo.vo.ReqNewUserVo,org.springframework.validation.BindingResult) throws com.webank.webase.sign.exception.BaseException
2022-05-15 08:55:54.579 [main] INFO  RequestMappingHandlerMapping() - Mapped "{[/user],methods=[DELETE]}" onto public com.webank.webase.sign.pojo.vo.BaseRspVo com.webank.webase.sign.api.controller.UserController.deleteUser(com.webank.webase.sign.pojo.vo.ReqUserInfoVo) throws com.webank.webase.sign.exception.BaseException
2022-05-15 08:55:54.579 [main] INFO  RequestMappingHandlerMapping() - Mapped "{[/user/{signUserId}/userInfo],methods=[GET]}" onto public com.webank.webase.sign.pojo.vo.BaseRspVo com.webank.webase.sign.api.controller.UserController.getUserInfo(java.lang.String,boolean) throws com.webank.webase.sign.exception.BaseException
2022-05-15 08:55:54.582 [main] INFO  RequestMappingHandlerMapping() - Mapped "{[/swagger-resources/configuration/ui]}" onto public org.springframework.http.ResponseEntity<springfox.documentation.swagger.web.UiConfiguration> springfox.documentation.swagger.web.ApiResourceController.uiConfiguration()
2022-05-15 08:55:54.582 [main] INFO  RequestMappingHandlerMapping() - Mapped "{[/swagger-resources]}" onto public org.springframework.http.ResponseEntity<java.util.List<springfox.documentation.swagger.web.SwaggerResource>> springfox.documentation.swagger.web.ApiResourceController.swaggerResources()
2022-05-15 08:55:54.583 [main] INFO  RequestMappingHandlerMapping() - Mapped "{[/swagger-resources/configuration/security]}" onto public org.springframework.http.ResponseEntity<springfox.documentation.swagger.web.SecurityConfiguration> springfox.documentation.swagger.web.ApiResourceController.securityConfiguration()
2022-05-15 08:55:54.585 [main] INFO  RequestMappingHandlerMapping() - Mapped "{[/error],produces=[text/html]}" onto public org.springframework.web.servlet.ModelAndView org.springframework.boot.autoconfigure.web.BasicErrorController.errorHtml(javax.servlet.http.HttpServletRequest,javax.servlet.http.HttpServletResponse)
2022-05-15 08:55:54.585 [main] INFO  RequestMappingHandlerMapping() - Mapped "{[/error]}" onto public org.springframework.http.ResponseEntity<java.util.Map<java.lang.String, java.lang.Object>> org.springframework.boot.autoconfigure.web.BasicErrorController.error(javax.servlet.http.HttpServletRequest)
2022-05-15 08:55:54.957 [main] INFO  PropertySourcedRequestMappingHandlerMapping() - Mapped URL path [/v2/api-docs] onto method [public org.springframework.http.ResponseEntity<springfox.documentation.spring.web.json.Json> springfox.documentation.swagger2.web.Swagger2Controller.getDocumentation(java.lang.String,javax.servlet.http.HttpServletRequest)]
2022-05-15 08:55:55.202 [main] INFO  RequestMappingHandlerAdapter() - Looking for @ControllerAdvice: org.springframework.boot.context.embedded.AnnotationConfigEmbeddedWebApplicationContext@48e1f6c7: startup date [Sun May 15 08:55:49 CST 2022]; root of context hierarchy
2022-05-15 08:55:55.302 [main] INFO  SimpleUrlHandlerMapping() - Mapped URL path [/webjars/**] onto handler of type [class org.springframework.web.servlet.resource.ResourceHttpRequestHandler]
2022-05-15 08:55:55.302 [main] INFO  SimpleUrlHandlerMapping() - Mapped URL path [/**] onto handler of type [class org.springframework.web.servlet.resource.ResourceHttpRequestHandler]
2022-05-15 08:55:55.321 [main] INFO  ExceptionHandlerExceptionResolver() - Detected @ExceptionHandler methods in exceptionsHandler
2022-05-15 08:55:55.372 [main] INFO  SimpleUrlHandlerMapping() - Mapped URL path [/**/favicon.ico] onto handler of type [class org.springframework.web.servlet.resource.ResourceHttpRequestHandler]
2022-05-15 08:55:56.186 [main] INFO  AnnotationMBeanExporter() - Registering beans for JMX exposure on startup
2022-05-15 08:55:56.211 [main] INFO  DefaultLifecycleProcessor() - Starting beans in phase 2147483647
2022-05-15 08:55:56.211 [main] INFO  DocumentationPluginsBootstrapper() - Context refreshed
2022-05-15 08:55:56.283 [main] INFO  DocumentationPluginsBootstrapper() - Found 1 custom documentation plugin(s)
2022-05-15 08:55:56.377 [main] INFO  ApiListingReferenceScanner() - Scanning for api listing references
2022-05-15 08:55:56.922 [main] INFO  ScheduledAnnotationBeanPostProcessor() - No TaskScheduler/ScheduledExecutorService bean found for scheduled processing
2022-05-15 08:55:57.089 [main] INFO  TomcatEmbeddedServletContainer() - Tomcat started on port(s): 5044 (http)
2022-05-15 08:55:57.111 [main] INFO  Application() - Started Application in 8.709 seconds (JVM running for 10.415)
2022-05-15 08:55:57.111 [main] INFO  Application() - main run success...
2022-05-15 08:56:31.802 [http-nio-5044-exec-1] INFO  DispatcherServlet() - FrameworkServlet 'dispatcherServlet': initialization started
2022-05-15 08:56:31.921 [http-nio-5044-exec-1] INFO  DispatcherServlet() - FrameworkServlet 'dispatcherServlet': initialization completed in 119 ms
